2017-10-31 18:37:20,511 INFO  [i.deployment.InternalGameLauncher] [] [] [] : Parsed 359 internal flags at startup
2017-10-31 18:37:20,626 INFO  [i.deployment.InternalGameLauncher] [] [] [] : SpatialOS runtime version: 11-20171031T101302Z-7e7e1c1
2017-10-31 18:37:20,810 INFO  [i.c.c.f.FlagzFieldRegistryUpdater] [] [] [] : Initialized Fabric flagz registry with 11 set fields.
2017-10-31 18:37:21,917 INFO  [i.core.discovery.server.LocalServer] [] [] [] : Registered Service(improbable.fabric.internal.service.StatusDiscoveryInternalService) on 127.0.0.1:5301.
2017-10-31 18:37:21,918 INFO  [i.c.discovery.ServiceDiscoveryImpl] [] [] [] : Status discovery address: host: "127.0.0.1"
port: 5301

2017-10-31 18:37:21,920 INFO  [improbable.module.ModuleNode] [] [] [] : Starting Fabric node as master (IP: 127.0.0.1).
2017-10-31 18:37:21,923 INFO  [i.c.d.client.CheckpointDiscoveryImpl] [] [] [] : Reached a checkpoint: ALL_NODES_STARTED
2017-10-31 18:37:21,923 INFO  [improbable.module.ModuleNode] [] [] [] : Node master has started, waiting for other nodes to reach the same checkpoint.
2017-10-31 18:37:21,923 INFO  [improbable.module.ModuleNode] [] [] [] : All nodes have been started.
2017-10-31 18:37:21,931 INFO  [i.core.discovery.server.PublicServer] [] [] [] : Registered Service(improbable.platform.runtime.ModuleService) on 127.0.0.1:9000.
2017-10-31 18:37:21,944 INFO  [i.core.discovery.server.PublicServer] [] [] [] : Registered Service(improbable.platform.runtime.HealthCheckService) on 127.0.0.1:9001.
2017-10-31 18:37:21,952 INFO  [i.core.discovery.server.LocalServer] [] [] [] : Registered Service(improbable.fabric.internal.service.PerfInternalService) on 127.0.0.1:9002.
2017-10-31 18:37:21,959 INFO  [i.core.discovery.server.LocalServer] [] [] [] : Registered Service(improbable.fabric.internal.service.ContentionInternalService) on 127.0.0.1:9003.
2017-10-31 18:37:21,972 INFO  [i.core.discovery.server.PublicServer] [] [] [] : Registered Service(improbable.platform.runtime.FeatureService) on 127.0.0.1:9004.
2017-10-31 18:37:21,990 INFO  [i.c.config.flagz.WorkerFlagzUpdater] [] [] [] : UnityWorker worker flag 'max_npc_wizards' updated to value '50'.
2017-10-31 18:37:21,996 INFO  [i.c.config.flagz.WorkerFlagzUpdater] [] [] [] : Initialized worker flagz registry with 1 set fields.
2017-10-31 18:37:22,003 INFO  [improbable.module.ModuleNode] [] [] [] : Using master node configuration loader.
2017-10-31 18:37:22,012 INFO  [i.core.discovery.server.LocalServer] [] [] [] : Registered Service(improbable.fabric.internal.service.NodeConfigurationInternalService) on 127.0.0.1:9005.
2017-10-31 18:37:22,024 INFO  [i.c.c.n.MasterNodeConfigurationLoader] [] [] [] : Using roles [MASTER, GSIM, BRIDGE, WORKER_RUNNER, INSPECTION] for node node_id {
  deployment_id {
    project_id {
      name: "your_project_name_here"
    }
    name: "local"
  }
  name: "master"
}
private_ip: "127.0.0.1"
roles: MASTER
roles: GSIM
roles: BRIDGE
roles: WORKER_RUNNER
roles: INSPECTION

2017-10-31 18:37:22,035 INFO  [improbable.core.config.node.GsimGrid] [] [] [] : Created gsim grid configuration of size (1500, 1500) with 1 columns and 1 rows, using gsims of (30, 30) chunks.
2017-10-31 18:37:22,043 INFO  [i.c.c.n.MasterNodeConfigurationLoader] [] [] [] : Original deployment module configuration (before parsing): {deployment_id {
  project_id {
    name: "your_project_name_here"
  }
  name: "local"
}
name: "master"
=[ProfilingModule, BridgeModuleOracleModule, BridgeOracleModule, PersistenceModule, ReceptionistModule, RouterModule, GSimModule, BridgeModule, EngineStartupModule, InspectionRestModule]}
2017-10-31 18:37:22,052 INFO  [i.c.c.n.MasterNodeConfigurationLoader] [] [] [] : Master successfully loaded configurations for 1 node(s).
2017-10-31 18:37:22,055 INFO  [improbable.module.ModuleNode] [] [] [] : Loaded node configuration: node_id {
  deployment_id {
    project_id {
      name: "your_project_name_here"
    }
    name: "local"
  }
  name: "master"
}
gsim_configurations {
  extent {
    bottom_left {
      x_in_chunks: -15
      z_in_chunks: -15
    }
    top_right {
      x_in_chunks: 15
      z_in_chunks: 15
    }
  }
}
start_router: true
start_bridge_oracle: true
start_bridge_module_oracle: true
start_engine_startup_module: true
start_receptionist_service: true
start_inspection_rest_module: true
start_snapshot_service: true
start_profiling_module: true
bridge_modules: "BridgeModule"
gsim_modules: "GSimModule"

2017-10-31 18:37:22,055 INFO  [improbable.module.ModuleNode] [] [] [] : Using master world extents provider.
2017-10-31 18:37:22,067 INFO  [i.core.discovery.server.LocalServer] [] [] [] : Registered Service(improbable.fabric.internal.service.WorldExtentsInternalService) on 127.0.0.1:9006.
2017-10-31 18:37:22,067 INFO  [i.c.world.MasterWorldExtentsProvider] [] [] [] : Successfully initialized world extents with 1 rectangle(s).
2017-10-31 18:37:22,069 INFO  [improbable.module.ModuleNode] [] [] [] : Loaded world extents: WorldExtents{proto=rectangles {
  bottom_left {
    x: -750.0
    z: -750.0
  }
  top_right {
    x: 750.0
    z: 750.0
  }
  is_fully_simulated: true
  responsible_gsim_id {
  }
}
bounding_rectangle {
  bottom_left {
    x: -750.0
    z: -750.0
  }
  top_right {
    x: 750.0
    z: 750.0
  }
  is_fully_simulated: true
}
}
2017-10-31 18:37:22,165 INFO  [i.e.schema.ParsedFileDescriptorSet] [] [] [] : Parsed file descriptors of 28 proto files.
2017-10-31 18:37:22,191 INFO  [i.entity.schema.SchemaFactory] [] [] [] : Found components: [improbable.building.NPCSpawner, improbable.core.TransformComponent, improbable.core.ClientAuthorityCheck, improbable.EntityAcl, improbable.Metadata, improbable.Position, improbable.Persistence, improbable.core.Inventory, improbable.npc.NPCLumberjack, improbable.building.StockpileDepository, improbable.npc.TargetNavigation, improbable.core.ConnectionHeartbeat, improbable.core.UnityWorkerAuthorityCheck, improbable.global.PlayerSpawning, improbable.player.PlayerControls, improbable.building.BarracksInfo, improbable.fire.Flammable, improbable.player.PlayerInfo, improbable.building.HQInfo, improbable.life.Health, improbable.abilities.Spells, improbable.team.TeamAssignment, improbable.npc.NPCWizard, improbable.tree.Harvestable, improbable.tree.TreeState]
2017-10-31 18:37:22,197 INFO  [i.entity.schema.SchemaFactory] [] [] [] : Found components: [improbable.npc.TargetNavigation, improbable.tree.Harvestable, improbable.npc.NPCWizard, improbable.EntityAcl, improbable.Metadata, improbable.Position, improbable.Persistence, improbable.core.ConnectionHeartbeat, improbable.building.StockpileDepository, improbable.building.HQInfo, improbable.core.TransformComponent, improbable.core.UnityWorkerAuthorityCheck, improbable.core.Inventory, improbable.fire.Flammable, improbable.global.PlayerSpawning, improbable.building.NPCSpawner, improbable.npc.NPCLumberjack, improbable.player.PlayerInfo, improbable.building.BarracksInfo, improbable.player.PlayerControls, improbable.team.TeamAssignment, improbable.abilities.Spells, improbable.life.Health, improbable.internal.EntityAuthority, improbable.core.ClientAuthorityCheck, improbable.tree.TreeState]
2017-10-31 18:37:22,198 INFO  [improbable.module.ModuleNode] [] [] [] : Successfully loaded schema for entities
2017-10-31 18:37:22,198 INFO  [improbable.module.ModuleNode] [] [] [] : Validating snapshot at startup and determining max entity id
2017-10-31 18:37:22,201 INFO  [i.p.s.storage.LegacySnapshotStorage] [] [] [] : Requesting download URL for Snapshot(local@latest) matching []
2017-10-31 18:37:22,212 INFO  [i.p.s.storage.LegacySnapshotStorage] [] [] [] : Downloading snapshot from http://127.0.0.1:21000/snapshots/20171031183715000
2017-10-31 18:37:22,250 INFO  [improbable.module.ModuleNode] [] [] [] : Determined the first entity id for the id assigner as 2
2017-10-31 18:37:22,259 INFO  [i.core.discovery.server.LocalServer] [] [] [] : Registered Service(improbable.fabric.internal.service.EntityIdInternalService) on 127.0.0.1:9007.
2017-10-31 18:37:22,276 INFO  [i.core.discovery.server.LocalServer] [] [] [] : Registered Service(improbable.fabric.internal.service.WorkerPrestartRegistryInternalService) on 127.0.0.1:9008.
2017-10-31 18:37:22,285 INFO  [i.core.discovery.server.LocalServer] [] [] [] : Registered Service(improbable.fabric.internal.service.RouterLookupInternalService) on 127.0.0.1:9009.
2017-10-31 18:37:22,286 INFO  [i.module.router.ActorSystemFactory$] [] [] [] : Attempting to create ActorSystem akkaFabric with configRecord akkaFabric
2017-10-31 18:37:22,478 INFO  [akka.event.slf4j.Slf4jLogger] [] [] [] : Slf4jLogger started
2017-10-31 18:37:22,879 INFO  [i.c.d.g.GlobalCheckpointDiscoveryImpl] [] [] [] : Global checkpoint discovery refreshed checkpoints.
2017-10-31 18:37:22,879 INFO  [i.c.d.g.GlobalServiceDiscoveryImpl] [] [] [] : Global service discovery refreshed 11 server(s) (previously: 0)
2017-10-31 18:37:23,355 INFO  [i.l.params.LoadbalancerParamsFactory] [] [] [] : Parsed 1 worker loadbalancing configuration(s)
2017-10-31 18:37:23,357 INFO  [i.l.params.LoadbalancerParamsFactory] [] [] [] : Successfully loaded loadbalancing configurations: {UnityWorker=improbable.loadbalancing.params.DynamicLoadbalancerParams@118f52a0}
2017-10-31 18:37:23,424 INFO  [i.w.a.WorkerAssemblyProviderFactory] [] [] [] : Loaded worker assemblies for these workers types: UnityWorker, UnityClient.
2017-10-31 18:37:23,425 INFO  [improbable.module.ModuleNode] [] [] [] : Loaded worker assemblies: [worker_assembly_id {
  assembly_id {
    project_id {
      name: "your_project_name_here"
    }
    name: "local_assembly"
  }
  name {
    name: "UnityWorker"
  }
}
worker_launch_configuration {
  platform: WINDOWS
  worker_zip {
    command: "UnityWorker@Windows.exe"
    argument: "+projectName"
    argument: "${IMPROBABLE_PROJECT_NAME}"
    argument: "+receptionistIp"
    argument: "${IMPROBABLE_RECEPTIONIST_HOST}"
    argument: "+receptionistPort"
    argument: "${IMPROBABLE_RECEPTIONIST_PORT}"
    argument: "+workerType"
    argument: "${IMPROBABLE_WORKER_NAME}"
    argument: "+workerId"
    argument: "${IMPROBABLE_WORKER_ID}"
    argument: "+useInternalIpForBridge"
    argument: "true"
    argument: "+infraServicesUrl"
    argument: "${IMPROBABLE_API_URL}"
    argument: "+assemblyName"
    argument: "${IMPROBABLE_ASSEMBLY_NAME}"
    argument: "+linkProtocol"
    argument: "RakNet"
    argument: "-logfile"
    argument: "${IMPROBABLE_LOG_FILE}"
    argument: "-batchmode"
    argument: "-nographics"
    worker_location {
      filename: "UnityWorker@Windows.zip"
    }
  }
}
worker_launch_configuration {
  platform: MACOS
  worker_zip {
    command: "UnityWorker@Mac.app/Contents/MacOS/UnityWorker@Mac"
    argument: "+projectName"
    argument: "${IMPROBABLE_PROJECT_NAME}"
    argument: "+receptionistIp"
    argument: "${IMPROBABLE_RECEPTIONIST_HOST}"
    argument: "+receptionistPort"
    argument: "${IMPROBABLE_RECEPTIONIST_PORT}"
    argument: "+workerType"
    argument: "${IMPROBABLE_WORKER_NAME}"
    argument: "+workerId"
    argument: "${IMPROBABLE_WORKER_ID}"
    argument: "+useInternalIpForBridge"
    argument: "true"
    argument: "+infraServicesUrl"
    argument: "${IMPROBABLE_API_URL}"
    argument: "+assemblyName"
    argument: "${IMPROBABLE_ASSEMBLY_NAME}"
    argument: "+linkProtocol"
    argument: "RakNet"
    argument: "-logfile"
    argument: "${IMPROBABLE_LOG_FILE}"
    argument: "-batchmode"
    argument: "-nographics"
    worker_location {
      filename: "UnityWorker@Mac.zip"
    }
  }
}
worker_launch_configuration {
  platform: LINUX
  worker_zip {
    command: "UnityWorker@Linux"
    argument: "+projectName"
    argument: "${IMPROBABLE_PROJECT_NAME}"
    argument: "+receptionistIp"
    argument: "${IMPROBABLE_RECEPTIONIST_HOST}"
    argument: "+receptionistPort"
    argument: "${IMPROBABLE_RECEPTIONIST_PORT}"
    argument: "+workerType"
    argument: "${IMPROBABLE_WORKER_NAME}"
    argument: "+workerId"
    argument: "${IMPROBABLE_WORKER_ID}"
    argument: "+useInternalIpForBridge"
    argument: "true"
    argument: "+infraServicesUrl"
    argument: "${IMPROBABLE_API_URL}"
    argument: "+assemblyName"
    argument: "${IMPROBABLE_ASSEMBLY_NAME}"
    argument: "+linkProtocol"
    argument: "RakNet"
    argument: "-logfile"
    argument: "${IMPROBABLE_LOG_FILE}"
    argument: "-batchmode"
    argument: "-nographics"
    worker_location {
      filename: "UnityWorker@Linux.zip"
    }
  }
}
bridge_configuration {
  worker_attribute_set {
    attribute {
      name: "physics"
    }
  }
  entity_interest {
    range_entity_interest {
      radius: 2.0
    }
  }
  component_delivery {
    checkout_all_initially: true
  }
}
, worker_assembly_id {
  assembly_id {
    project_id {
      name: "your_project_name_here"
    }
    name: "local_assembly"
  }
  name {
    name: "UnityClient"
  }
}
bridge_configuration {
  worker_attribute_set {
    attribute {
      name: "visual"
    }
  }
  entity_interest {
    range_entity_interest {
      radius: 3.0
    }
  }
  streaming_query {
    global_component_streaming_query {
      component_name: "improbable.building.HQInfo"
    }
  }
  component_delivery {
    checkout_all_initially: true
  }
}
]
2017-10-31 18:37:23,428 INFO  [i.w.assembly.WorkerAssemblyProvider] [] [] [] : Worker configuration for 'UnityClient' does not contain a launch configuration for the current platform 'WINDOWS', so Fabric will not start any managed workers of this type
2017-10-31 18:37:23,428 INFO  [i.w.assembly.WorkerAssemblyProvider] [] [] [] : The following worker configurations do not contain valid managed launch configurations for the current platform WINDOWS, and the runtime will be unable to launch managed workers of this type: [UnityClient]. This is expected for worker types you intend to only connect manually.
2017-10-31 18:37:23,430 INFO  [i.w.permissions.PermissionsFactory] [] [] [] : Created permissions manager with permissions: {UnityWorker=Permissions{{/sys/CreateEntity=, /sys/DeleteEntity=, /sys/EntityQuery={"component":["*"]}}}, UnityClient=Permissions{{/sys/EntityQuery={"component":[]}}}}
2017-10-31 18:37:24,973 INFO  [improbable.module.ModuleNode] [] [] [] : Starting router on master
2017-10-31 18:37:24,979 INFO  [i.core.discovery.server.LocalServer] [] [] [] : Registered Service(improbable.fabric.internal.service.RouterInternalService) on 127.0.0.1:9010.
2017-10-31 18:37:24,979 INFO  [i.c.m.r.RouterInternalServiceImpl] [] [] [] : Attempting to register RouterInternalServiceImpl with RouterLookupInternalService.
2017-10-31 18:37:24,985 INFO  [i.c.m.r.l.RouterLookupInternalServiceImpl] [] [] [] : 1/1 router modules started
2017-10-31 18:37:24,986 INFO  [i.c.m.r.RouterInternalServiceImpl] [] [] [] : Registered RouterInternalServiceImpl with RouterLookupInternalService.
2017-10-31 18:37:24,986 INFO  [improbable.module.ModuleNode] [] [] [] : Attempting to get addresses of all RouterModules from master node
2017-10-31 18:37:24,996 INFO  [improbable.module.ModuleNode] [] [] [] : Got all RouterModules from master node
2017-10-31 18:37:25,007 INFO  [i.core.discovery.server.LocalServer] [] [] [] : Registered Service(improbable.fabric.internal.service.RemoteMessageInternalService) on 127.0.0.1:9011.
2017-10-31 18:37:25,017 INFO  [i.core.discovery.server.LocalServer] [] [] [] : Registered Service(improbable.fabric.internal.service.LocalBrokerInternalService) on 127.0.0.1:9012.
2017-10-31 18:37:25,019 INFO  [improbable.module.ModuleNode] [] [] [] : Waiting for all router modules in the deployment to have started
2017-10-31 18:37:25,022 INFO  [improbable.module.ModuleNode] [] [] [] : All router modules in the deployment started
2017-10-31 18:37:25,082 INFO  [org.eclipse.jetty.server.Server] [] [] [] : jetty-8.y.z-SNAPSHOT
2017-10-31 18:37:25,104 INFO  [o.e.jetty.server.AbstractConnector] [] [] [] : Started SelectChannelConnector@0.0.0.0:5006
2017-10-31 18:37:25,104 INFO  [improbable.http.ServletContainer$] [] [] [] : Servlet container started
2017-10-31 18:37:25,105 INFO  [improbable.module.ModuleNode] [] [] [] : Starting BridgeOracle on master
2017-10-31 18:37:25,109 INFO  [improbable.module.ModuleNode] [] [] [] : Waiting for the BridgeOracle to have started
2017-10-31 18:37:25,249 INFO  [i.core.discovery.server.LocalServer] [] [] [] : Registered Service(improbable.fabric.internal.service.BridgeOracleInternalService) on 127.0.0.1:9013.
2017-10-31 18:37:25,858 INFO  [i.c.d.g.GlobalServiceDiscoveryImpl] [] [] [] : Global service discovery refreshed 15 server(s) (previously: 11)
2017-10-31 18:37:25,867 INFO  [improbable.module.ModuleNode] [] [] [] : Received BridgeOracle started
2017-10-31 18:37:25,874 INFO  [i.core.discovery.server.LocalServer] [] [] [] : Registered Service(improbable.fabric.internal.service.GlobalBrokerInternalService) on 127.0.0.1:9014.
2017-10-31 18:37:25,875 INFO  [improbable.module.ModuleNode] [] [] [] : Waiting for the BridgeModuleOracle to have started
2017-10-31 18:37:25,877 INFO  [i.c.a.e.ExtensibleActorReporter] [] [] [] : Started BridgeModuleOracleActor(Actor[akka://akkaFabric/user/BridgeModuleOracleModule#-1905155355]).
2017-10-31 18:37:25,888 INFO  [i.core.discovery.server.LocalServer] [] [] [] : Registered Service(improbable.fabric.internal.service.BridgeServiceOracleInternalService) on 127.0.0.1:9015.
2017-10-31 18:37:26,861 INFO  [i.c.d.g.GlobalServiceDiscoveryImpl] [] [] [] : Global service discovery refreshed 17 server(s) (previously: 15)
2017-10-31 18:37:26,861 INFO  [improbable.module.ModuleNode] [] [] [] : Received BridgeModuleOracle started
2017-10-31 18:37:26,864 INFO  [improbable.module.ModuleNode] [] [] [] : Starting gsim GSimModule
2017-10-31 18:37:26,867 INFO  [improbable.module.ModuleNode] [] [] [] : Waiting for 1 entity query service(s) to start.
2017-10-31 18:37:26,893 INFO  [i.core.discovery.server.PublicServer] [] [] [] : Registered Service(improbable.fabric.internal.service.ScalingStatsInternalService) on 127.0.0.1:9016.
2017-10-31 18:37:26,895 INFO  [i.p.gsim.GSimPersistenceWriter] [] [] [] : Transitioning GSimPersistenceActor(0) from State [Idle] to [Idle].  Time Elapsed: 0 milliseconds
2017-10-31 18:37:26,909 INFO  [i.core.discovery.server.LocalServer] [] [] [] : Registered Service(improbable.fabric.internal.service.EntityQueryInternalService) on 127.0.0.1:9017.
2017-10-31 18:37:27,262 INFO  [i.bridge.oracle.scaling.WorkerScaler] [] [] [] : Skipping reconciliation because no WorkerRunner service is available. This message is expected at startup but should not persist through the deployment
2017-10-31 18:37:27,865 INFO  [i.c.d.g.GlobalServiceDiscoveryImpl] [] [] [] : Global service discovery refreshed 19 server(s) (previously: 17)
2017-10-31 18:37:27,865 INFO  [improbable.module.ModuleNode] [] [] [] : All 1 entity query service(s) have started.
2017-10-31 18:37:27,865 INFO  [improbable.module.ModuleNode] [] [] [] : Creating entity query client.
2017-10-31 18:37:27,883 INFO  [improbable.module.ModuleNode] [] [] [] : Entity query client created with directory: EntityQueryServiceDirectory{allServices=[EntityQueryInternalServiceInfo{address=host: "127.0.0.1"
port: 9017
, extent=Rectangle{minX=-750.0, minZ=-750.0, maxX=750.0, maxZ=750.0}, isLocal=true}], localServices=[EntityQueryInternalServiceInfo{address=host: "127.0.0.1"
port: 9017
, extent=Rectangle{minX=-750.0, minZ=-750.0, maxX=750.0, maxZ=750.0}, isLocal=true}], remoteServices=[]}
2017-10-31 18:37:27,890 INFO  [improbable.module.ModuleNode] [] [] [] : Waiting for 1 bridge service(s) to start.
2017-10-31 18:37:27,908 INFO  [i.c.a.e.ExtensibleActorReporter] [] [] [] : Started BridgeModuleActor(Actor[akka://akkaFabric/user/BridgeModule:8616e284-e27d-4bc8-94db-72cd10c2e8c2#-1914511228]).
2017-10-31 18:37:27,926 INFO  [i.core.discovery.server.LocalServer] [] [] [] : Registered Service(improbable.fabric.internal.service.BridgeInternalService) on 127.0.0.1:9018.
2017-10-31 18:37:27,927 INFO  [i.module.bridge.BridgeModuleActor] [] [] [] : Waiting for BridgeModuleOracle service to be available
2017-10-31 18:37:27,942 INFO  [i.module.bridge.BridgeModuleActor] [] [] [] : Registered(BridgeModuleEndpoint(8616e284-e27d-4bc8-94db-72cd10c2e8c2)) on BridgeModuleOracleService
2017-10-31 18:37:28,864 INFO  [i.c.d.g.GlobalServiceDiscoveryImpl] [] [] [] : Global service discovery refreshed 20 server(s) (previously: 19)
2017-10-31 18:37:28,864 INFO  [improbable.module.ModuleNode] [] [] [] : All 1 bridge service(s) have started.
2017-10-31 18:37:28,864 INFO  [improbable.module.ModuleNode] [] [] [] : Starting WorkerRunner service (EngineStartupModule)
2017-10-31 18:37:28,875 INFO  [improbable.worker.exec.WorkerStats] [] [] [] : Cannot read /proc/self/stat; worker stats reporting will not work.
2017-10-31 18:37:28,893 INFO  [i.core.discovery.server.PublicServer] [] [] [] : Registered Service(improbable.platform.inner.worker.WorkerRunner) on 127.0.0.1:9019.
2017-10-31 18:37:28,907 INFO  [i.core.discovery.server.LocalServer] [] [] [] : Registered Service(improbable.fabric.internal.service.ReceptionistInternalService) on 127.0.0.1:9020.
2017-10-31 18:37:28,915 INFO  [i.core.discovery.server.PublicServer] [] [] [] : Registered Service(improbable.platform.runtime.ReceptionistService) on 127.0.0.1:7777.
2017-10-31 18:37:28,915 INFO  [improbable.module.ModuleNode] [] [] [] : Starting InspectionRestModule
2017-10-31 18:37:28,916 INFO  [improbable.module.ModuleNode] [] [] [] : Starting ProfilingModule
2017-10-31 18:37:28,918 INFO  [i.c.d.client.CheckpointDiscoveryImpl] [] [] [] : Reached a checkpoint: ALL_MODULES_STARTED
2017-10-31 18:37:28,918 INFO  [improbable.module.ModuleNode] [] [] [] : All modules on this node started, waiting for other nodes to reach the same checkpoint.
2017-10-31 18:37:28,925 INFO  [i.c.a.e.ExtensibleActorReporter] [] [] [] : Started ProfilingModuleActor(Actor[akka://akkaFabric/user/ProfilingModule#1179209514]).
2017-10-31 18:37:28,930 INFO  [i.core.discovery.server.LocalServer] [] [] [] : Registered Service(improbable.fabric.internal.debug.HeatmapCellCacheInternalService) on 127.0.0.1:9021.
2017-10-31 18:37:28,973 INFO  [i.core.discovery.server.PublicServer] [] [] [] : Registered Service(improbable.platform.runtime.InspectionService) on 127.0.0.1:9022.
2017-10-31 18:37:29,013 INFO  [i.c.a.e.ExtensibleActorReporter] [] [] [] : Started InspectionRestModuleActor(Actor[akka://akkaFabric/user/InspectionRestModule#-1951372535]).
2017-10-31 18:37:29,236 INFO  [i.bridge.oracle.scaling.WorkerScaler] [] [] [] : Skipping reconciliation because no WorkerRunner service is available. This message is expected at startup but should not persist through the deployment
2017-10-31 18:37:29,299 INFO  [spray.can.server.HttpListener] [akka://akkaFabric/user/IO-HTTP/listener-0] [akkaFabric-akka.actor.default-dispatcher-30] [] : Bound to /0.0.0.0:5005
2017-10-31 18:37:29,864 INFO  [i.c.d.g.GlobalCheckpointDiscoveryImpl] [] [] [] : Global checkpoint discovery refreshed checkpoints.
2017-10-31 18:37:29,864 INFO  [improbable.module.ModuleNode] [] [] [] : All modules on all nodes have been started.
2017-10-31 18:37:29,864 INFO  [i.c.d.g.GlobalServiceDiscoveryImpl] [] [] [] : Global service discovery refreshed 25 server(s) (previously: 20)
2017-10-31 18:37:29,864 INFO  [improbable.module.ModuleNode] [] [] [] : Loading a snapshot.
2017-10-31 18:37:29,884 INFO  [i.p.g.GSimPersistenceLoadOrchestrator] [] [] [] : Loading snapshot on GSim(0).
2017-10-31 18:37:29,885 INFO  [i.p.s.storage.LegacySnapshotStorage] [] [] [] : Requesting download URL for Snapshot(local@latest) matching []
2017-10-31 18:37:29,893 INFO  [i.p.s.storage.LegacySnapshotStorage] [] [] [] : Downloading snapshot from http://127.0.0.1:21000/snapshots/20171031183715000
2017-10-31 18:37:29,896 INFO  [i.p.gsim.GSimPersistenceLoader] [] [] [] : Loading snapshot
2017-10-31 18:37:29,903 INFO  [i.p.g.GSimPersistenceLoadOrchestrator] [] [] [] : Loaded 1 entities on GSim(0).
2017-10-31 18:37:29,905 INFO  [i.p.c.PersistenceLoaderCoordinatorActor] [] [] [] : All Snapshots loaded.
2017-10-31 18:37:29,906 INFO  [improbable.module.ModuleNode] [] [] [] : Snapshot has been loaded.
2017-10-31 18:37:29,906 INFO  [improbable.module.ModuleNode] [] [] [] : Starting SnapshotService.
2017-10-31 18:37:29,916 INFO  [i.core.discovery.server.PublicServer] [] [] [] : Registered Service(improbable.platform.runtime.SnapshotService) on 127.0.0.1:9023.
2017-10-31 18:37:29,917 INFO  [i.c.d.client.CheckpointDiscoveryImpl] [] [] [] : Reached a checkpoint: LOAD_SNAPSHOT_FINISHED
2017-10-31 18:37:29,918 INFO  [improbable.module.ModuleNode] [] [] [] : SpatialOS runtime startup complete.
2017-10-31 18:37:29,961 INFO  [i.l.params.LoadbalancerParamsFactory] [] [] [] : LoadbalancerParams for worker type [UnityWorker]: [DynamicLoadbalancerParams{energyLimitingEnabled=true, energyLimit=1.0E9, minWorkerRange=500.0, maxWorkerRange=1000.0, maxWorkerStepSize=200.0, workerExpansionTimeMs=60000, workerGridSize=0, loadbalancerEnabled=true, hexGridMode=OFF, scalerAdvisorType=CONSTANT, maxWorkers=2, initialWorkers=2, numEntitiesPerWorker=0, statusReportPeriodMs=2000, pointsOfInterestEnabled=false, hexGridSolution=Empty, pointsOfInterestSolution=Empty}]
2017-10-31 18:37:30,864 INFO  [i.c.d.g.GlobalCheckpointDiscoveryImpl] [] [] [] : Global checkpoint discovery refreshed checkpoints.
2017-10-31 18:37:30,864 INFO  [i.c.d.g.GlobalServiceDiscoveryImpl] [] [] [] : Global service discovery refreshed 26 server(s) (previously: 25)
2017-10-31 18:37:31,788 INFO  [i.b.o.m.BridgeOracleWorkerManager] [] [] [] : Trying to start managed worker UnityWorker0
2017-10-31 18:37:31,807 INFO  [i.worker.exec.WorkerStartupExecutor] [] [] [] : Awaiting internal receptionist service to register with service discovery
2017-10-31 18:37:31,809 INFO  [i.worker.exec.WorkerStartupExecutor] [] [] [] : Successfully found the internal receptionist service in service discovery
2017-10-31 18:37:31,809 INFO  [i.b.o.m.BridgeOracleWorkerManager] [] [] [] : Trying to start managed worker UnityWorker1
2017-10-31 18:37:31,811 INFO  [i.bridge.oracle.scaling.WorkerScaler] [] [] [] : Starting 2 new managed workers for attribute_set {
  attribute: "physics"
}
 (required: 2, existing: 0)
2017-10-31 18:37:31,812 INFO  [i.worker.exec.WorkerStartupExecutor] [] [] [] : Awaiting internal receptionist service to register with service discovery
2017-10-31 18:37:31,812 INFO  [i.worker.exec.WorkerStartupExecutor] [] [] [] : Successfully found the internal receptionist service in service discovery
2017-10-31 18:37:31,814 INFO  [i.worker.exec.WorkerStartupExecutor] [] [] [] : Awaiting public receptionist service to register with service discovery
2017-10-31 18:37:31,815 INFO  [i.worker.exec.WorkerStartupExecutor] [] [] [] : Awaiting public receptionist service to register with service discovery
2017-10-31 18:37:31,815 INFO  [i.worker.exec.WorkerStartupExecutor] [] [] [] : Successfully found the public receptionist service in service discovery
2017-10-31 18:37:31,815 INFO  [i.worker.exec.WorkerStartupExecutor] [] [] [] : Successfully found the public receptionist service in service discovery
2017-10-31 18:37:32,577 INFO  [i.worker.exec.WorkerStartupExecutor] [] [] [] : Created log file for worker UnityWorker0, type (UnityWorker): [C:\Work\Unity\more-wizards\logs\2017-10-31_18-37-16_0\workers\UnityWorker\UnityWorker0-5581581471607330648.log]
2017-10-31 18:37:32,578 INFO  [i.worker.exec.CommandLineExecutor] [] [] [] : Running command: C:\Users\maest\AppData\Local\Temp\zip-downloader8189363438141254834\f7c9bd5fc0f1aa40f9ef84d336172f81\UnityWorker@Windows.exe +projectName your_project_name_here +receptionistIp 127.0.0.1 +receptionistPort 7777 +workerType UnityWorker +workerId UnityWorker0 +useInternalIpForBridge true +infraServicesUrl http://127.0.0.1:21000 +assemblyName local_assembly +linkProtocol RakNet -logfile C:\Work\Unity\more-wizards\logs\2017-10-31_18-37-16_0\workers\UnityWorker\UnityWorker0-5581581471607330648.log -batchmode -nographics
2017-10-31 18:37:32,583 INFO  [i.worker.exec.WorkerStartupExecutor] [] [] [] : Created log file for worker UnityWorker1, type (UnityWorker): [C:\Work\Unity\more-wizards\logs\2017-10-31_18-37-16_0\workers\UnityWorker\UnityWorker1-8743883966232867016.log]
2017-10-31 18:37:32,583 INFO  [i.worker.exec.CommandLineExecutor] [] [] [] : Running command: C:\Users\maest\AppData\Local\Temp\zip-downloader8189363438141254834\f7c9bd5fc0f1aa40f9ef84d336172f81\UnityWorker@Windows.exe +projectName your_project_name_here +receptionistIp 127.0.0.1 +receptionistPort 7777 +workerType UnityWorker +workerId UnityWorker1 +useInternalIpForBridge true +infraServicesUrl http://127.0.0.1:21000 +assemblyName local_assembly +linkProtocol RakNet -logfile C:\Work\Unity\more-wizards\logs\2017-10-31_18-37-16_0\workers\UnityWorker\UnityWorker1-8743883966232867016.log -batchmode -nographics
2017-10-31 18:37:33,856 INFO  [i.b.s.BridgeServicePicker] [] [] [] : Attempting to get positionHint for UnityWorker0 via rpc
2017-10-31 18:37:33,864 INFO  [i.b.s.BridgeServicePicker] [] [] [] : Selected legacy_guid: "8616e284-e27d-4bc8-94db-72cd10c2e8c2"
address {
  host: "127.0.0.1"
  port: 9018
}
 with position  which is the nearest bridge service to position (-8.416399178695201, 0.0, -266.3103912226375)
2017-10-31 18:37:33,870 INFO  [i.m.b.o.m.BridgeModuleOracleActor] [] [] [] : BridgeServicePicker returned module Optional[legacy_guid: "8616e284-e27d-4bc8-94db-72cd10c2e8c2"
address {
  host: "127.0.0.1"
  port: 9018
}
] with load Optional[BridgeModuleLoadBalanceInfo((0.0, 0.0, 0.0),0)].get().toString() for Engine(UnityWorker0)
2017-10-31 18:37:33,871 INFO  [i.b.s.BridgeServicePicker] [] [] [] : Attempting to get positionHint for UnityWorker1 via rpc
2017-10-31 18:37:33,873 INFO  [i.b.s.BridgeServicePicker] [] [] [] : Selected legacy_guid: "8616e284-e27d-4bc8-94db-72cd10c2e8c2"
address {
  host: "127.0.0.1"
  port: 9018
}
 with position  which is the nearest bridge service to position (497.66022181184303, 0.0, -721.515127200924)
2017-10-31 18:37:33,873 INFO  [i.m.b.o.m.BridgeModuleOracleActor] [] [] [] : BridgeServicePicker returned module Optional[legacy_guid: "8616e284-e27d-4bc8-94db-72cd10c2e8c2"
address {
  host: "127.0.0.1"
  port: 9018
}
] with load Optional[BridgeModuleLoadBalanceInfo((0.0, 0.0, 0.0),0)].get().toString() for Engine(UnityWorker1)
2017-10-31 18:37:34,009 INFO  [i.b.i.BridgeInternalServiceImpl] [] [] [] : Bridge worker_id: "UnityWorker0"
 registered with bridge internal service
2017-10-31 18:37:34,009 INFO  [i.b.i.BridgeInternalServiceImpl] [] [] [] : Bridge worker_id: "UnityWorker1"
 registered with bridge internal service
2017-10-31 18:37:34,014 INFO  [i.b.o.s.BridgeOracleInternalServiceImpl] [] [] [] : Got bridge started rpc from bridge: worker_id: "UnityWorker0"

2017-10-31 18:37:34,015 INFO  [i.b.o.s.BridgeOracleInternalServiceImpl] [] [] [] : The worker UnityWorker0 registered with SpatialOS successfully.
2017-10-31 18:37:34,015 INFO  [i.module.bridge.oracle.BridgeOracle] [] [] [] : Sending bridge started to self for bridge endpoint BridgeOracleEndpoint
2017-10-31 18:37:34,017 INFO  [i.module.bridge.oracle.BridgeOracle] [] [] [] : Bridge(UnityWorker0) started.
2017-10-31 18:37:34,020 INFO  [i.b.o.m.BridgeOracleWorkerManager] [] [] [] : Worker UnityWorker0 registered with the BridgeOracleWorker manager
2017-10-31 18:37:34,024 INFO  [i.b.o.s.BridgeOracleInternalServiceImpl] [] [] [] : Got bridge started rpc from bridge: worker_id: "UnityWorker1"

2017-10-31 18:37:34,024 INFO  [i.b.o.s.BridgeOracleInternalServiceImpl] [] [] [] : The worker UnityWorker1 registered with SpatialOS successfully.
2017-10-31 18:37:34,024 INFO  [i.module.bridge.oracle.BridgeOracle] [] [] [] : Sending bridge started to self for bridge endpoint BridgeOracleEndpoint
2017-10-31 18:37:34,024 INFO  [i.module.bridge.oracle.BridgeOracle] [] [] [] : Bridge(UnityWorker1) started.
2017-10-31 18:37:34,024 INFO  [i.b.o.m.BridgeOracleWorkerManager] [] [] [] : Worker UnityWorker1 registered with the BridgeOracleWorker manager
2017-10-31 18:37:34,608 INFO  [i.b.n.raknet.GuardedRakPeerInterface] [] [] [] : New RakNet connection established with 127.0.0.1
2017-10-31 18:37:34,628 INFO  [i.b.n.raknet.GuardedRakPeerInterface] [] [] [] : New RakNet connection established with 127.0.0.1
2017-10-31 18:37:51,917 INFO  [i.b.s.BridgeServicePicker] [] [] [] : Attempting to get positionHint for UnityClientbb9db35a-5a4f-4eb6-9640-dc8afa03f03c via rpc
2017-10-31 18:37:51,918 INFO  [i.b.s.BridgeServicePicker] [] [] [] : Starting UnityClientbb9db35a-5a4f-4eb6-9640-dc8afa03f03c without a position hint, so using a random bridge service
2017-10-31 18:37:51,918 INFO  [i.m.b.o.m.BridgeModuleOracleActor] [] [] [] : BridgeServicePicker returned module Optional[legacy_guid: "8616e284-e27d-4bc8-94db-72cd10c2e8c2"
address {
  host: "127.0.0.1"
  port: 9018
}
] with load Optional[BridgeModuleLoadBalanceInfo((0.0, 0.0, 0.0),2)].get().toString() for Engine(UnityClientbb9db35a-5a4f-4eb6-9640-dc8afa03f03c)
2017-10-31 18:37:51,948 INFO  [i.l.params.LoadbalancerParamsFactory] [] [] [] : LoadbalancerParams for worker type [UnityClient]: [FlagzLoadbalancerParams{energyLimitingEnabled=true, energyLimit=1.0E9, minWorkerRange=Infinity, maxWorkerRange=Infinity, maxWorkerStepSize=50.0, workerExpansionTimeMs=60000, workerGridSize=5, loadbalancerEnabled=true, hexGridMode=OFF, scalerAdvisorType=ENTITY_COUNT, maxWorkers=25, initialWorkers=25, numEntitiesPerWorker=9223372036854775807, statusReportPeriodMs=2000, pointsOfInterestEnabled=false, hexGridSolution=Empty, pointsOfInterestSolution=Empty}]
2017-10-31 18:37:51,971 INFO  [i.b.i.BridgeInternalServiceImpl] [] [] [] : Bridge worker_id: "UnityClientbb9db35a-5a4f-4eb6-9640-dc8afa03f03c"
 registered with bridge internal service
2017-10-31 18:37:51,972 INFO  [i.b.o.s.BridgeOracleInternalServiceImpl] [] [] [] : Got bridge started rpc from bridge: worker_id: "UnityClientbb9db35a-5a4f-4eb6-9640-dc8afa03f03c"

2017-10-31 18:37:51,973 INFO  [i.b.o.s.BridgeOracleInternalServiceImpl] [] [] [] : The worker UnityClientbb9db35a-5a4f-4eb6-9640-dc8afa03f03c registered with SpatialOS successfully.
2017-10-31 18:37:51,973 INFO  [i.module.bridge.oracle.BridgeOracle] [] [] [] : Sending bridge started to self for bridge endpoint BridgeOracleEndpoint
2017-10-31 18:37:51,973 INFO  [i.module.bridge.oracle.BridgeOracle] [] [] [] : Bridge(UnityClientbb9db35a-5a4f-4eb6-9640-dc8afa03f03c) started.
2017-10-31 18:37:52,550 INFO  [i.b.n.raknet.GuardedRakPeerInterface] [] [] [] : New RakNet connection established with 127.0.0.1
2017-10-31 18:37:52,929 ERROR [i.b.logging.EngineLogMessageHandler] [] [] [] : [Worker: UnityWorker0] Failed to get component reference on Player(Clone)
 in  -[WorkerLogger:Unity]
2017-10-31 18:37:52,991 ERROR [i.b.logging.EngineLogMessageHandler] [] [] [] : [Worker: UnityClientbb9db35a-5a4f-4eb6-9640-dc8afa03f03c] NullReferenceException: Object reference not set to an instance of an object
 in Assets.Gamelogic.Team.TeamAssignmentVisualizerClient.SetTeamColour (UInt32 teamIdValue) (at Assets/Gamelogic/Team/TeamAssignmentVisualizerClient.cs:51)
Assets.Gamelogic.Team.TeamAssignmentVisualizerClient.OnEnable () (at Assets/Gamelogic/Team/TeamAssignmentVisualizerClient.cs:23)
UnityEngine.Behaviour:set_enabled(Boolean)
Improbable.Unity.Internal.DefaultMonobehaviourActivator:Enable(MonoBehaviour) (at C:/w/ee9378522cbb9fd1/UnitySdk/Improbable.Unity/Assets/Precompiled/Unity/Internal/EntityVisualizers.cs:25)
Improbable.Unity.Internal.EntityVisualizers:Activate(MonoBehaviour) (at C:/w/ee9378522cbb9fd1/UnitySdk/Improbable.Unity/Assets/Precompiled/Unity/Internal/EntityVisualizers.cs:220)
Improbable.Unity.Internal.EntityVisualizers:UpdateActivation(MonoBehaviour) (at C:/w/ee9378522cbb9fd1/UnitySdk/Improbable.Unity/Assets/Precompiled/Unity/Internal/EntityVisualizers.cs:407)
Improbable.Unity.Internal.EntityVisualizers:InjectReaders(MonoBehaviour, Object) (at C:/w/ee9378522cbb9fd1/UnitySdk/Improbable.Unity/Assets/Precompiled/Unity/Internal/EntityVisualizers.cs:389)
Improbable.Unity.Internal.EntityVisualizers:OnComponentAdded(EntityId, IComponentMetaclass, Object) (at C:/w/ee9378522cbb9fd1/UnitySdk/Improbable.Unity/Assets/Precompiled/Unity/Internal/EntityVisualizers.cs:253)
Improbable.Unity.Core.LegacyComponentPipeline:AddComponent(AddComponentPipelineOp) (at Assets/Plugins/Improbable/Sdk/Src/Unity/UnityAddons/LegacyEntityPipeline/LegacyComponentPipeline.cs:30)
Improbable.Unity.Core.EntityPipelineExtensions:DispatchOp(IEntityPipelineBlock, IEntityPipelineOp) (at C:/w/ee9378522cbb9fd1/UnitySdk/Improbable.Unity/Assets/Precompiled/UnityAddons/EntityPipeline/EntityPipelineExtensions.cs:85)
Improbable.Unity.Core.LegacyEntityCreator:ReleaseEntity(EntityId) (at Assets/Plugins/Improbable/Sdk/Src/Unity/UnityAddons/LegacyEntityPipeline/LegacyEntityCreator.cs:140)
Improbable.Unity.Core.LegacyEntityCreator:OnMakeEntitySuccess(EntityId, String) (at Assets/Plugins/Improbable/Sdk/Src/Unity/UnityAddons/LegacyEntityPipeline/LegacyEntityCreator.cs:240)
Improbable.Unity.Core.<MakeEntity>c__AnonStorey0:<>m__0(String) (at Assets/Plugins/Improbable/Sdk/Src/Unity/UnityAddons/LegacyEntityPipeline/LegacyEntityCreator.cs:100)
Improbable.Unity.Entity.<PrepareTemplate>c__AnonStorey0:<>m__0(GameObject) (at Assets/Plugins/Improbable/Sdk/Src/Unity/Entity/AssetDatabaseTemplateProvider.cs:25)
Improbable.Unity.Assets.CachingAssetDatabase:LoadAsset(String, Action`1, Action`1) (at Assets/Plugins/Improbable/Sdk/Src/Unity/Assets/CachingAssetDatabase.cs:27)
Improbable.Unity.Entity.AssetDatabaseTemplateProvider:PrepareTemplate(String, Action`1, Action`1) (at Assets/Plugins/Improbable/Sdk/Src/Unity/Entity/AssetDatabaseTemplateProvider.cs:25)
Improbable.Unity.Entity.DefaultTemplateProvider:PrepareTemplate(String, Action`1, Action`1) (at Assets/Plugins/Improbable/Sdk/Src/Unity/Assets/DefaultTemplateProvider.cs:123)
Improbable.Unity.Core.LegacyEntityCreator:MakeEntity(EntityId, String, Action`2) (at Assets/Plugins/Improbable/Sdk/Src/Unity/UnityAddons/LegacyEntityPipeline/LegacyEntityCreator.cs:97)
Improbable.Unity.Core.LegacyEntityCreator:AddComponent(AddComponentPipelineOp) (at Assets/Plugins/Improbable/Sdk/Src/Unity/UnityAddons/LegacyEntityPipeline/LegacyEntityCreator.cs:220)
Improbable.Unity.Core.ThrottledEntityDispatcher:AddComponent(AddComponentPipelineOp) (at Assets/Plugins/Improbable/Sdk/Src/Unity/UnityAddons/LegacyEntityPipeline/ThrottledEntityDispatcher.cs:96)
Improbable.Unity.Core.EntityPipelineExtensions:DispatchOp(IEntityPipelineBlock, IEntityPipelineOp) (at C:/w/ee9378522cbb9fd1/UnitySdk/Improbable.Unity/Assets/Precompiled/UnityAddons/EntityPipeline/EntityPipelineExtensions.cs:85)
Improbable.Unity.Core.CriticalSectionPipelineBlock:ReleaseCriticalSectionOps() (at Assets/Plugins/Improbable/Sdk/Src/Unity/UnityAddons/LegacyEntityPipeline/CriticalSectionPipelineBlock.cs:69)
Improbable.Unity.Core.CriticalSectionPipelineBlock:CriticalSection(CriticalSectionPipelineOp) (at Assets/Plugins/Improbable/Sdk/Src/Unity/UnityAddons/LegacyEntityPipeline/CriticalSectionPipelineBlock.cs:49)
Improbable.Unity.Core.EntityPipelineImpl:<RegisterDispatcherCallbacks>m__37(CriticalSectionOp) (at C:/w/ee9378522cbb9fd1/UnitySdk/Improbable.Unity/Assets/Precompiled/UnityAddons/EntityPipeline/EntityPipelineImpl.cs:70)
Improbable.Worker.Internal.Callbacks`1:InvokeAllReverse(CriticalSectionOp)
Improbable.Worker.Dispatcher:CriticalSectionThunk(Void*, CriticalSectionOp*)
Improbable.Worker.Internal.WorkerProtocol:Dispatcher_Process(DispatcherHandle, OpListHandle)
Improbable.Worker.Dispatcher:Process(OpList)
Improbable.Unity.Core.ConnectionLifecycle:ProcessEvents() (at Assets/Plugins/Improbable/Sdk/Src/Unity/Core/ConnectionLifecycle.cs:367)
Improbable.Unity.Core.ConnectionLifecycle:Update() (at Assets/Plugins/Improbable/Sdk/Src/Unity/Core/ConnectionLifecycle.cs:149)
 -[WorkerLogger:Unity]
2017-10-31 18:39:36,318 INFO  [i.b.n.BridgeActorTransportLinkListener] [] [] [] : TransportLinkListener(UnityClientbb9db35a-5a4f-4eb6-9640-dc8afa03f03c) sending Disconnected to akka://akkaFabric/user/BridgeModule:8616e284-e27d-4bc8-94db-72cd10c2e8c2/BridgeActor-UnityClientbb9db35a-5a4f-4eb6-9640-dc8afa03f03c
2017-10-31 18:39:36,328 INFO  [i.b.i.BridgeInternalServiceImpl] [] [] [] : Bridge worker_id: "UnityClientbb9db35a-5a4f-4eb6-9640-dc8afa03f03c"
 unregistered with bridge internal service
2017-10-31 18:39:36,329 INFO  [improbable.bridge.BridgeActor] [] [] [] : Bridge(UnityClientbb9db35a-5a4f-4eb6-9640-dc8afa03f03c) on BridgeModuleEndpoint(8616e284-e27d-4bc8-94db-72cd10c2e8c2) stopped.
2017-10-31 18:39:36,329 INFO  [i.module.bridge.oracle.BridgeOracle] [] [] [] : Sending bridge stopped to self for bridge endpoint BridgeEndpoint(UnityClientbb9db35a-5a4f-4eb6-9640-dc8afa03f03c)
2017-10-31 18:39:36,330 INFO  [i.module.bridge.oracle.BridgeOracle] [] [] [] : Bridge(UnityClientbb9db35a-5a4f-4eb6-9640-dc8afa03f03c) stopped.
2017-10-31 18:39:36,976 INFO  [akka.actor.DeadLetterActorRef] [akka://akkaFabric/deadLetters] [akkaFabric-akka.actor.default-dispatcher-3] [] : Message [improbable.bridge.message.BridgeViewStatusRequest] from Actor[akka://akkaFabric/deadLetters] to Actor[akka://akkaFabric/deadLetters] was not delivered. [1] dead letters encountered. This logging can be turned off or adjusted with configuration settings 'akka.log-dead-letters' and 'akka.log-dead-letters-during-shutdown'.
2017-10-31 18:39:37,972 INFO  [akka.actor.DeadLetterActorRef] [akka://akkaFabric/deadLetters] [akkaFabric-akka.actor.default-dispatcher-3] [] : Message [improbable.bridge.message.BridgeViewStatusRequest] from Actor[akka://akkaFabric/deadLetters] to Actor[akka://akkaFabric/deadLetters] was not delivered. [2] dead letters encountered. This logging can be turned off or adjusted with configuration settings 'akka.log-dead-letters' and 'akka.log-dead-letters-during-shutdown'.
2017-10-31 18:39:38,973 INFO  [akka.actor.DeadLetterActorRef] [akka://akkaFabric/deadLetters] [akkaFabric-akka.actor.default-dispatcher-3] [] : Message [improbable.bridge.message.BridgeViewStatusRequest] from Actor[akka://akkaFabric/deadLetters] to Actor[akka://akkaFabric/deadLetters] was not delivered. [3] dead letters encountered. This logging can be turned off or adjusted with configuration settings 'akka.log-dead-letters' and 'akka.log-dead-letters-during-shutdown'.
2017-10-31 18:39:39,972 INFO  [akka.actor.DeadLetterActorRef] [akka://akkaFabric/deadLetters] [akkaFabric-akka.actor.default-dispatcher-3] [] : Message [improbable.bridge.message.BridgeViewStatusRequest] from Actor[akka://akkaFabric/deadLetters] to Actor[akka://akkaFabric/deadLetters] was not delivered. [4] dead letters encountered. This logging can be turned off or adjusted with configuration settings 'akka.log-dead-letters' and 'akka.log-dead-letters-during-shutdown'.
2017-10-31 18:39:40,972 INFO  [akka.actor.DeadLetterActorRef] [akka://akkaFabric/deadLetters] [akkaFabric-akka.actor.default-dispatcher-3] [] : Message [improbable.bridge.message.BridgeViewStatusRequest] from Actor[akka://akkaFabric/deadLetters] to Actor[akka://akkaFabric/deadLetters] was not delivered. [5] dead letters encountered. This logging can be turned off or adjusted with configuration settings 'akka.log-dead-letters' and 'akka.log-dead-letters-during-shutdown'.
2017-10-31 18:39:41,972 INFO  [akka.actor.DeadLetterActorRef] [akka://akkaFabric/deadLetters] [akkaFabric-akka.actor.default-dispatcher-3] [] : Message [improbable.bridge.message.BridgeViewStatusRequest] from Actor[akka://akkaFabric/deadLetters] to Actor[akka://akkaFabric/deadLetters] was not delivered. [6] dead letters encountered. This logging can be turned off or adjusted with configuration settings 'akka.log-dead-letters' and 'akka.log-dead-letters-during-shutdown'.
2017-10-31 18:39:42,971 INFO  [akka.actor.DeadLetterActorRef] [akka://akkaFabric/deadLetters] [akkaFabric-akka.actor.default-dispatcher-3] [] : Message [improbable.bridge.message.BridgeViewStatusRequest] from Actor[akka://akkaFabric/deadLetters] to Actor[akka://akkaFabric/deadLetters] was not delivered. [7] dead letters encountered. This logging can be turned off or adjusted with configuration settings 'akka.log-dead-letters' and 'akka.log-dead-letters-during-shutdown'.
2017-10-31 18:39:43,972 INFO  [akka.actor.DeadLetterActorRef] [akka://akkaFabric/deadLetters] [akkaFabric-akka.actor.default-dispatcher-3] [] : Message [improbable.bridge.message.BridgeViewStatusRequest] from Actor[akka://akkaFabric/deadLetters] to Actor[akka://akkaFabric/deadLetters] was not delivered. [8] dead letters encountered. This logging can be turned off or adjusted with configuration settings 'akka.log-dead-letters' and 'akka.log-dead-letters-during-shutdown'.
2017-10-31 18:39:44,971 INFO  [akka.actor.DeadLetterActorRef] [akka://akkaFabric/deadLetters] [akkaFabric-akka.actor.default-dispatcher-3] [] : Message [improbable.bridge.message.BridgeViewStatusRequest] from Actor[akka://akkaFabric/deadLetters] to Actor[akka://akkaFabric/deadLetters] was not delivered. [9] dead letters encountered. This logging can be turned off or adjusted with configuration settings 'akka.log-dead-letters' and 'akka.log-dead-letters-during-shutdown'.
2017-10-31 18:39:45,972 INFO  [akka.actor.DeadLetterActorRef] [akka://akkaFabric/deadLetters] [akkaFabric-akka.actor.default-dispatcher-3] [] : Message [improbable.bridge.message.BridgeViewStatusRequest] from Actor[akka://akkaFabric/deadLetters] to Actor[akka://akkaFabric/deadLetters] was not delivered. [10] dead letters encountered, no more dead letters will be logged. This logging can be turned off or adjusted with configuration settings 'akka.log-dead-letters' and 'akka.log-dead-letters-during-shutdown'.
2017-10-31 18:41:34,528 INFO  [i.c.discovery.ServiceDiscoveryImpl] [] [] [] : Shutting down all services
2017-10-31 18:41:34,532 INFO  [i.core.discovery.server.LocalServer] [] [] [] : Stopped Service(improbable.fabric.internal.service.StatusDiscoveryInternalService) on 127.0.0.1:5301.
2017-10-31 18:41:34,532 INFO  [i.core.discovery.server.PublicServer] [] [] [] : Stopped Service(improbable.platform.runtime.ModuleService) on 127.0.0.1:9000.
2017-10-31 18:41:34,533 INFO  [i.core.discovery.server.PublicServer] [] [] [] : Stopped Service(improbable.platform.runtime.HealthCheckService) on 127.0.0.1:9001.
2017-10-31 18:41:34,534 INFO  [i.core.discovery.server.LocalServer] [] [] [] : Stopped Service(improbable.fabric.internal.service.PerfInternalService) on 127.0.0.1:9002.
2017-10-31 18:41:34,535 INFO  [i.core.discovery.server.LocalServer] [] [] [] : Stopped Service(improbable.fabric.internal.service.ContentionInternalService) on 127.0.0.1:9003.
2017-10-31 18:41:34,535 INFO  [i.core.discovery.server.PublicServer] [] [] [] : Stopped Service(improbable.platform.runtime.FeatureService) on 127.0.0.1:9004.
2017-10-31 18:41:34,536 INFO  [i.core.discovery.server.LocalServer] [] [] [] : Stopped Service(improbable.fabric.internal.service.NodeConfigurationInternalService) on 127.0.0.1:9005.
2017-10-31 18:41:34,536 INFO  [i.core.discovery.server.LocalServer] [] [] [] : Stopped Service(improbable.fabric.internal.service.WorldExtentsInternalService) on 127.0.0.1:9006.
2017-10-31 18:41:34,538 INFO  [i.core.discovery.server.LocalServer] [] [] [] : Stopped Service(improbable.fabric.internal.service.EntityIdInternalService) on 127.0.0.1:9007.
2017-10-31 18:41:34,539 INFO  [i.core.discovery.server.LocalServer] [] [] [] : Stopped Service(improbable.fabric.internal.service.WorkerPrestartRegistryInternalService) on 127.0.0.1:9008.
2017-10-31 18:41:34,540 INFO  [i.core.discovery.server.LocalServer] [] [] [] : Stopped Service(improbable.fabric.internal.service.RouterLookupInternalService) on 127.0.0.1:9009.
2017-10-31 18:41:34,541 INFO  [i.core.discovery.server.LocalServer] [] [] [] : Stopped Service(improbable.fabric.internal.service.RouterInternalService) on 127.0.0.1:9010.
2017-10-31 18:41:34,542 INFO  [i.core.discovery.server.LocalServer] [] [] [] : Stopped Service(improbable.fabric.internal.service.RemoteMessageInternalService) on 127.0.0.1:9011.
2017-10-31 18:41:34,544 INFO  [i.core.discovery.server.LocalServer] [] [] [] : Stopped Service(improbable.fabric.internal.service.LocalBrokerInternalService) on 127.0.0.1:9012.
2017-10-31 18:41:34,545 INFO  [i.core.discovery.server.LocalServer] [] [] [] : Stopped Service(improbable.fabric.internal.service.BridgeOracleInternalService) on 127.0.0.1:9013.
2017-10-31 18:41:34,546 INFO  [i.core.discovery.server.LocalServer] [] [] [] : Stopped Service(improbable.fabric.internal.service.GlobalBrokerInternalService) on 127.0.0.1:9014.
2017-10-31 18:41:34,547 INFO  [i.core.discovery.server.LocalServer] [] [] [] : Stopped Service(improbable.fabric.internal.service.BridgeServiceOracleInternalService) on 127.0.0.1:9015.
2017-10-31 18:41:34,548 INFO  [i.core.discovery.server.PublicServer] [] [] [] : Stopped Service(improbable.fabric.internal.service.ScalingStatsInternalService) on 127.0.0.1:9016.
2017-10-31 18:41:34,549 INFO  [i.core.discovery.server.LocalServer] [] [] [] : Stopped Service(improbable.fabric.internal.service.EntityQueryInternalService) on 127.0.0.1:9017.
2017-10-31 18:41:34,550 INFO  [i.core.discovery.server.LocalServer] [] [] [] : Stopped Service(improbable.fabric.internal.service.BridgeInternalService) on 127.0.0.1:9018.
2017-10-31 18:41:34,551 INFO  [i.core.discovery.server.PublicServer] [] [] [] : Stopped Service(improbable.platform.inner.worker.WorkerRunner) on 127.0.0.1:9019.
2017-10-31 18:41:34,552 INFO  [i.core.discovery.server.LocalServer] [] [] [] : Stopped Service(improbable.fabric.internal.service.ReceptionistInternalService) on 127.0.0.1:9020.
2017-10-31 18:41:34,553 INFO  [i.core.discovery.server.PublicServer] [] [] [] : Stopped Service(improbable.platform.runtime.ReceptionistService) on 127.0.0.1:7777.
