2017-10-31 18:44:23,004 INFO  [i.deployment.InternalGameLauncher] [] [] [] : Parsed 359 internal flags at startup
2017-10-31 18:44:23,120 INFO  [i.deployment.InternalGameLauncher] [] [] [] : SpatialOS runtime version: 11-20171031T101302Z-7e7e1c1
2017-10-31 18:44:23,267 INFO  [i.c.c.f.FlagzFieldRegistryUpdater] [] [] [] : Initialized Fabric flagz registry with 11 set fields.
2017-10-31 18:44:24,372 INFO  [i.core.discovery.server.LocalServer] [] [] [] : Registered Service(improbable.fabric.internal.service.StatusDiscoveryInternalService) on 127.0.0.1:5301.
2017-10-31 18:44:24,373 INFO  [i.c.discovery.ServiceDiscoveryImpl] [] [] [] : Status discovery address: host: "127.0.0.1"
port: 5301

2017-10-31 18:44:24,375 INFO  [improbable.module.ModuleNode] [] [] [] : Starting Fabric node as master (IP: 127.0.0.1).
2017-10-31 18:44:24,377 INFO  [i.c.d.client.CheckpointDiscoveryImpl] [] [] [] : Reached a checkpoint: ALL_NODES_STARTED
2017-10-31 18:44:24,377 INFO  [improbable.module.ModuleNode] [] [] [] : Node master has started, waiting for other nodes to reach the same checkpoint.
2017-10-31 18:44:24,378 INFO  [improbable.module.ModuleNode] [] [] [] : All nodes have been started.
2017-10-31 18:44:24,387 INFO  [i.core.discovery.server.PublicServer] [] [] [] : Registered Service(improbable.platform.runtime.ModuleService) on 127.0.0.1:9000.
2017-10-31 18:44:24,401 INFO  [i.core.discovery.server.PublicServer] [] [] [] : Registered Service(improbable.platform.runtime.HealthCheckService) on 127.0.0.1:9001.
2017-10-31 18:44:24,409 INFO  [i.core.discovery.server.LocalServer] [] [] [] : Registered Service(improbable.fabric.internal.service.PerfInternalService) on 127.0.0.1:9002.
2017-10-31 18:44:24,415 INFO  [i.core.discovery.server.LocalServer] [] [] [] : Registered Service(improbable.fabric.internal.service.ContentionInternalService) on 127.0.0.1:9003.
2017-10-31 18:44:24,428 INFO  [i.core.discovery.server.PublicServer] [] [] [] : Registered Service(improbable.platform.runtime.FeatureService) on 127.0.0.1:9004.
2017-10-31 18:44:24,445 INFO  [i.c.config.flagz.WorkerFlagzUpdater] [] [] [] : UnityWorker worker flag 'max_npc_wizards' updated to value '50'.
2017-10-31 18:44:24,451 INFO  [i.c.config.flagz.WorkerFlagzUpdater] [] [] [] : Initialized worker flagz registry with 1 set fields.
2017-10-31 18:44:24,453 INFO  [improbable.module.ModuleNode] [] [] [] : Using master node configuration loader.
2017-10-31 18:44:24,463 INFO  [i.core.discovery.server.LocalServer] [] [] [] : Registered Service(improbable.fabric.internal.service.NodeConfigurationInternalService) on 127.0.0.1:9005.
2017-10-31 18:44:24,479 INFO  [i.c.c.n.MasterNodeConfigurationLoader] [] [] [] : Using roles [MASTER, GSIM, BRIDGE, WORKER_RUNNER, INSPECTION] for node node_id {
  deployment_id {
    project_id {
      name: "your_project_name_here"
    }
    name: "local"
  }
  name: "master"
}
private_ip: "127.0.0.1"
roles: MASTER
roles: GSIM
roles: BRIDGE
roles: WORKER_RUNNER
roles: INSPECTION

2017-10-31 18:44:24,495 INFO  [improbable.core.config.node.GsimGrid] [] [] [] : Created gsim grid configuration of size (1500, 1500) with 1 columns and 1 rows, using gsims of (30, 30) chunks.
2017-10-31 18:44:24,503 INFO  [i.c.c.n.MasterNodeConfigurationLoader] [] [] [] : Original deployment module configuration (before parsing): {deployment_id {
  project_id {
    name: "your_project_name_here"
  }
  name: "local"
}
name: "master"
=[ProfilingModule, BridgeModuleOracleModule, BridgeOracleModule, PersistenceModule, ReceptionistModule, RouterModule, GSimModule, BridgeModule, EngineStartupModule, InspectionRestModule]}
2017-10-31 18:44:24,512 INFO  [i.c.c.n.MasterNodeConfigurationLoader] [] [] [] : Master successfully loaded configurations for 1 node(s).
2017-10-31 18:44:24,525 INFO  [improbable.module.ModuleNode] [] [] [] : Loaded node configuration: node_id {
  deployment_id {
    project_id {
      name: "your_project_name_here"
    }
    name: "local"
  }
  name: "master"
}
gsim_configurations {
  extent {
    bottom_left {
      x_in_chunks: -15
      z_in_chunks: -15
    }
    top_right {
      x_in_chunks: 15
      z_in_chunks: 15
    }
  }
}
start_router: true
start_bridge_oracle: true
start_bridge_module_oracle: true
start_engine_startup_module: true
start_receptionist_service: true
start_inspection_rest_module: true
start_snapshot_service: true
start_profiling_module: true
bridge_modules: "BridgeModule"
gsim_modules: "GSimModule"

2017-10-31 18:44:24,525 INFO  [improbable.module.ModuleNode] [] [] [] : Using master world extents provider.
2017-10-31 18:44:24,537 INFO  [i.core.discovery.server.LocalServer] [] [] [] : Registered Service(improbable.fabric.internal.service.WorldExtentsInternalService) on 127.0.0.1:9006.
2017-10-31 18:44:24,538 INFO  [i.c.world.MasterWorldExtentsProvider] [] [] [] : Successfully initialized world extents with 1 rectangle(s).
2017-10-31 18:44:24,539 INFO  [improbable.module.ModuleNode] [] [] [] : Loaded world extents: WorldExtents{proto=rectangles {
  bottom_left {
    x: -750.0
    z: -750.0
  }
  top_right {
    x: 750.0
    z: 750.0
  }
  is_fully_simulated: true
  responsible_gsim_id {
  }
}
bounding_rectangle {
  bottom_left {
    x: -750.0
    z: -750.0
  }
  top_right {
    x: 750.0
    z: 750.0
  }
  is_fully_simulated: true
}
}
2017-10-31 18:44:24,627 INFO  [i.e.schema.ParsedFileDescriptorSet] [] [] [] : Parsed file descriptors of 28 proto files.
2017-10-31 18:44:24,650 INFO  [i.entity.schema.SchemaFactory] [] [] [] : Found components: [improbable.building.NPCSpawner, improbable.core.TransformComponent, improbable.core.ClientAuthorityCheck, improbable.EntityAcl, improbable.Metadata, improbable.Position, improbable.Persistence, improbable.core.Inventory, improbable.npc.NPCLumberjack, improbable.building.StockpileDepository, improbable.npc.TargetNavigation, improbable.core.ConnectionHeartbeat, improbable.core.UnityWorkerAuthorityCheck, improbable.global.PlayerSpawning, improbable.player.PlayerControls, improbable.building.BarracksInfo, improbable.fire.Flammable, improbable.player.PlayerInfo, improbable.building.HQInfo, improbable.life.Health, improbable.abilities.Spells, improbable.team.TeamAssignment, improbable.npc.NPCWizard, improbable.tree.Harvestable, improbable.tree.TreeState]
2017-10-31 18:44:24,656 INFO  [i.entity.schema.SchemaFactory] [] [] [] : Found components: [improbable.npc.TargetNavigation, improbable.tree.Harvestable, improbable.npc.NPCWizard, improbable.EntityAcl, improbable.Metadata, improbable.Position, improbable.Persistence, improbable.core.ConnectionHeartbeat, improbable.building.StockpileDepository, improbable.building.HQInfo, improbable.core.TransformComponent, improbable.core.UnityWorkerAuthorityCheck, improbable.core.Inventory, improbable.fire.Flammable, improbable.global.PlayerSpawning, improbable.building.NPCSpawner, improbable.npc.NPCLumberjack, improbable.player.PlayerInfo, improbable.building.BarracksInfo, improbable.player.PlayerControls, improbable.team.TeamAssignment, improbable.abilities.Spells, improbable.life.Health, improbable.internal.EntityAuthority, improbable.core.ClientAuthorityCheck, improbable.tree.TreeState]
2017-10-31 18:44:24,657 INFO  [improbable.module.ModuleNode] [] [] [] : Successfully loaded schema for entities
2017-10-31 18:44:24,657 INFO  [improbable.module.ModuleNode] [] [] [] : Validating snapshot at startup and determining max entity id
2017-10-31 18:44:24,661 INFO  [i.p.s.storage.LegacySnapshotStorage] [] [] [] : Requesting download URL for Snapshot(local@latest) matching []
2017-10-31 18:44:24,671 INFO  [i.p.s.storage.LegacySnapshotStorage] [] [] [] : Downloading snapshot from http://127.0.0.1:21000/snapshots/20171031184417357
2017-10-31 18:44:24,707 INFO  [improbable.module.ModuleNode] [] [] [] : Determined the first entity id for the id assigner as 2
2017-10-31 18:44:24,715 INFO  [i.core.discovery.server.LocalServer] [] [] [] : Registered Service(improbable.fabric.internal.service.EntityIdInternalService) on 127.0.0.1:9007.
2017-10-31 18:44:24,733 INFO  [i.core.discovery.server.LocalServer] [] [] [] : Registered Service(improbable.fabric.internal.service.WorkerPrestartRegistryInternalService) on 127.0.0.1:9008.
2017-10-31 18:44:24,742 INFO  [i.core.discovery.server.LocalServer] [] [] [] : Registered Service(improbable.fabric.internal.service.RouterLookupInternalService) on 127.0.0.1:9009.
2017-10-31 18:44:24,743 INFO  [i.module.router.ActorSystemFactory$] [] [] [] : Attempting to create ActorSystem akkaFabric with configRecord akkaFabric
2017-10-31 18:44:24,932 INFO  [akka.event.slf4j.Slf4jLogger] [] [] [] : Slf4jLogger started
2017-10-31 18:44:25,322 INFO  [i.c.d.g.GlobalCheckpointDiscoveryImpl] [] [] [] : Global checkpoint discovery refreshed checkpoints.
2017-10-31 18:44:25,322 INFO  [i.c.d.g.GlobalServiceDiscoveryImpl] [] [] [] : Global service discovery refreshed 11 server(s) (previously: 0)
2017-10-31 18:44:25,802 INFO  [i.l.params.LoadbalancerParamsFactory] [] [] [] : Parsed 1 worker loadbalancing configuration(s)
2017-10-31 18:44:25,804 INFO  [i.l.params.LoadbalancerParamsFactory] [] [] [] : Successfully loaded loadbalancing configurations: {UnityWorker=improbable.loadbalancing.params.DynamicLoadbalancerParams@118f52a0}
2017-10-31 18:44:25,879 INFO  [i.w.a.WorkerAssemblyProviderFactory] [] [] [] : Loaded worker assemblies for these workers types: UnityClient, UnityWorker.
2017-10-31 18:44:26,073 INFO  [improbable.module.ModuleNode] [] [] [] : Loaded worker assemblies: [worker_assembly_id {
  assembly_id {
    project_id {
      name: "your_project_name_here"
    }
    name: "local_assembly"
  }
  name {
    name: "UnityClient"
  }
}
bridge_configuration {
  worker_attribute_set {
    attribute {
      name: "visual"
    }
  }
  entity_interest {
    range_entity_interest {
      radius: 3.0
    }
  }
  streaming_query {
    global_component_streaming_query {
      component_name: "improbable.building.HQInfo"
    }
  }
  component_delivery {
    checkout_all_initially: true
  }
}
, worker_assembly_id {
  assembly_id {
    project_id {
      name: "your_project_name_here"
    }
    name: "local_assembly"
  }
  name {
    name: "UnityWorker"
  }
}
worker_launch_configuration {
  platform: WINDOWS
  worker_zip {
    command: "UnityWorker@Windows.exe"
    argument: "+projectName"
    argument: "${IMPROBABLE_PROJECT_NAME}"
    argument: "+receptionistIp"
    argument: "${IMPROBABLE_RECEPTIONIST_HOST}"
    argument: "+receptionistPort"
    argument: "${IMPROBABLE_RECEPTIONIST_PORT}"
    argument: "+workerType"
    argument: "${IMPROBABLE_WORKER_NAME}"
    argument: "+workerId"
    argument: "${IMPROBABLE_WORKER_ID}"
    argument: "+useInternalIpForBridge"
    argument: "true"
    argument: "+infraServicesUrl"
    argument: "${IMPROBABLE_API_URL}"
    argument: "+assemblyName"
    argument: "${IMPROBABLE_ASSEMBLY_NAME}"
    argument: "+linkProtocol"
    argument: "RakNet"
    argument: "-logfile"
    argument: "${IMPROBABLE_LOG_FILE}"
    argument: "-batchmode"
    argument: "-nographics"
    worker_location {
      filename: "UnityWorker@Windows.zip"
    }
  }
}
worker_launch_configuration {
  platform: MACOS
  worker_zip {
    command: "UnityWorker@Mac.app/Contents/MacOS/UnityWorker@Mac"
    argument: "+projectName"
    argument: "${IMPROBABLE_PROJECT_NAME}"
    argument: "+receptionistIp"
    argument: "${IMPROBABLE_RECEPTIONIST_HOST}"
    argument: "+receptionistPort"
    argument: "${IMPROBABLE_RECEPTIONIST_PORT}"
    argument: "+workerType"
    argument: "${IMPROBABLE_WORKER_NAME}"
    argument: "+workerId"
    argument: "${IMPROBABLE_WORKER_ID}"
    argument: "+useInternalIpForBridge"
    argument: "true"
    argument: "+infraServicesUrl"
    argument: "${IMPROBABLE_API_URL}"
    argument: "+assemblyName"
    argument: "${IMPROBABLE_ASSEMBLY_NAME}"
    argument: "+linkProtocol"
    argument: "RakNet"
    argument: "-logfile"
    argument: "${IMPROBABLE_LOG_FILE}"
    argument: "-batchmode"
    argument: "-nographics"
    worker_location {
      filename: "UnityWorker@Mac.zip"
    }
  }
}
worker_launch_configuration {
  platform: LINUX
  worker_zip {
    command: "UnityWorker@Linux"
    argument: "+projectName"
    argument: "${IMPROBABLE_PROJECT_NAME}"
    argument: "+receptionistIp"
    argument: "${IMPROBABLE_RECEPTIONIST_HOST}"
    argument: "+receptionistPort"
    argument: "${IMPROBABLE_RECEPTIONIST_PORT}"
    argument: "+workerType"
    argument: "${IMPROBABLE_WORKER_NAME}"
    argument: "+workerId"
    argument: "${IMPROBABLE_WORKER_ID}"
    argument: "+useInternalIpForBridge"
    argument: "true"
    argument: "+infraServicesUrl"
    argument: "${IMPROBABLE_API_URL}"
    argument: "+assemblyName"
    argument: "${IMPROBABLE_ASSEMBLY_NAME}"
    argument: "+linkProtocol"
    argument: "RakNet"
    argument: "-logfile"
    argument: "${IMPROBABLE_LOG_FILE}"
    argument: "-batchmode"
    argument: "-nographics"
    worker_location {
      filename: "UnityWorker@Linux.zip"
    }
  }
}
bridge_configuration {
  worker_attribute_set {
    attribute {
      name: "physics"
    }
  }
  entity_interest {
    range_entity_interest {
      radius: 2.0
    }
  }
  component_delivery {
    checkout_all_initially: true
  }
}
]
2017-10-31 18:44:26,076 INFO  [i.w.assembly.WorkerAssemblyProvider] [] [] [] : Worker configuration for 'UnityClient' does not contain a launch configuration for the current platform 'WINDOWS', so Fabric will not start any managed workers of this type
2017-10-31 18:44:26,076 INFO  [i.w.assembly.WorkerAssemblyProvider] [] [] [] : The following worker configurations do not contain valid managed launch configurations for the current platform WINDOWS, and the runtime will be unable to launch managed workers of this type: [UnityClient]. This is expected for worker types you intend to only connect manually.
2017-10-31 18:44:26,078 INFO  [i.w.permissions.PermissionsFactory] [] [] [] : Created permissions manager with permissions: {UnityWorker=Permissions{{/sys/CreateEntity=, /sys/DeleteEntity=, /sys/EntityQuery={"component":["*"]}}}, UnityClient=Permissions{{/sys/EntityQuery={"component":[]}}}}
2017-10-31 18:44:27,635 INFO  [improbable.module.ModuleNode] [] [] [] : Starting router on master
2017-10-31 18:44:27,642 INFO  [i.core.discovery.server.LocalServer] [] [] [] : Registered Service(improbable.fabric.internal.service.RouterInternalService) on 127.0.0.1:9010.
2017-10-31 18:44:27,642 INFO  [i.c.m.r.RouterInternalServiceImpl] [] [] [] : Attempting to register RouterInternalServiceImpl with RouterLookupInternalService.
2017-10-31 18:44:27,647 INFO  [i.c.m.r.l.RouterLookupInternalServiceImpl] [] [] [] : 1/1 router modules started
2017-10-31 18:44:27,648 INFO  [i.c.m.r.RouterInternalServiceImpl] [] [] [] : Registered RouterInternalServiceImpl with RouterLookupInternalService.
2017-10-31 18:44:27,648 INFO  [improbable.module.ModuleNode] [] [] [] : Attempting to get addresses of all RouterModules from master node
2017-10-31 18:44:27,657 INFO  [improbable.module.ModuleNode] [] [] [] : Got all RouterModules from master node
2017-10-31 18:44:27,670 INFO  [i.core.discovery.server.LocalServer] [] [] [] : Registered Service(improbable.fabric.internal.service.RemoteMessageInternalService) on 127.0.0.1:9011.
2017-10-31 18:44:27,678 INFO  [i.core.discovery.server.LocalServer] [] [] [] : Registered Service(improbable.fabric.internal.service.LocalBrokerInternalService) on 127.0.0.1:9012.
2017-10-31 18:44:27,681 INFO  [improbable.module.ModuleNode] [] [] [] : Waiting for all router modules in the deployment to have started
2017-10-31 18:44:27,683 INFO  [improbable.module.ModuleNode] [] [] [] : All router modules in the deployment started
2017-10-31 18:44:27,743 INFO  [org.eclipse.jetty.server.Server] [] [] [] : jetty-8.y.z-SNAPSHOT
2017-10-31 18:44:27,765 INFO  [o.e.jetty.server.AbstractConnector] [] [] [] : Started SelectChannelConnector@0.0.0.0:5006
2017-10-31 18:44:27,766 INFO  [improbable.http.ServletContainer$] [] [] [] : Servlet container started
2017-10-31 18:44:27,767 INFO  [improbable.module.ModuleNode] [] [] [] : Starting BridgeOracle on master
2017-10-31 18:44:27,771 INFO  [improbable.module.ModuleNode] [] [] [] : Waiting for the BridgeOracle to have started
2017-10-31 18:44:27,908 INFO  [i.core.discovery.server.LocalServer] [] [] [] : Registered Service(improbable.fabric.internal.service.BridgeOracleInternalService) on 127.0.0.1:9013.
2017-10-31 18:44:28,321 INFO  [i.c.d.g.GlobalServiceDiscoveryImpl] [] [] [] : Global service discovery refreshed 15 server(s) (previously: 11)
2017-10-31 18:44:28,322 INFO  [improbable.module.ModuleNode] [] [] [] : Received BridgeOracle started
2017-10-31 18:44:28,335 INFO  [i.core.discovery.server.LocalServer] [] [] [] : Registered Service(improbable.fabric.internal.service.GlobalBrokerInternalService) on 127.0.0.1:9014.
2017-10-31 18:44:28,337 INFO  [improbable.module.ModuleNode] [] [] [] : Waiting for the BridgeModuleOracle to have started
2017-10-31 18:44:28,341 INFO  [i.c.a.e.ExtensibleActorReporter] [] [] [] : Started BridgeModuleOracleActor(Actor[akka://akkaFabric/user/BridgeModuleOracleModule#-1964738336]).
2017-10-31 18:44:28,363 INFO  [i.core.discovery.server.LocalServer] [] [] [] : Registered Service(improbable.fabric.internal.service.BridgeServiceOracleInternalService) on 127.0.0.1:9015.
2017-10-31 18:44:29,321 INFO  [i.c.d.g.GlobalServiceDiscoveryImpl] [] [] [] : Global service discovery refreshed 17 server(s) (previously: 15)
2017-10-31 18:44:29,322 INFO  [improbable.module.ModuleNode] [] [] [] : Received BridgeModuleOracle started
2017-10-31 18:44:29,327 INFO  [improbable.module.ModuleNode] [] [] [] : Starting gsim GSimModule
2017-10-31 18:44:29,331 INFO  [improbable.module.ModuleNode] [] [] [] : Waiting for 1 entity query service(s) to start.
2017-10-31 18:44:29,375 INFO  [i.core.discovery.server.PublicServer] [] [] [] : Registered Service(improbable.fabric.internal.service.ScalingStatsInternalService) on 127.0.0.1:9016.
2017-10-31 18:44:29,384 INFO  [i.p.gsim.GSimPersistenceWriter] [] [] [] : Transitioning GSimPersistenceActor(0) from State [Idle] to [Idle].  Time Elapsed: 1 millisecond
2017-10-31 18:44:29,393 INFO  [i.core.discovery.server.LocalServer] [] [] [] : Registered Service(improbable.fabric.internal.service.EntityQueryInternalService) on 127.0.0.1:9017.
2017-10-31 18:44:29,895 INFO  [i.bridge.oracle.scaling.WorkerScaler] [] [] [] : Skipping reconciliation because no WorkerRunner service is available. This message is expected at startup but should not persist through the deployment
2017-10-31 18:44:30,321 INFO  [i.c.d.g.GlobalServiceDiscoveryImpl] [] [] [] : Global service discovery refreshed 19 server(s) (previously: 17)
2017-10-31 18:44:30,321 INFO  [improbable.module.ModuleNode] [] [] [] : All 1 entity query service(s) have started.
2017-10-31 18:44:30,322 INFO  [improbable.module.ModuleNode] [] [] [] : Creating entity query client.
2017-10-31 18:44:30,339 INFO  [improbable.module.ModuleNode] [] [] [] : Entity query client created with directory: EntityQueryServiceDirectory{allServices=[EntityQueryInternalServiceInfo{address=host: "127.0.0.1"
port: 9017
, extent=Rectangle{minX=-750.0, minZ=-750.0, maxX=750.0, maxZ=750.0}, isLocal=true}], localServices=[EntityQueryInternalServiceInfo{address=host: "127.0.0.1"
port: 9017
, extent=Rectangle{minX=-750.0, minZ=-750.0, maxX=750.0, maxZ=750.0}, isLocal=true}], remoteServices=[]}
2017-10-31 18:44:30,346 INFO  [improbable.module.ModuleNode] [] [] [] : Waiting for 1 bridge service(s) to start.
2017-10-31 18:44:30,372 INFO  [i.c.a.e.ExtensibleActorReporter] [] [] [] : Started BridgeModuleActor(Actor[akka://akkaFabric/user/BridgeModule:711b368e-f3cb-4c82-948d-1bee3b24f7da#-1374863097]).
2017-10-31 18:44:30,389 INFO  [i.core.discovery.server.LocalServer] [] [] [] : Registered Service(improbable.fabric.internal.service.BridgeInternalService) on 127.0.0.1:9018.
2017-10-31 18:44:30,389 INFO  [i.module.bridge.BridgeModuleActor] [] [] [] : Waiting for BridgeModuleOracle service to be available
2017-10-31 18:44:30,397 INFO  [i.module.bridge.BridgeModuleActor] [] [] [] : Registered(BridgeModuleEndpoint(711b368e-f3cb-4c82-948d-1bee3b24f7da)) on BridgeModuleOracleService
2017-10-31 18:44:31,320 INFO  [i.c.d.g.GlobalServiceDiscoveryImpl] [] [] [] : Global service discovery refreshed 20 server(s) (previously: 19)
2017-10-31 18:44:31,321 INFO  [improbable.module.ModuleNode] [] [] [] : All 1 bridge service(s) have started.
2017-10-31 18:44:31,321 INFO  [improbable.module.ModuleNode] [] [] [] : Starting WorkerRunner service (EngineStartupModule)
2017-10-31 18:44:31,329 INFO  [improbable.worker.exec.WorkerStats] [] [] [] : Cannot read /proc/self/stat; worker stats reporting will not work.
2017-10-31 18:44:31,339 INFO  [i.core.discovery.server.PublicServer] [] [] [] : Registered Service(improbable.platform.inner.worker.WorkerRunner) on 127.0.0.1:9019.
2017-10-31 18:44:31,345 INFO  [i.core.discovery.server.LocalServer] [] [] [] : Registered Service(improbable.fabric.internal.service.ReceptionistInternalService) on 127.0.0.1:9020.
2017-10-31 18:44:31,351 INFO  [i.core.discovery.server.PublicServer] [] [] [] : Registered Service(improbable.platform.runtime.ReceptionistService) on 127.0.0.1:7777.
2017-10-31 18:44:31,351 INFO  [improbable.module.ModuleNode] [] [] [] : Starting InspectionRestModule
2017-10-31 18:44:31,352 INFO  [improbable.module.ModuleNode] [] [] [] : Starting ProfilingModule
2017-10-31 18:44:31,353 INFO  [i.c.d.client.CheckpointDiscoveryImpl] [] [] [] : Reached a checkpoint: ALL_MODULES_STARTED
2017-10-31 18:44:31,353 INFO  [improbable.module.ModuleNode] [] [] [] : All modules on this node started, waiting for other nodes to reach the same checkpoint.
2017-10-31 18:44:31,357 INFO  [i.c.a.e.ExtensibleActorReporter] [] [] [] : Started ProfilingModuleActor(Actor[akka://akkaFabric/user/ProfilingModule#1362658323]).
2017-10-31 18:44:31,364 INFO  [i.core.discovery.server.LocalServer] [] [] [] : Registered Service(improbable.fabric.internal.debug.HeatmapCellCacheInternalService) on 127.0.0.1:9021.
2017-10-31 18:44:31,387 INFO  [i.core.discovery.server.PublicServer] [] [] [] : Registered Service(improbable.platform.runtime.InspectionService) on 127.0.0.1:9022.
2017-10-31 18:44:31,420 INFO  [i.c.a.e.ExtensibleActorReporter] [] [] [] : Started InspectionRestModuleActor(Actor[akka://akkaFabric/user/InspectionRestModule#-1754875396]).
2017-10-31 18:44:31,670 INFO  [spray.can.server.HttpListener] [akka://akkaFabric/user/IO-HTTP/listener-0] [akkaFabric-akka.actor.default-dispatcher-5] [] : Bound to /0.0.0.0:5005
2017-10-31 18:44:31,895 INFO  [i.bridge.oracle.scaling.WorkerScaler] [] [] [] : Skipping reconciliation because no WorkerRunner service is available. This message is expected at startup but should not persist through the deployment
2017-10-31 18:44:32,320 INFO  [i.c.d.g.GlobalCheckpointDiscoveryImpl] [] [] [] : Global checkpoint discovery refreshed checkpoints.
2017-10-31 18:44:32,320 INFO  [improbable.module.ModuleNode] [] [] [] : All modules on all nodes have been started.
2017-10-31 18:44:32,320 INFO  [i.c.d.g.GlobalServiceDiscoveryImpl] [] [] [] : Global service discovery refreshed 25 server(s) (previously: 20)
2017-10-31 18:44:32,321 INFO  [improbable.module.ModuleNode] [] [] [] : Loading a snapshot.
2017-10-31 18:44:32,338 INFO  [i.p.g.GSimPersistenceLoadOrchestrator] [] [] [] : Loading snapshot on GSim(0).
2017-10-31 18:44:32,338 INFO  [i.p.s.storage.LegacySnapshotStorage] [] [] [] : Requesting download URL for Snapshot(local@latest) matching []
2017-10-31 18:44:32,347 INFO  [i.p.s.storage.LegacySnapshotStorage] [] [] [] : Downloading snapshot from http://127.0.0.1:21000/snapshots/20171031184417357
2017-10-31 18:44:32,350 INFO  [i.p.gsim.GSimPersistenceLoader] [] [] [] : Loading snapshot
2017-10-31 18:44:32,364 INFO  [i.p.g.GSimPersistenceLoadOrchestrator] [] [] [] : Loaded 1 entities on GSim(0).
2017-10-31 18:44:32,367 INFO  [i.p.c.PersistenceLoaderCoordinatorActor] [] [] [] : All Snapshots loaded.
2017-10-31 18:44:32,368 INFO  [improbable.module.ModuleNode] [] [] [] : Snapshot has been loaded.
2017-10-31 18:44:32,368 INFO  [improbable.module.ModuleNode] [] [] [] : Starting SnapshotService.
2017-10-31 18:44:32,384 INFO  [i.core.discovery.server.PublicServer] [] [] [] : Registered Service(improbable.platform.runtime.SnapshotService) on 127.0.0.1:9023.
2017-10-31 18:44:32,384 INFO  [i.c.d.client.CheckpointDiscoveryImpl] [] [] [] : Reached a checkpoint: LOAD_SNAPSHOT_FINISHED
2017-10-31 18:44:32,385 INFO  [improbable.module.ModuleNode] [] [] [] : SpatialOS runtime startup complete.
2017-10-31 18:44:32,428 INFO  [i.l.params.LoadbalancerParamsFactory] [] [] [] : LoadbalancerParams for worker type [UnityWorker]: [DynamicLoadbalancerParams{energyLimitingEnabled=true, energyLimit=1.0E9, minWorkerRange=500.0, maxWorkerRange=1000.0, maxWorkerStepSize=200.0, workerExpansionTimeMs=60000, workerGridSize=0, loadbalancerEnabled=true, hexGridMode=OFF, scalerAdvisorType=CONSTANT, maxWorkers=2, initialWorkers=2, numEntitiesPerWorker=0, statusReportPeriodMs=2000, pointsOfInterestEnabled=false, hexGridSolution=Empty, pointsOfInterestSolution=Empty}]
2017-10-31 18:44:33,315 INFO  [i.c.d.g.GlobalCheckpointDiscoveryImpl] [] [] [] : Global checkpoint discovery refreshed checkpoints.
2017-10-31 18:44:33,315 INFO  [i.c.d.g.GlobalServiceDiscoveryImpl] [] [] [] : Global service discovery refreshed 26 server(s) (previously: 25)
2017-10-31 18:44:34,277 INFO  [i.b.o.m.BridgeOracleWorkerManager] [] [] [] : Trying to start managed worker UnityWorker0
2017-10-31 18:44:34,291 INFO  [i.worker.exec.WorkerStartupExecutor] [] [] [] : Awaiting internal receptionist service to register with service discovery
2017-10-31 18:44:34,292 INFO  [i.b.o.m.BridgeOracleWorkerManager] [] [] [] : Trying to start managed worker UnityWorker1
2017-10-31 18:44:34,292 INFO  [i.bridge.oracle.scaling.WorkerScaler] [] [] [] : Starting 2 new managed workers for attribute_set {
  attribute: "physics"
}
 (required: 2, existing: 0)
2017-10-31 18:44:34,294 INFO  [i.worker.exec.WorkerStartupExecutor] [] [] [] : Awaiting internal receptionist service to register with service discovery
2017-10-31 18:44:34,294 INFO  [i.worker.exec.WorkerStartupExecutor] [] [] [] : Successfully found the internal receptionist service in service discovery
2017-10-31 18:44:34,294 INFO  [i.worker.exec.WorkerStartupExecutor] [] [] [] : Successfully found the internal receptionist service in service discovery
2017-10-31 18:44:34,297 INFO  [i.worker.exec.WorkerStartupExecutor] [] [] [] : Awaiting public receptionist service to register with service discovery
2017-10-31 18:44:34,297 INFO  [i.worker.exec.WorkerStartupExecutor] [] [] [] : Awaiting public receptionist service to register with service discovery
2017-10-31 18:44:34,298 INFO  [i.worker.exec.WorkerStartupExecutor] [] [] [] : Successfully found the public receptionist service in service discovery
2017-10-31 18:44:34,298 INFO  [i.worker.exec.WorkerStartupExecutor] [] [] [] : Successfully found the public receptionist service in service discovery
2017-10-31 18:44:35,146 INFO  [i.worker.exec.WorkerStartupExecutor] [] [] [] : Created log file for worker UnityWorker0, type (UnityWorker): [C:\Work\Unity\more-wizards\logs\2017-10-31_18-44-18_0\workers\UnityWorker\UnityWorker0-2315052264762084112.log]
2017-10-31 18:44:35,147 INFO  [i.worker.exec.CommandLineExecutor] [] [] [] : Running command: C:\Users\maest\AppData\Local\Temp\zip-downloader7048781673193684286\f7c9bd5fc0f1aa40f9ef84d336172f81\UnityWorker@Windows.exe +projectName your_project_name_here +receptionistIp 127.0.0.1 +receptionistPort 7777 +workerType UnityWorker +workerId UnityWorker0 +useInternalIpForBridge true +infraServicesUrl http://127.0.0.1:21000 +assemblyName local_assembly +linkProtocol RakNet -logfile C:\Work\Unity\more-wizards\logs\2017-10-31_18-44-18_0\workers\UnityWorker\UnityWorker0-2315052264762084112.log -batchmode -nographics
2017-10-31 18:44:35,153 INFO  [i.worker.exec.WorkerStartupExecutor] [] [] [] : Created log file for worker UnityWorker1, type (UnityWorker): [C:\Work\Unity\more-wizards\logs\2017-10-31_18-44-18_0\workers\UnityWorker\UnityWorker1-2601192352129603123.log]
2017-10-31 18:44:35,154 INFO  [i.worker.exec.CommandLineExecutor] [] [] [] : Running command: C:\Users\maest\AppData\Local\Temp\zip-downloader7048781673193684286\f7c9bd5fc0f1aa40f9ef84d336172f81\UnityWorker@Windows.exe +projectName your_project_name_here +receptionistIp 127.0.0.1 +receptionistPort 7777 +workerType UnityWorker +workerId UnityWorker1 +useInternalIpForBridge true +infraServicesUrl http://127.0.0.1:21000 +assemblyName local_assembly +linkProtocol RakNet -logfile C:\Work\Unity\more-wizards\logs\2017-10-31_18-44-18_0\workers\UnityWorker\UnityWorker1-2601192352129603123.log -batchmode -nographics
2017-10-31 18:44:36,313 INFO  [i.b.s.BridgeServicePicker] [] [] [] : Attempting to get positionHint for UnityWorker0 via rpc
2017-10-31 18:44:36,319 INFO  [i.b.s.BridgeServicePicker] [] [] [] : Attempting to get positionHint for UnityWorker1 via rpc
2017-10-31 18:44:36,318 INFO  [i.b.s.BridgeServicePicker] [] [] [] : Selected legacy_guid: "711b368e-f3cb-4c82-948d-1bee3b24f7da"
address {
  host: "127.0.0.1"
  port: 9018
}
 with position  which is the nearest bridge service to position (532.5663717400232, 0.0, 311.7454096828242)
2017-10-31 18:44:36,320 INFO  [i.b.s.BridgeServicePicker] [] [] [] : Selected legacy_guid: "711b368e-f3cb-4c82-948d-1bee3b24f7da"
address {
  host: "127.0.0.1"
  port: 9018
}
 with position  which is the nearest bridge service to position (383.03984150340625, 0.0, 663.4443753138385)
2017-10-31 18:44:36,325 INFO  [i.m.b.o.m.BridgeModuleOracleActor] [] [] [] : BridgeServicePicker returned module Optional[legacy_guid: "711b368e-f3cb-4c82-948d-1bee3b24f7da"
address {
  host: "127.0.0.1"
  port: 9018
}
] with load Optional[BridgeModuleLoadBalanceInfo((0.0, 0.0, 0.0),0)].get().toString() for Engine(UnityWorker0)
2017-10-31 18:44:36,325 INFO  [i.m.b.o.m.BridgeModuleOracleActor] [] [] [] : BridgeServicePicker returned module Optional[legacy_guid: "711b368e-f3cb-4c82-948d-1bee3b24f7da"
address {
  host: "127.0.0.1"
  port: 9018
}
] with load Optional[BridgeModuleLoadBalanceInfo((0.0, 0.0, 0.0),0)].get().toString() for Engine(UnityWorker1)
2017-10-31 18:44:36,480 INFO  [i.b.i.BridgeInternalServiceImpl] [] [] [] : Bridge worker_id: "UnityWorker0"
 registered with bridge internal service
2017-10-31 18:44:36,480 INFO  [i.b.i.BridgeInternalServiceImpl] [] [] [] : Bridge worker_id: "UnityWorker1"
 registered with bridge internal service
2017-10-31 18:44:36,485 INFO  [i.b.o.s.BridgeOracleInternalServiceImpl] [] [] [] : Got bridge started rpc from bridge: worker_id: "UnityWorker0"

2017-10-31 18:44:36,486 INFO  [i.b.o.s.BridgeOracleInternalServiceImpl] [] [] [] : The worker UnityWorker0 registered with SpatialOS successfully.
2017-10-31 18:44:36,486 INFO  [i.module.bridge.oracle.BridgeOracle] [] [] [] : Sending bridge started to self for bridge endpoint BridgeOracleEndpoint
2017-10-31 18:44:36,488 INFO  [i.module.bridge.oracle.BridgeOracle] [] [] [] : Bridge(UnityWorker0) started.
2017-10-31 18:44:36,493 INFO  [i.b.o.m.BridgeOracleWorkerManager] [] [] [] : Worker UnityWorker0 registered with the BridgeOracleWorker manager
2017-10-31 18:44:36,496 INFO  [i.b.o.s.BridgeOracleInternalServiceImpl] [] [] [] : Got bridge started rpc from bridge: worker_id: "UnityWorker1"

2017-10-31 18:44:36,497 INFO  [i.b.o.s.BridgeOracleInternalServiceImpl] [] [] [] : The worker UnityWorker1 registered with SpatialOS successfully.
2017-10-31 18:44:36,497 INFO  [i.module.bridge.oracle.BridgeOracle] [] [] [] : Sending bridge started to self for bridge endpoint BridgeOracleEndpoint
2017-10-31 18:44:36,497 INFO  [i.module.bridge.oracle.BridgeOracle] [] [] [] : Bridge(UnityWorker1) started.
2017-10-31 18:44:36,497 INFO  [i.b.o.m.BridgeOracleWorkerManager] [] [] [] : Worker UnityWorker1 registered with the BridgeOracleWorker manager
2017-10-31 18:44:37,084 INFO  [i.b.n.raknet.GuardedRakPeerInterface] [] [] [] : New RakNet connection established with 127.0.0.1
2017-10-31 18:44:37,110 INFO  [i.b.n.raknet.GuardedRakPeerInterface] [] [] [] : New RakNet connection established with 127.0.0.1
2017-10-31 18:44:58,304 INFO  [i.b.s.BridgeServicePicker] [] [] [] : Attempting to get positionHint for UnityClient25012bf0-ac1e-452b-bd69-5102e4725f14 via rpc
2017-10-31 18:44:58,304 INFO  [i.b.s.BridgeServicePicker] [] [] [] : Starting UnityClient25012bf0-ac1e-452b-bd69-5102e4725f14 without a position hint, so using a random bridge service
2017-10-31 18:44:58,306 INFO  [i.m.b.o.m.BridgeModuleOracleActor] [] [] [] : BridgeServicePicker returned module Optional[legacy_guid: "711b368e-f3cb-4c82-948d-1bee3b24f7da"
address {
  host: "127.0.0.1"
  port: 9018
}
] with load Optional[BridgeModuleLoadBalanceInfo((0.0, 0.0, 0.0),2)].get().toString() for Engine(UnityClient25012bf0-ac1e-452b-bd69-5102e4725f14)
2017-10-31 18:44:58,333 INFO  [i.l.params.LoadbalancerParamsFactory] [] [] [] : LoadbalancerParams for worker type [UnityClient]: [FlagzLoadbalancerParams{energyLimitingEnabled=true, energyLimit=1.0E9, minWorkerRange=Infinity, maxWorkerRange=Infinity, maxWorkerStepSize=50.0, workerExpansionTimeMs=60000, workerGridSize=5, loadbalancerEnabled=true, hexGridMode=OFF, scalerAdvisorType=ENTITY_COUNT, maxWorkers=25, initialWorkers=25, numEntitiesPerWorker=9223372036854775807, statusReportPeriodMs=2000, pointsOfInterestEnabled=false, hexGridSolution=Empty, pointsOfInterestSolution=Empty}]
2017-10-31 18:44:58,355 INFO  [i.b.i.BridgeInternalServiceImpl] [] [] [] : Bridge worker_id: "UnityClient25012bf0-ac1e-452b-bd69-5102e4725f14"
 registered with bridge internal service
2017-10-31 18:44:58,356 INFO  [i.b.o.s.BridgeOracleInternalServiceImpl] [] [] [] : Got bridge started rpc from bridge: worker_id: "UnityClient25012bf0-ac1e-452b-bd69-5102e4725f14"

2017-10-31 18:44:58,356 INFO  [i.b.o.s.BridgeOracleInternalServiceImpl] [] [] [] : The worker UnityClient25012bf0-ac1e-452b-bd69-5102e4725f14 registered with SpatialOS successfully.
2017-10-31 18:44:58,356 INFO  [i.module.bridge.oracle.BridgeOracle] [] [] [] : Sending bridge started to self for bridge endpoint BridgeOracleEndpoint
2017-10-31 18:44:58,357 INFO  [i.module.bridge.oracle.BridgeOracle] [] [] [] : Bridge(UnityClient25012bf0-ac1e-452b-bd69-5102e4725f14) started.
2017-10-31 18:44:58,935 INFO  [i.b.n.raknet.GuardedRakPeerInterface] [] [] [] : New RakNet connection established with 127.0.0.1
2017-10-31 18:45:02,410 ERROR [i.b.logging.EngineLogMessageHandler] [] [] [] : [Worker: UnityClient25012bf0-ac1e-452b-bd69-5102e4725f14] Player connection heartbeat failed to send. Player may timeout.
 in UnityEngine.Debug:LogError(Object)
Assets.Gamelogic.Core.SendClientConnectionHeartbeatBehaviour:HeartbeatSendFailed(ICommandErrorDetails) (at Assets/Gamelogic/Core/SendClientConnectionHeartbeatBehaviour.cs:41)
Improbable.Unity.Core.CommandResponseHandler`1:TriggerFailure(ICommandCallbackResponse`1) (at C:/w/ee9378522cbb9fd1/UnitySdk/Improbable.Unity/Assets/Precompiled/Unity/Commands/CommandResponseHandler.cs:77)
Improbable.Unity.Core.CommandResponseHandler`1:Trigger(ICommandCallbackResponse`1) (at C:/w/ee9378522cbb9fd1/UnitySdk/Improbable.Unity/Assets/Precompiled/Unity/Commands/CommandResponseHandler.cs:52)
Improbable.Unity.Core.CommandCallbackWrapper`1:TriggerWithStatus(StatusCode, Option`1, String) (at C:/w/ee9378522cbb9fd1/UnitySdk/Improbable.Unity/Assets/Precompiled/Unity/Commands/ICommandCallbackWrapper.cs:34)
Improbable.Unity.Core.<CreateOnResponseThunk>c__AnonStorey1D`2:<>m__2F(CommandResponseOp`1) (at C:/w/ee9378522cbb9fd1/UnitySdk/Improbable.Unity/Assets/Precompiled/Unity/Commands/ComponentCommander.cs:243)
Improbable.Worker.<>c__DisplayClassa`1:<OnCommandResponse>b__9(CommandResponseWrapperOp)
Improbable.Worker.Internal.Callbacks`1:InvokeAll(CommandResponseWrapperOp)
Improbable.Worker.Internal.ComponentCallbacks`1:InvokeAll(UInt32, CommandResponseWrapperOp)
Improbable.Worker.Dispatcher:CommandResponseThunk(Void*, CommandResponseOp*)
Improbable.Worker.Internal.WorkerProtocol:Dispatcher_Process(DispatcherHandle, OpListHandle)
Improbable.Worker.Dispatcher:Process(OpList)
Improbable.Unity.Core.ConnectionLifecycle:ProcessEvents() (at Assets/Plugins/Improbable/Sdk/Src/Unity/Core/ConnectionLifecycle.cs:367)
Improbable.Unity.Core.ConnectionLifecycle:Update() (at Assets/Plugins/Improbable/Sdk/Src/Unity/Core/ConnectionLifecycle.cs:149)
 -[WorkerLogger:Unity]
2017-10-31 18:45:05,420 ERROR [i.b.logging.EngineLogMessageHandler] [] [] [] : [Worker: UnityClient25012bf0-ac1e-452b-bd69-5102e4725f14] Player connection heartbeat failed to send. Player may timeout.
 in UnityEngine.Debug:LogError(Object)
Assets.Gamelogic.Core.SendClientConnectionHeartbeatBehaviour:HeartbeatSendFailed(ICommandErrorDetails) (at Assets/Gamelogic/Core/SendClientConnectionHeartbeatBehaviour.cs:41)
Improbable.Unity.Core.CommandResponseHandler`1:TriggerFailure(ICommandCallbackResponse`1) (at C:/w/ee9378522cbb9fd1/UnitySdk/Improbable.Unity/Assets/Precompiled/Unity/Commands/CommandResponseHandler.cs:77)
Improbable.Unity.Core.CommandResponseHandler`1:Trigger(ICommandCallbackResponse`1) (at C:/w/ee9378522cbb9fd1/UnitySdk/Improbable.Unity/Assets/Precompiled/Unity/Commands/CommandResponseHandler.cs:52)
Improbable.Unity.Core.CommandCallbackWrapper`1:TriggerWithStatus(StatusCode, Option`1, String) (at C:/w/ee9378522cbb9fd1/UnitySdk/Improbable.Unity/Assets/Precompiled/Unity/Commands/ICommandCallbackWrapper.cs:34)
Improbable.Unity.Core.<CreateOnResponseThunk>c__AnonStorey1D`2:<>m__2F(CommandResponseOp`1) (at C:/w/ee9378522cbb9fd1/UnitySdk/Improbable.Unity/Assets/Precompiled/Unity/Commands/ComponentCommander.cs:243)
Improbable.Worker.<>c__DisplayClassa`1:<OnCommandResponse>b__9(CommandResponseWrapperOp)
Improbable.Worker.Internal.Callbacks`1:InvokeAll(CommandResponseWrapperOp)
Improbable.Worker.Internal.ComponentCallbacks`1:InvokeAll(UInt32, CommandResponseWrapperOp)
Improbable.Worker.Dispatcher:CommandResponseThunk(Void*, CommandResponseOp*)
Improbable.Worker.Internal.WorkerProtocol:Dispatcher_Process(DispatcherHandle, OpListHandle)
Improbable.Worker.Dispatcher:Process(OpList)
Improbable.Unity.Core.ConnectionLifecycle:ProcessEvents() (at Assets/Plugins/Improbable/Sdk/Src/Unity/Core/ConnectionLifecycle.cs:367)
Improbable.Unity.Core.ConnectionLifecycle:Update() (at Assets/Plugins/Improbable/Sdk/Src/Unity/Core/ConnectionLifecycle.cs:149)
 -[WorkerLogger:Unity]
2017-10-31 18:45:08,418 ERROR [i.b.logging.EngineLogMessageHandler] [] [] [] : [Worker: UnityClient25012bf0-ac1e-452b-bd69-5102e4725f14] Player connection heartbeat failed to send. Player may timeout.
 in UnityEngine.Debug:LogError(Object)
Assets.Gamelogic.Core.SendClientConnectionHeartbeatBehaviour:HeartbeatSendFailed(ICommandErrorDetails) (at Assets/Gamelogic/Core/SendClientConnectionHeartbeatBehaviour.cs:41)
Improbable.Unity.Core.CommandResponseHandler`1:TriggerFailure(ICommandCallbackResponse`1) (at C:/w/ee9378522cbb9fd1/UnitySdk/Improbable.Unity/Assets/Precompiled/Unity/Commands/CommandResponseHandler.cs:77)
Improbable.Unity.Core.CommandResponseHandler`1:Trigger(ICommandCallbackResponse`1) (at C:/w/ee9378522cbb9fd1/UnitySdk/Improbable.Unity/Assets/Precompiled/Unity/Commands/CommandResponseHandler.cs:52)
Improbable.Unity.Core.CommandCallbackWrapper`1:TriggerWithStatus(StatusCode, Option`1, String) (at C:/w/ee9378522cbb9fd1/UnitySdk/Improbable.Unity/Assets/Precompiled/Unity/Commands/ICommandCallbackWrapper.cs:34)
Improbable.Unity.Core.<CreateOnResponseThunk>c__AnonStorey1D`2:<>m__2F(CommandResponseOp`1) (at C:/w/ee9378522cbb9fd1/UnitySdk/Improbable.Unity/Assets/Precompiled/Unity/Commands/ComponentCommander.cs:243)
Improbable.Worker.<>c__DisplayClassa`1:<OnCommandResponse>b__9(CommandResponseWrapperOp)
Improbable.Worker.Internal.Callbacks`1:InvokeAll(CommandResponseWrapperOp)
Improbable.Worker.Internal.ComponentCallbacks`1:InvokeAll(UInt32, CommandResponseWrapperOp)
Improbable.Worker.Dispatcher:CommandResponseThunk(Void*, CommandResponseOp*)
Improbable.Worker.Internal.WorkerProtocol:Dispatcher_Process(DispatcherHandle, OpListHandle)
Improbable.Worker.Dispatcher:Process(OpList)
Improbable.Unity.Core.ConnectionLifecycle:ProcessEvents() (at Assets/Plugins/Improbable/Sdk/Src/Unity/Core/ConnectionLifecycle.cs:367)
Improbable.Unity.Core.ConnectionLifecycle:Update() (at Assets/Plugins/Improbable/Sdk/Src/Unity/Core/ConnectionLifecycle.cs:149)
 -[WorkerLogger:Unity]
2017-10-31 18:45:11,438 ERROR [i.b.logging.EngineLogMessageHandler] [] [] [] : [Worker: UnityClient25012bf0-ac1e-452b-bd69-5102e4725f14] Player connection heartbeat failed to send. Player may timeout.
 in UnityEngine.Debug:LogError(Object)
Assets.Gamelogic.Core.SendClientConnectionHeartbeatBehaviour:HeartbeatSendFailed(ICommandErrorDetails) (at Assets/Gamelogic/Core/SendClientConnectionHeartbeatBehaviour.cs:41)
Improbable.Unity.Core.CommandResponseHandler`1:TriggerFailure(ICommandCallbackResponse`1) (at C:/w/ee9378522cbb9fd1/UnitySdk/Improbable.Unity/Assets/Precompiled/Unity/Commands/CommandResponseHandler.cs:77)
Improbable.Unity.Core.CommandResponseHandler`1:Trigger(ICommandCallbackResponse`1) (at C:/w/ee9378522cbb9fd1/UnitySdk/Improbable.Unity/Assets/Precompiled/Unity/Commands/CommandResponseHandler.cs:52)
Improbable.Unity.Core.CommandCallbackWrapper`1:TriggerWithStatus(StatusCode, Option`1, String) (at C:/w/ee9378522cbb9fd1/UnitySdk/Improbable.Unity/Assets/Precompiled/Unity/Commands/ICommandCallbackWrapper.cs:34)
Improbable.Unity.Core.<CreateOnResponseThunk>c__AnonStorey1D`2:<>m__2F(CommandResponseOp`1) (at C:/w/ee9378522cbb9fd1/UnitySdk/Improbable.Unity/Assets/Precompiled/Unity/Commands/ComponentCommander.cs:243)
Improbable.Worker.<>c__DisplayClassa`1:<OnCommandResponse>b__9(CommandResponseWrapperOp)
Improbable.Worker.Internal.Callbacks`1:InvokeAll(CommandResponseWrapperOp)
Improbable.Worker.Internal.ComponentCallbacks`1:InvokeAll(UInt32, CommandResponseWrapperOp)
Improbable.Worker.Dispatcher:CommandResponseThunk(Void*, CommandResponseOp*)
Improbable.Worker.Internal.WorkerProtocol:Dispatcher_Process(DispatcherHandle, OpListHandle)
Improbable.Worker.Dispatcher:Process(OpList)
Improbable.Unity.Core.ConnectionLifecycle:ProcessEvents() (at Assets/Plugins/Improbable/Sdk/Src/Unity/Core/ConnectionLifecycle.cs:367)
Improbable.Unity.Core.ConnectionLifecycle:Update() (at Assets/Plugins/Improbable/Sdk/Src/Unity/Core/ConnectionLifecycle.cs:149)
 -[WorkerLogger:Unity]
2017-10-31 18:45:14,423 ERROR [i.b.logging.EngineLogMessageHandler] [] [] [] : [Worker: UnityClient25012bf0-ac1e-452b-bd69-5102e4725f14] Player connection heartbeat failed to send. Player may timeout.
 in UnityEngine.Debug:LogError(Object)
Assets.Gamelogic.Core.SendClientConnectionHeartbeatBehaviour:HeartbeatSendFailed(ICommandErrorDetails) (at Assets/Gamelogic/Core/SendClientConnectionHeartbeatBehaviour.cs:41)
Improbable.Unity.Core.CommandResponseHandler`1:TriggerFailure(ICommandCallbackResponse`1) (at C:/w/ee9378522cbb9fd1/UnitySdk/Improbable.Unity/Assets/Precompiled/Unity/Commands/CommandResponseHandler.cs:77)
Improbable.Unity.Core.CommandResponseHandler`1:Trigger(ICommandCallbackResponse`1) (at C:/w/ee9378522cbb9fd1/UnitySdk/Improbable.Unity/Assets/Precompiled/Unity/Commands/CommandResponseHandler.cs:52)
Improbable.Unity.Core.CommandCallbackWrapper`1:TriggerWithStatus(StatusCode, Option`1, String) (at C:/w/ee9378522cbb9fd1/UnitySdk/Improbable.Unity/Assets/Precompiled/Unity/Commands/ICommandCallbackWrapper.cs:34)
Improbable.Unity.Core.<CreateOnResponseThunk>c__AnonStorey1D`2:<>m__2F(CommandResponseOp`1) (at C:/w/ee9378522cbb9fd1/UnitySdk/Improbable.Unity/Assets/Precompiled/Unity/Commands/ComponentCommander.cs:243)
Improbable.Worker.<>c__DisplayClassa`1:<OnCommandResponse>b__9(CommandResponseWrapperOp)
Improbable.Worker.Internal.Callbacks`1:InvokeAll(CommandResponseWrapperOp)
Improbable.Worker.Internal.ComponentCallbacks`1:InvokeAll(UInt32, CommandResponseWrapperOp)
Improbable.Worker.Dispatcher:CommandResponseThunk(Void*, CommandResponseOp*)
Improbable.Worker.Internal.WorkerProtocol:Dispatcher_Process(DispatcherHandle, OpListHandle)
Improbable.Worker.Dispatcher:Process(OpList)
Improbable.Unity.Core.ConnectionLifecycle:ProcessEvents() (at Assets/Plugins/Improbable/Sdk/Src/Unity/Core/ConnectionLifecycle.cs:367)
Improbable.Unity.Core.ConnectionLifecycle:Update() (at Assets/Plugins/Improbable/Sdk/Src/Unity/Core/ConnectionLifecycle.cs:149)
 -[WorkerLogger:Unity]
2017-10-31 18:45:17,437 ERROR [i.b.logging.EngineLogMessageHandler] [] [] [] : [Worker: UnityClient25012bf0-ac1e-452b-bd69-5102e4725f14] Player connection heartbeat failed to send. Player may timeout.
 in UnityEngine.Debug:LogError(Object)
Assets.Gamelogic.Core.SendClientConnectionHeartbeatBehaviour:HeartbeatSendFailed(ICommandErrorDetails) (at Assets/Gamelogic/Core/SendClientConnectionHeartbeatBehaviour.cs:41)
Improbable.Unity.Core.CommandResponseHandler`1:TriggerFailure(ICommandCallbackResponse`1) (at C:/w/ee9378522cbb9fd1/UnitySdk/Improbable.Unity/Assets/Precompiled/Unity/Commands/CommandResponseHandler.cs:77)
Improbable.Unity.Core.CommandResponseHandler`1:Trigger(ICommandCallbackResponse`1) (at C:/w/ee9378522cbb9fd1/UnitySdk/Improbable.Unity/Assets/Precompiled/Unity/Commands/CommandResponseHandler.cs:52)
Improbable.Unity.Core.CommandCallbackWrapper`1:TriggerWithStatus(StatusCode, Option`1, String) (at C:/w/ee9378522cbb9fd1/UnitySdk/Improbable.Unity/Assets/Precompiled/Unity/Commands/ICommandCallbackWrapper.cs:34)
Improbable.Unity.Core.<CreateOnResponseThunk>c__AnonStorey1D`2:<>m__2F(CommandResponseOp`1) (at C:/w/ee9378522cbb9fd1/UnitySdk/Improbable.Unity/Assets/Precompiled/Unity/Commands/ComponentCommander.cs:243)
Improbable.Worker.<>c__DisplayClassa`1:<OnCommandResponse>b__9(CommandResponseWrapperOp)
Improbable.Worker.Internal.Callbacks`1:InvokeAll(CommandResponseWrapperOp)
Improbable.Worker.Internal.ComponentCallbacks`1:InvokeAll(UInt32, CommandResponseWrapperOp)
Improbable.Worker.Dispatcher:CommandResponseThunk(Void*, CommandResponseOp*)
Improbable.Worker.Internal.WorkerProtocol:Dispatcher_Process(DispatcherHandle, OpListHandle)
Improbable.Worker.Dispatcher:Process(OpList)
Improbable.Unity.Core.ConnectionLifecycle:ProcessEvents() (at Assets/Plugins/Improbable/Sdk/Src/Unity/Core/ConnectionLifecycle.cs:367)
Improbable.Unity.Core.ConnectionLifecycle:Update() (at Assets/Plugins/Improbable/Sdk/Src/Unity/Core/ConnectionLifecycle.cs:149)
 -[WorkerLogger:Unity]
2017-10-31 18:45:20,448 ERROR [i.b.logging.EngineLogMessageHandler] [] [] [] : [Worker: UnityClient25012bf0-ac1e-452b-bd69-5102e4725f14] Player connection heartbeat failed to send. Player may timeout.
 in UnityEngine.Debug:LogError(Object)
Assets.Gamelogic.Core.SendClientConnectionHeartbeatBehaviour:HeartbeatSendFailed(ICommandErrorDetails) (at Assets/Gamelogic/Core/SendClientConnectionHeartbeatBehaviour.cs:41)
Improbable.Unity.Core.CommandResponseHandler`1:TriggerFailure(ICommandCallbackResponse`1) (at C:/w/ee9378522cbb9fd1/UnitySdk/Improbable.Unity/Assets/Precompiled/Unity/Commands/CommandResponseHandler.cs:77)
Improbable.Unity.Core.CommandResponseHandler`1:Trigger(ICommandCallbackResponse`1) (at C:/w/ee9378522cbb9fd1/UnitySdk/Improbable.Unity/Assets/Precompiled/Unity/Commands/CommandResponseHandler.cs:52)
Improbable.Unity.Core.CommandCallbackWrapper`1:TriggerWithStatus(StatusCode, Option`1, String) (at C:/w/ee9378522cbb9fd1/UnitySdk/Improbable.Unity/Assets/Precompiled/Unity/Commands/ICommandCallbackWrapper.cs:34)
Improbable.Unity.Core.<CreateOnResponseThunk>c__AnonStorey1D`2:<>m__2F(CommandResponseOp`1) (at C:/w/ee9378522cbb9fd1/UnitySdk/Improbable.Unity/Assets/Precompiled/Unity/Commands/ComponentCommander.cs:243)
Improbable.Worker.<>c__DisplayClassa`1:<OnCommandResponse>b__9(CommandResponseWrapperOp)
Improbable.Worker.Internal.Callbacks`1:InvokeAll(CommandResponseWrapperOp)
Improbable.Worker.Internal.ComponentCallbacks`1:InvokeAll(UInt32, CommandResponseWrapperOp)
Improbable.Worker.Dispatcher:CommandResponseThunk(Void*, CommandResponseOp*)
Improbable.Worker.Internal.WorkerProtocol:Dispatcher_Process(DispatcherHandle, OpListHandle)
Improbable.Worker.Dispatcher:Process(OpList)
Improbable.Unity.Core.ConnectionLifecycle:ProcessEvents() (at Assets/Plugins/Improbable/Sdk/Src/Unity/Core/ConnectionLifecycle.cs:367)
Improbable.Unity.Core.ConnectionLifecycle:Update() (at Assets/Plugins/Improbable/Sdk/Src/Unity/Core/ConnectionLifecycle.cs:149)
 -[WorkerLogger:Unity]
2017-10-31 18:45:23,449 ERROR [i.b.logging.EngineLogMessageHandler] [] [] [] : [Worker: UnityClient25012bf0-ac1e-452b-bd69-5102e4725f14] Player connection heartbeat failed to send. Player may timeout.
 in UnityEngine.Debug:LogError(Object)
Assets.Gamelogic.Core.SendClientConnectionHeartbeatBehaviour:HeartbeatSendFailed(ICommandErrorDetails) (at Assets/Gamelogic/Core/SendClientConnectionHeartbeatBehaviour.cs:41)
Improbable.Unity.Core.CommandResponseHandler`1:TriggerFailure(ICommandCallbackResponse`1) (at C:/w/ee9378522cbb9fd1/UnitySdk/Improbable.Unity/Assets/Precompiled/Unity/Commands/CommandResponseHandler.cs:77)
Improbable.Unity.Core.CommandResponseHandler`1:Trigger(ICommandCallbackResponse`1) (at C:/w/ee9378522cbb9fd1/UnitySdk/Improbable.Unity/Assets/Precompiled/Unity/Commands/CommandResponseHandler.cs:52)
Improbable.Unity.Core.CommandCallbackWrapper`1:TriggerWithStatus(StatusCode, Option`1, String) (at C:/w/ee9378522cbb9fd1/UnitySdk/Improbable.Unity/Assets/Precompiled/Unity/Commands/ICommandCallbackWrapper.cs:34)
Improbable.Unity.Core.<CreateOnResponseThunk>c__AnonStorey1D`2:<>m__2F(CommandResponseOp`1) (at C:/w/ee9378522cbb9fd1/UnitySdk/Improbable.Unity/Assets/Precompiled/Unity/Commands/ComponentCommander.cs:243)
Improbable.Worker.<>c__DisplayClassa`1:<OnCommandResponse>b__9(CommandResponseWrapperOp)
Improbable.Worker.Internal.Callbacks`1:InvokeAll(CommandResponseWrapperOp)
Improbable.Worker.Internal.ComponentCallbacks`1:InvokeAll(UInt32, CommandResponseWrapperOp)
Improbable.Worker.Dispatcher:CommandResponseThunk(Void*, CommandResponseOp*)
Improbable.Worker.Internal.WorkerProtocol:Dispatcher_Process(DispatcherHandle, OpListHandle)
Improbable.Worker.Dispatcher:Process(OpList)
Improbable.Unity.Core.ConnectionLifecycle:ProcessEvents() (at Assets/Plugins/Improbable/Sdk/Src/Unity/Core/ConnectionLifecycle.cs:367)
Improbable.Unity.Core.ConnectionLifecycle:Update() (at Assets/Plugins/Improbable/Sdk/Src/Unity/Core/ConnectionLifecycle.cs:149)
 -[WorkerLogger:Unity]
2017-10-31 18:45:26,458 ERROR [i.b.logging.EngineLogMessageHandler] [] [] [] : [Worker: UnityClient25012bf0-ac1e-452b-bd69-5102e4725f14] Player connection heartbeat failed to send. Player may timeout.
 in UnityEngine.Debug:LogError(Object)
Assets.Gamelogic.Core.SendClientConnectionHeartbeatBehaviour:HeartbeatSendFailed(ICommandErrorDetails) (at Assets/Gamelogic/Core/SendClientConnectionHeartbeatBehaviour.cs:41)
Improbable.Unity.Core.CommandResponseHandler`1:TriggerFailure(ICommandCallbackResponse`1) (at C:/w/ee9378522cbb9fd1/UnitySdk/Improbable.Unity/Assets/Precompiled/Unity/Commands/CommandResponseHandler.cs:77)
Improbable.Unity.Core.CommandResponseHandler`1:Trigger(ICommandCallbackResponse`1) (at C:/w/ee9378522cbb9fd1/UnitySdk/Improbable.Unity/Assets/Precompiled/Unity/Commands/CommandResponseHandler.cs:52)
Improbable.Unity.Core.CommandCallbackWrapper`1:TriggerWithStatus(StatusCode, Option`1, String) (at C:/w/ee9378522cbb9fd1/UnitySdk/Improbable.Unity/Assets/Precompiled/Unity/Commands/ICommandCallbackWrapper.cs:34)
Improbable.Unity.Core.<CreateOnResponseThunk>c__AnonStorey1D`2:<>m__2F(CommandResponseOp`1) (at C:/w/ee9378522cbb9fd1/UnitySdk/Improbable.Unity/Assets/Precompiled/Unity/Commands/ComponentCommander.cs:243)
Improbable.Worker.<>c__DisplayClassa`1:<OnCommandResponse>b__9(CommandResponseWrapperOp)
Improbable.Worker.Internal.Callbacks`1:InvokeAll(CommandResponseWrapperOp)
Improbable.Worker.Internal.ComponentCallbacks`1:InvokeAll(UInt32, CommandResponseWrapperOp)
Improbable.Worker.Dispatcher:CommandResponseThunk(Void*, CommandResponseOp*)
Improbable.Worker.Internal.WorkerProtocol:Dispatcher_Process(DispatcherHandle, OpListHandle)
Improbable.Worker.Dispatcher:Process(OpList)
Improbable.Unity.Core.ConnectionLifecycle:ProcessEvents() (at Assets/Plugins/Improbable/Sdk/Src/Unity/Core/ConnectionLifecycle.cs:367)
Improbable.Unity.Core.ConnectionLifecycle:Update() (at Assets/Plugins/Improbable/Sdk/Src/Unity/Core/ConnectionLifecycle.cs:149)
 -[WorkerLogger:Unity]
2017-10-31 18:45:29,480 ERROR [i.b.logging.EngineLogMessageHandler] [] [] [] : [Worker: UnityClient25012bf0-ac1e-452b-bd69-5102e4725f14] Player connection heartbeat failed to send. Player may timeout.
 in UnityEngine.Debug:LogError(Object)
Assets.Gamelogic.Core.SendClientConnectionHeartbeatBehaviour:HeartbeatSendFailed(ICommandErrorDetails) (at Assets/Gamelogic/Core/SendClientConnectionHeartbeatBehaviour.cs:41)
Improbable.Unity.Core.CommandResponseHandler`1:TriggerFailure(ICommandCallbackResponse`1) (at C:/w/ee9378522cbb9fd1/UnitySdk/Improbable.Unity/Assets/Precompiled/Unity/Commands/CommandResponseHandler.cs:77)
Improbable.Unity.Core.CommandResponseHandler`1:Trigger(ICommandCallbackResponse`1) (at C:/w/ee9378522cbb9fd1/UnitySdk/Improbable.Unity/Assets/Precompiled/Unity/Commands/CommandResponseHandler.cs:52)
Improbable.Unity.Core.CommandCallbackWrapper`1:TriggerWithStatus(StatusCode, Option`1, String) (at C:/w/ee9378522cbb9fd1/UnitySdk/Improbable.Unity/Assets/Precompiled/Unity/Commands/ICommandCallbackWrapper.cs:34)
Improbable.Unity.Core.<CreateOnResponseThunk>c__AnonStorey1D`2:<>m__2F(CommandResponseOp`1) (at C:/w/ee9378522cbb9fd1/UnitySdk/Improbable.Unity/Assets/Precompiled/Unity/Commands/ComponentCommander.cs:243)
Improbable.Worker.<>c__DisplayClassa`1:<OnCommandResponse>b__9(CommandResponseWrapperOp)
Improbable.Worker.Internal.Callbacks`1:InvokeAll(CommandResponseWrapperOp)
Improbable.Worker.Internal.ComponentCallbacks`1:InvokeAll(UInt32, CommandResponseWrapperOp)
Improbable.Worker.Dispatcher:CommandResponseThunk(Void*, CommandResponseOp*)
Improbable.Worker.Internal.WorkerProtocol:Dispatcher_Process(DispatcherHandle, OpListHandle)
Improbable.Worker.Dispatcher:Process(OpList)
Improbable.Unity.Core.ConnectionLifecycle:ProcessEvents() (at Assets/Plugins/Improbable/Sdk/Src/Unity/Core/ConnectionLifecycle.cs:367)
Improbable.Unity.Core.ConnectionLifecycle:Update() (at Assets/Plugins/Improbable/Sdk/Src/Unity/Core/ConnectionLifecycle.cs:149)
 -[WorkerLogger:Unity]
2017-10-31 18:45:32,477 ERROR [i.b.logging.EngineLogMessageHandler] [] [] [] : [Worker: UnityClient25012bf0-ac1e-452b-bd69-5102e4725f14] Player connection heartbeat failed to send. Player may timeout.
 in UnityEngine.Debug:LogError(Object)
Assets.Gamelogic.Core.SendClientConnectionHeartbeatBehaviour:HeartbeatSendFailed(ICommandErrorDetails) (at Assets/Gamelogic/Core/SendClientConnectionHeartbeatBehaviour.cs:41)
Improbable.Unity.Core.CommandResponseHandler`1:TriggerFailure(ICommandCallbackResponse`1) (at C:/w/ee9378522cbb9fd1/UnitySdk/Improbable.Unity/Assets/Precompiled/Unity/Commands/CommandResponseHandler.cs:77)
Improbable.Unity.Core.CommandResponseHandler`1:Trigger(ICommandCallbackResponse`1) (at C:/w/ee9378522cbb9fd1/UnitySdk/Improbable.Unity/Assets/Precompiled/Unity/Commands/CommandResponseHandler.cs:52)
Improbable.Unity.Core.CommandCallbackWrapper`1:TriggerWithStatus(StatusCode, Option`1, String) (at C:/w/ee9378522cbb9fd1/UnitySdk/Improbable.Unity/Assets/Precompiled/Unity/Commands/ICommandCallbackWrapper.cs:34)
Improbable.Unity.Core.<CreateOnResponseThunk>c__AnonStorey1D`2:<>m__2F(CommandResponseOp`1) (at C:/w/ee9378522cbb9fd1/UnitySdk/Improbable.Unity/Assets/Precompiled/Unity/Commands/ComponentCommander.cs:243)
Improbable.Worker.<>c__DisplayClassa`1:<OnCommandResponse>b__9(CommandResponseWrapperOp)
Improbable.Worker.Internal.Callbacks`1:InvokeAll(CommandResponseWrapperOp)
Improbable.Worker.Internal.ComponentCallbacks`1:InvokeAll(UInt32, CommandResponseWrapperOp)
Improbable.Worker.Dispatcher:CommandResponseThunk(Void*, CommandResponseOp*)
Improbable.Worker.Internal.WorkerProtocol:Dispatcher_Process(DispatcherHandle, OpListHandle)
Improbable.Worker.Dispatcher:Process(OpList)
Improbable.Unity.Core.ConnectionLifecycle:ProcessEvents() (at Assets/Plugins/Improbable/Sdk/Src/Unity/Core/ConnectionLifecycle.cs:367)
Improbable.Unity.Core.ConnectionLifecycle:Update() (at Assets/Plugins/Improbable/Sdk/Src/Unity/Core/ConnectionLifecycle.cs:149)
 -[WorkerLogger:Unity]
2017-10-31 18:45:35,497 ERROR [i.b.logging.EngineLogMessageHandler] [] [] [] : [Worker: UnityClient25012bf0-ac1e-452b-bd69-5102e4725f14] Player connection heartbeat failed to send. Player may timeout.
 in UnityEngine.Debug:LogError(Object)
Assets.Gamelogic.Core.SendClientConnectionHeartbeatBehaviour:HeartbeatSendFailed(ICommandErrorDetails) (at Assets/Gamelogic/Core/SendClientConnectionHeartbeatBehaviour.cs:41)
Improbable.Unity.Core.CommandResponseHandler`1:TriggerFailure(ICommandCallbackResponse`1) (at C:/w/ee9378522cbb9fd1/UnitySdk/Improbable.Unity/Assets/Precompiled/Unity/Commands/CommandResponseHandler.cs:77)
Improbable.Unity.Core.CommandResponseHandler`1:Trigger(ICommandCallbackResponse`1) (at C:/w/ee9378522cbb9fd1/UnitySdk/Improbable.Unity/Assets/Precompiled/Unity/Commands/CommandResponseHandler.cs:52)
Improbable.Unity.Core.CommandCallbackWrapper`1:TriggerWithStatus(StatusCode, Option`1, String) (at C:/w/ee9378522cbb9fd1/UnitySdk/Improbable.Unity/Assets/Precompiled/Unity/Commands/ICommandCallbackWrapper.cs:34)
Improbable.Unity.Core.<CreateOnResponseThunk>c__AnonStorey1D`2:<>m__2F(CommandResponseOp`1) (at C:/w/ee9378522cbb9fd1/UnitySdk/Improbable.Unity/Assets/Precompiled/Unity/Commands/ComponentCommander.cs:243)
Improbable.Worker.<>c__DisplayClassa`1:<OnCommandResponse>b__9(CommandResponseWrapperOp)
Improbable.Worker.Internal.Callbacks`1:InvokeAll(CommandResponseWrapperOp)
Improbable.Worker.Internal.ComponentCallbacks`1:InvokeAll(UInt32, CommandResponseWrapperOp)
Improbable.Worker.Dispatcher:CommandResponseThunk(Void*, CommandResponseOp*)
Improbable.Worker.Internal.WorkerProtocol:Dispatcher_Process(DispatcherHandle, OpListHandle)
Improbable.Worker.Dispatcher:Process(OpList)
Improbable.Unity.Core.ConnectionLifecycle:ProcessEvents() (at Assets/Plugins/Improbable/Sdk/Src/Unity/Core/ConnectionLifecycle.cs:367)
Improbable.Unity.Core.ConnectionLifecycle:Update() (at Assets/Plugins/Improbable/Sdk/Src/Unity/Core/ConnectionLifecycle.cs:149)
 -[WorkerLogger:Unity]
2017-10-31 18:45:38,500 ERROR [i.b.logging.EngineLogMessageHandler] [] [] [] : [Worker: UnityClient25012bf0-ac1e-452b-bd69-5102e4725f14] Player connection heartbeat failed to send. Player may timeout.
 in UnityEngine.Debug:LogError(Object)
Assets.Gamelogic.Core.SendClientConnectionHeartbeatBehaviour:HeartbeatSendFailed(ICommandErrorDetails) (at Assets/Gamelogic/Core/SendClientConnectionHeartbeatBehaviour.cs:41)
Improbable.Unity.Core.CommandResponseHandler`1:TriggerFailure(ICommandCallbackResponse`1) (at C:/w/ee9378522cbb9fd1/UnitySdk/Improbable.Unity/Assets/Precompiled/Unity/Commands/CommandResponseHandler.cs:77)
Improbable.Unity.Core.CommandResponseHandler`1:Trigger(ICommandCallbackResponse`1) (at C:/w/ee9378522cbb9fd1/UnitySdk/Improbable.Unity/Assets/Precompiled/Unity/Commands/CommandResponseHandler.cs:52)
Improbable.Unity.Core.CommandCallbackWrapper`1:TriggerWithStatus(StatusCode, Option`1, String) (at C:/w/ee9378522cbb9fd1/UnitySdk/Improbable.Unity/Assets/Precompiled/Unity/Commands/ICommandCallbackWrapper.cs:34)
Improbable.Unity.Core.<CreateOnResponseThunk>c__AnonStorey1D`2:<>m__2F(CommandResponseOp`1) (at C:/w/ee9378522cbb9fd1/UnitySdk/Improbable.Unity/Assets/Precompiled/Unity/Commands/ComponentCommander.cs:243)
Improbable.Worker.<>c__DisplayClassa`1:<OnCommandResponse>b__9(CommandResponseWrapperOp)
Improbable.Worker.Internal.Callbacks`1:InvokeAll(CommandResponseWrapperOp)
Improbable.Worker.Internal.ComponentCallbacks`1:InvokeAll(UInt32, CommandResponseWrapperOp)
Improbable.Worker.Dispatcher:CommandResponseThunk(Void*, CommandResponseOp*)
Improbable.Worker.Internal.WorkerProtocol:Dispatcher_Process(DispatcherHandle, OpListHandle)
Improbable.Worker.Dispatcher:Process(OpList)
Improbable.Unity.Core.ConnectionLifecycle:ProcessEvents() (at Assets/Plugins/Improbable/Sdk/Src/Unity/Core/ConnectionLifecycle.cs:367)
Improbable.Unity.Core.ConnectionLifecycle:Update() (at Assets/Plugins/Improbable/Sdk/Src/Unity/Core/ConnectionLifecycle.cs:149)
 -[WorkerLogger:Unity]
2017-10-31 18:45:41,521 ERROR [i.b.logging.EngineLogMessageHandler] [] [] [] : [Worker: UnityClient25012bf0-ac1e-452b-bd69-5102e4725f14] Player connection heartbeat failed to send. Player may timeout.
 in UnityEngine.Debug:LogError(Object)
Assets.Gamelogic.Core.SendClientConnectionHeartbeatBehaviour:HeartbeatSendFailed(ICommandErrorDetails) (at Assets/Gamelogic/Core/SendClientConnectionHeartbeatBehaviour.cs:41)
Improbable.Unity.Core.CommandResponseHandler`1:TriggerFailure(ICommandCallbackResponse`1) (at C:/w/ee9378522cbb9fd1/UnitySdk/Improbable.Unity/Assets/Precompiled/Unity/Commands/CommandResponseHandler.cs:77)
Improbable.Unity.Core.CommandResponseHandler`1:Trigger(ICommandCallbackResponse`1) (at C:/w/ee9378522cbb9fd1/UnitySdk/Improbable.Unity/Assets/Precompiled/Unity/Commands/CommandResponseHandler.cs:52)
Improbable.Unity.Core.CommandCallbackWrapper`1:TriggerWithStatus(StatusCode, Option`1, String) (at C:/w/ee9378522cbb9fd1/UnitySdk/Improbable.Unity/Assets/Precompiled/Unity/Commands/ICommandCallbackWrapper.cs:34)
Improbable.Unity.Core.<CreateOnResponseThunk>c__AnonStorey1D`2:<>m__2F(CommandResponseOp`1) (at C:/w/ee9378522cbb9fd1/UnitySdk/Improbable.Unity/Assets/Precompiled/Unity/Commands/ComponentCommander.cs:243)
Improbable.Worker.<>c__DisplayClassa`1:<OnCommandResponse>b__9(CommandResponseWrapperOp)
Improbable.Worker.Internal.Callbacks`1:InvokeAll(CommandResponseWrapperOp)
Improbable.Worker.Internal.ComponentCallbacks`1:InvokeAll(UInt32, CommandResponseWrapperOp)
Improbable.Worker.Dispatcher:CommandResponseThunk(Void*, CommandResponseOp*)
Improbable.Worker.Internal.WorkerProtocol:Dispatcher_Process(DispatcherHandle, OpListHandle)
Improbable.Worker.Dispatcher:Process(OpList)
Improbable.Unity.Core.ConnectionLifecycle:ProcessEvents() (at Assets/Plugins/Improbable/Sdk/Src/Unity/Core/ConnectionLifecycle.cs:367)
Improbable.Unity.Core.ConnectionLifecycle:Update() (at Assets/Plugins/Improbable/Sdk/Src/Unity/Core/ConnectionLifecycle.cs:149)
 -[WorkerLogger:Unity]
2017-10-31 18:45:43,999 INFO  [i.b.n.BridgeActorTransportLinkListener] [] [] [] : TransportLinkListener(UnityClient25012bf0-ac1e-452b-bd69-5102e4725f14) sending Disconnected to akka://akkaFabric/user/BridgeModule:711b368e-f3cb-4c82-948d-1bee3b24f7da/BridgeActor-UnityClient25012bf0-ac1e-452b-bd69-5102e4725f14
2017-10-31 18:45:44,019 INFO  [i.module.bridge.oracle.BridgeOracle] [] [] [] : Sending bridge stopped to self for bridge endpoint BridgeEndpoint(UnityClient25012bf0-ac1e-452b-bd69-5102e4725f14)
2017-10-31 18:45:44,024 INFO  [i.module.bridge.oracle.BridgeOracle] [] [] [] : Bridge(UnityClient25012bf0-ac1e-452b-bd69-5102e4725f14) stopped.
2017-10-31 18:45:44,024 INFO  [i.b.i.BridgeInternalServiceImpl] [] [] [] : Bridge worker_id: "UnityClient25012bf0-ac1e-452b-bd69-5102e4725f14"
 unregistered with bridge internal service
2017-10-31 18:45:44,025 INFO  [improbable.bridge.BridgeActor] [] [] [] : Bridge(UnityClient25012bf0-ac1e-452b-bd69-5102e4725f14) on BridgeModuleEndpoint(711b368e-f3cb-4c82-948d-1bee3b24f7da) stopped.
2017-10-31 18:45:44,358 INFO  [akka.actor.DeadLetterActorRef] [akka://akkaFabric/deadLetters] [akkaFabric-akka.actor.default-dispatcher-2] [] : Message [improbable.bridge.message.BridgeViewStatusRequest] from Actor[akka://akkaFabric/deadLetters] to Actor[akka://akkaFabric/deadLetters] was not delivered. [1] dead letters encountered. This logging can be turned off or adjusted with configuration settings 'akka.log-dead-letters' and 'akka.log-dead-letters-during-shutdown'.
2017-10-31 18:45:45,355 INFO  [akka.actor.DeadLetterActorRef] [akka://akkaFabric/deadLetters] [akkaFabric-akka.actor.default-dispatcher-2] [] : Message [improbable.bridge.message.BridgeViewStatusRequest] from Actor[akka://akkaFabric/deadLetters] to Actor[akka://akkaFabric/deadLetters] was not delivered. [2] dead letters encountered. This logging can be turned off or adjusted with configuration settings 'akka.log-dead-letters' and 'akka.log-dead-letters-during-shutdown'.
2017-10-31 18:45:46,356 INFO  [akka.actor.DeadLetterActorRef] [akka://akkaFabric/deadLetters] [akkaFabric-akka.actor.default-dispatcher-2] [] : Message [improbable.bridge.message.BridgeViewStatusRequest] from Actor[akka://akkaFabric/deadLetters] to Actor[akka://akkaFabric/deadLetters] was not delivered. [3] dead letters encountered. This logging can be turned off or adjusted with configuration settings 'akka.log-dead-letters' and 'akka.log-dead-letters-during-shutdown'.
2017-10-31 18:45:47,355 INFO  [akka.actor.DeadLetterActorRef] [akka://akkaFabric/deadLetters] [akkaFabric-akka.actor.default-dispatcher-2] [] : Message [improbable.bridge.message.BridgeViewStatusRequest] from Actor[akka://akkaFabric/deadLetters] to Actor[akka://akkaFabric/deadLetters] was not delivered. [4] dead letters encountered. This logging can be turned off or adjusted with configuration settings 'akka.log-dead-letters' and 'akka.log-dead-letters-during-shutdown'.
2017-10-31 18:45:48,356 INFO  [akka.actor.DeadLetterActorRef] [akka://akkaFabric/deadLetters] [akkaFabric-akka.actor.default-dispatcher-2] [] : Message [improbable.bridge.message.BridgeViewStatusRequest] from Actor[akka://akkaFabric/deadLetters] to Actor[akka://akkaFabric/deadLetters] was not delivered. [5] dead letters encountered. This logging can be turned off or adjusted with configuration settings 'akka.log-dead-letters' and 'akka.log-dead-letters-during-shutdown'.
2017-10-31 18:45:49,356 INFO  [akka.actor.DeadLetterActorRef] [akka://akkaFabric/deadLetters] [akkaFabric-akka.actor.default-dispatcher-2] [] : Message [improbable.bridge.message.BridgeViewStatusRequest] from Actor[akka://akkaFabric/deadLetters] to Actor[akka://akkaFabric/deadLetters] was not delivered. [6] dead letters encountered. This logging can be turned off or adjusted with configuration settings 'akka.log-dead-letters' and 'akka.log-dead-letters-during-shutdown'.
2017-10-31 18:45:50,356 INFO  [akka.actor.DeadLetterActorRef] [akka://akkaFabric/deadLetters] [akkaFabric-akka.actor.default-dispatcher-2] [] : Message [improbable.bridge.message.BridgeViewStatusRequest] from Actor[akka://akkaFabric/deadLetters] to Actor[akka://akkaFabric/deadLetters] was not delivered. [7] dead letters encountered. This logging can be turned off or adjusted with configuration settings 'akka.log-dead-letters' and 'akka.log-dead-letters-during-shutdown'.
2017-10-31 18:45:51,355 INFO  [akka.actor.DeadLetterActorRef] [akka://akkaFabric/deadLetters] [akkaFabric-akka.actor.default-dispatcher-2] [] : Message [improbable.bridge.message.BridgeViewStatusRequest] from Actor[akka://akkaFabric/deadLetters] to Actor[akka://akkaFabric/deadLetters] was not delivered. [8] dead letters encountered. This logging can be turned off or adjusted with configuration settings 'akka.log-dead-letters' and 'akka.log-dead-letters-during-shutdown'.
2017-10-31 18:45:52,354 INFO  [akka.actor.DeadLetterActorRef] [akka://akkaFabric/deadLetters] [akkaFabric-akka.actor.default-dispatcher-2] [] : Message [improbable.bridge.message.BridgeViewStatusRequest] from Actor[akka://akkaFabric/deadLetters] to Actor[akka://akkaFabric/deadLetters] was not delivered. [9] dead letters encountered. This logging can be turned off or adjusted with configuration settings 'akka.log-dead-letters' and 'akka.log-dead-letters-during-shutdown'.
2017-10-31 18:45:53,355 INFO  [akka.actor.DeadLetterActorRef] [akka://akkaFabric/deadLetters] [akkaFabric-akka.actor.default-dispatcher-2] [] : Message [improbable.bridge.message.BridgeViewStatusRequest] from Actor[akka://akkaFabric/deadLetters] to Actor[akka://akkaFabric/deadLetters] was not delivered. [10] dead letters encountered, no more dead letters will be logged. This logging can be turned off or adjusted with configuration settings 'akka.log-dead-letters' and 'akka.log-dead-letters-during-shutdown'.
2017-10-31 18:45:59,926 INFO  [i.b.s.BridgeServicePicker] [] [] [] : Attempting to get positionHint for UnityClientb8d44f82-02af-414a-8b9d-b6672998598a via rpc
2017-10-31 18:45:59,927 INFO  [i.b.s.BridgeServicePicker] [] [] [] : Starting UnityClientb8d44f82-02af-414a-8b9d-b6672998598a without a position hint, so using a random bridge service
2017-10-31 18:45:59,928 INFO  [i.m.b.o.m.BridgeModuleOracleActor] [] [] [] : BridgeServicePicker returned module Optional[legacy_guid: "711b368e-f3cb-4c82-948d-1bee3b24f7da"
address {
  host: "127.0.0.1"
  port: 9018
}
] with load Optional[BridgeModuleLoadBalanceInfo((0.0, 0.0, 0.0),2)].get().toString() for Engine(UnityClientb8d44f82-02af-414a-8b9d-b6672998598a)
2017-10-31 18:45:59,961 INFO  [i.b.i.BridgeInternalServiceImpl] [] [] [] : Bridge worker_id: "UnityClientb8d44f82-02af-414a-8b9d-b6672998598a"
 registered with bridge internal service
2017-10-31 18:45:59,962 INFO  [i.b.o.s.BridgeOracleInternalServiceImpl] [] [] [] : Got bridge started rpc from bridge: worker_id: "UnityClientb8d44f82-02af-414a-8b9d-b6672998598a"

2017-10-31 18:45:59,963 INFO  [i.b.o.s.BridgeOracleInternalServiceImpl] [] [] [] : The worker UnityClientb8d44f82-02af-414a-8b9d-b6672998598a registered with SpatialOS successfully.
2017-10-31 18:45:59,964 INFO  [i.module.bridge.oracle.BridgeOracle] [] [] [] : Sending bridge started to self for bridge endpoint BridgeOracleEndpoint
2017-10-31 18:45:59,964 INFO  [i.module.bridge.oracle.BridgeOracle] [] [] [] : Bridge(UnityClientb8d44f82-02af-414a-8b9d-b6672998598a) started.
2017-10-31 18:46:00,560 INFO  [i.b.n.raknet.GuardedRakPeerInterface] [] [] [] : New RakNet connection established with 127.0.0.1
2017-10-31 18:46:00,804 ERROR [i.b.logging.EngineLogMessageHandler] [] [] [] : [Worker: UnityWorker0] Failed to get component reference on Player(Clone)
 in  -[WorkerLogger:Unity]
2017-10-31 18:46:48,201 INFO  [i.b.n.BridgeActorTransportLinkListener] [] [] [] : TransportLinkListener(UnityClientb8d44f82-02af-414a-8b9d-b6672998598a) sending Disconnected to akka://akkaFabric/user/BridgeModule:711b368e-f3cb-4c82-948d-1bee3b24f7da/BridgeActor-UnityClientb8d44f82-02af-414a-8b9d-b6672998598a
2017-10-31 18:46:48,204 INFO  [i.module.bridge.oracle.BridgeOracle] [] [] [] : Sending bridge stopped to self for bridge endpoint BridgeEndpoint(UnityClientb8d44f82-02af-414a-8b9d-b6672998598a)
2017-10-31 18:46:48,204 INFO  [i.b.i.BridgeInternalServiceImpl] [] [] [] : Bridge worker_id: "UnityClientb8d44f82-02af-414a-8b9d-b6672998598a"
 unregistered with bridge internal service
2017-10-31 18:46:48,205 INFO  [improbable.bridge.BridgeActor] [] [] [] : Bridge(UnityClientb8d44f82-02af-414a-8b9d-b6672998598a) on BridgeModuleEndpoint(711b368e-f3cb-4c82-948d-1bee3b24f7da) stopped.
2017-10-31 18:46:48,205 INFO  [i.module.bridge.oracle.BridgeOracle] [] [] [] : Bridge(UnityClientb8d44f82-02af-414a-8b9d-b6672998598a) stopped.
2017-10-31 18:50:58,882 INFO  [i.c.discovery.ServiceDiscoveryImpl] [] [] [] : Shutting down all services
2017-10-31 18:50:58,884 INFO  [i.core.discovery.server.LocalServer] [] [] [] : Stopped Service(improbable.fabric.internal.service.StatusDiscoveryInternalService) on 127.0.0.1:5301.
2017-10-31 18:50:58,885 INFO  [i.core.discovery.server.PublicServer] [] [] [] : Stopped Service(improbable.platform.runtime.ModuleService) on 127.0.0.1:9000.
2017-10-31 18:50:58,885 INFO  [i.core.discovery.server.PublicServer] [] [] [] : Stopped Service(improbable.platform.runtime.HealthCheckService) on 127.0.0.1:9001.
2017-10-31 18:50:58,886 INFO  [i.core.discovery.server.LocalServer] [] [] [] : Stopped Service(improbable.fabric.internal.service.PerfInternalService) on 127.0.0.1:9002.
2017-10-31 18:50:58,886 INFO  [i.core.discovery.server.LocalServer] [] [] [] : Stopped Service(improbable.fabric.internal.service.ContentionInternalService) on 127.0.0.1:9003.
2017-10-31 18:50:58,886 INFO  [i.core.discovery.server.PublicServer] [] [] [] : Stopped Service(improbable.platform.runtime.FeatureService) on 127.0.0.1:9004.
2017-10-31 18:50:58,886 INFO  [i.core.discovery.server.LocalServer] [] [] [] : Stopped Service(improbable.fabric.internal.service.NodeConfigurationInternalService) on 127.0.0.1:9005.
2017-10-31 18:50:58,886 INFO  [i.core.discovery.server.LocalServer] [] [] [] : Stopped Service(improbable.fabric.internal.service.WorldExtentsInternalService) on 127.0.0.1:9006.
2017-10-31 18:50:58,888 INFO  [i.core.discovery.server.LocalServer] [] [] [] : Stopped Service(improbable.fabric.internal.service.EntityIdInternalService) on 127.0.0.1:9007.
2017-10-31 18:50:58,888 INFO  [i.core.discovery.server.LocalServer] [] [] [] : Stopped Service(improbable.fabric.internal.service.WorkerPrestartRegistryInternalService) on 127.0.0.1:9008.
2017-10-31 18:50:58,889 INFO  [i.core.discovery.server.LocalServer] [] [] [] : Stopped Service(improbable.fabric.internal.service.RouterLookupInternalService) on 127.0.0.1:9009.
2017-10-31 18:50:58,890 INFO  [i.core.discovery.server.LocalServer] [] [] [] : Stopped Service(improbable.fabric.internal.service.RouterInternalService) on 127.0.0.1:9010.
2017-10-31 18:50:58,890 INFO  [i.core.discovery.server.LocalServer] [] [] [] : Stopped Service(improbable.fabric.internal.service.RemoteMessageInternalService) on 127.0.0.1:9011.
2017-10-31 18:50:58,890 INFO  [i.core.discovery.server.LocalServer] [] [] [] : Stopped Service(improbable.fabric.internal.service.LocalBrokerInternalService) on 127.0.0.1:9012.
2017-10-31 18:50:58,891 INFO  [i.core.discovery.server.LocalServer] [] [] [] : Stopped Service(improbable.fabric.internal.service.BridgeOracleInternalService) on 127.0.0.1:9013.
2017-10-31 18:50:58,892 INFO  [i.core.discovery.server.LocalServer] [] [] [] : Stopped Service(improbable.fabric.internal.service.GlobalBrokerInternalService) on 127.0.0.1:9014.
2017-10-31 18:50:58,892 INFO  [i.core.discovery.server.LocalServer] [] [] [] : Stopped Service(improbable.fabric.internal.service.BridgeServiceOracleInternalService) on 127.0.0.1:9015.
2017-10-31 18:50:58,893 INFO  [i.core.discovery.server.PublicServer] [] [] [] : Stopped Service(improbable.fabric.internal.service.ScalingStatsInternalService) on 127.0.0.1:9016.
2017-10-31 18:50:58,893 INFO  [i.core.discovery.server.LocalServer] [] [] [] : Stopped Service(improbable.fabric.internal.service.EntityQueryInternalService) on 127.0.0.1:9017.
2017-10-31 18:50:58,894 INFO  [i.core.discovery.server.LocalServer] [] [] [] : Stopped Service(improbable.fabric.internal.service.BridgeInternalService) on 127.0.0.1:9018.
2017-10-31 18:50:58,894 INFO  [i.core.discovery.server.PublicServer] [] [] [] : Stopped Service(improbable.platform.inner.worker.WorkerRunner) on 127.0.0.1:9019.
2017-10-31 18:50:58,894 INFO  [i.core.discovery.server.LocalServer] [] [] [] : Stopped Service(improbable.fabric.internal.service.ReceptionistInternalService) on 127.0.0.1:9020.
2017-10-31 18:50:58,894 INFO  [i.core.discovery.server.PublicServer] [] [] [] : Stopped Service(improbable.platform.runtime.ReceptionistService) on 127.0.0.1:7777.
