==========> Opened at 2017-10-31 18:44:50.160099 +0200 IST
debug Executing [spatial.exe worker_package unpack-to worker_sdk core-dynamic-x86-win32 C:\Work\Unity\more-wizards\workers\unity\Assets\Plugins\Improbable\CoreSdk\core-dynamic-x86-win32]
debug Current directory = C:\Work\Unity\more-wizards\workers\unity
debug Found project root at C:\Work\Unity\more-wizards
debug Found version '12.0.3' in file C:\Work\Unity\more-wizards\spatialos.json
debug Skipping extraction of [C:\Users\maest\AppData\Local\.improbable\toolbelt\cache\worker_package\ab5f4dd830be4d68018bde3add70880b775d9444\worker_sdk\12.0.3\core-dynamic-x86-win32.zip] to C:\Work\Unity\more-wizards\workers\unity\Assets\Plugins\Improbable\CoreSdk\core-dynamic-x86-win32. Nothing has changed.
info 'spatial.exe worker_package unpack-to worker_sdk core-dynamic-x86-win32 C:\Work\Unity\more-wizards\workers\unity\Assets\Plugins\Improbable\CoreSdk\core-dynamic-x86-win32' succeeded duration=0.0s category=success
==========> Opened at 2017-10-31 18:44:51.5298584 +0200 IST
debug Executing [spatial.exe worker_package unpack-to worker_sdk core-dynamic-x86_64-win32 C:\Work\Unity\more-wizards\workers\unity\Assets\Plugins\Improbable\CoreSdk\core-dynamic-x86_64-win32]
debug Current directory = C:\Work\Unity\more-wizards\workers\unity
debug Found project root at C:\Work\Unity\more-wizards
debug Found version '12.0.3' in file C:\Work\Unity\more-wizards\spatialos.json
debug Skipping extraction of [C:\Users\maest\AppData\Local\.improbable\toolbelt\cache\worker_package\b37385002a3a53215c61ad7000300e537e9fd6dc\worker_sdk\12.0.3\core-dynamic-x86_64-win32.zip] to C:\Work\Unity\more-wizards\workers\unity\Assets\Plugins\Improbable\CoreSdk\core-dynamic-x86_64-win32. Nothing has changed.
info 'spatial.exe worker_package unpack-to worker_sdk core-dynamic-x86_64-win32 C:\Work\Unity\more-wizards\workers\unity\Assets\Plugins\Improbable\CoreSdk\core-dynamic-x86_64-win32' succeeded duration=0.1s category=success
==========> Opened at 2017-10-31 18:45:53.5161376 +0200 IST
debug Executing [spatial.exe worker_package unpack-to worker_sdk core-dynamic-x86-win32 C:\Work\Unity\more-wizards\workers\unity\Assets\Plugins\Improbable\CoreSdk\core-dynamic-x86-win32]
debug Current directory = C:\Work\Unity\more-wizards\workers\unity
debug Found project root at C:\Work\Unity\more-wizards
debug Found version '12.0.3' in file C:\Work\Unity\more-wizards\spatialos.json
debug Skipping extraction of [C:\Users\maest\AppData\Local\.improbable\toolbelt\cache\worker_package\ab5f4dd830be4d68018bde3add70880b775d9444\worker_sdk\12.0.3\core-dynamic-x86-win32.zip] to C:\Work\Unity\more-wizards\workers\unity\Assets\Plugins\Improbable\CoreSdk\core-dynamic-x86-win32. Nothing has changed.
info 'spatial.exe worker_package unpack-to worker_sdk core-dynamic-x86-win32 C:\Work\Unity\more-wizards\workers\unity\Assets\Plugins\Improbable\CoreSdk\core-dynamic-x86-win32' succeeded duration=0.0s category=success
==========> Opened at 2017-10-31 18:45:54.9407481 +0200 IST
debug Executing [spatial.exe worker_package unpack-to worker_sdk core-dynamic-x86_64-win32 C:\Work\Unity\more-wizards\workers\unity\Assets\Plugins\Improbable\CoreSdk\core-dynamic-x86_64-win32]
debug Current directory = C:\Work\Unity\more-wizards\workers\unity
debug Found project root at C:\Work\Unity\more-wizards
debug Found version '12.0.3' in file C:\Work\Unity\more-wizards\spatialos.json
debug Skipping extraction of [C:\Users\maest\AppData\Local\.improbable\toolbelt\cache\worker_package\b37385002a3a53215c61ad7000300e537e9fd6dc\worker_sdk\12.0.3\core-dynamic-x86_64-win32.zip] to C:\Work\Unity\more-wizards\workers\unity\Assets\Plugins\Improbable\CoreSdk\core-dynamic-x86_64-win32. Nothing has changed.
info 'spatial.exe worker_package unpack-to worker_sdk core-dynamic-x86_64-win32 C:\Work\Unity\more-wizards\workers\unity\Assets\Plugins\Improbable\CoreSdk\core-dynamic-x86_64-win32' succeeded category=success duration=0.1s
==========> Opened at 2017-11-07 17:31:02.4227798 +0200 IST
debug Executing [spatial.exe worker_package unpack-to worker_sdk core-dynamic-x86-win32 D:\spatialOS - unity -Projects\a-fix-by-meow\more-wizards\workers\unity\Assets\Plugins\Improbable\CoreSdk\core-dynamic-x86-win32]
debug Current directory = D:\spatialOS - unity -Projects\a-fix-by-meow\more-wizards\workers\unity
debug Found project root at D:\spatialOS - unity -Projects\a-fix-by-meow\more-wizards
debug Found version '12.0.3' in file D:\spatialOS - unity -Projects\a-fix-by-meow\more-wizards\spatialos.json
debug In '', spatial [package retrieve worker_sdk core-dynamic-x86-win32 12.0.3 C:\Users\Home\AppData\Local\.improbable\toolbelt\cache\worker_package\ab5f4dd830be4d68018bde3add70880b775d9444\worker_sdk\12.0.3\core-dynamic-x86-win32.zip --log_level=info]
debug Retrieved information for package type 'worker_sdk' with name 'core-dynamic-x86-win32' and version '12.0.3'
debug Successfully downloaded package type 'worker_sdk' with name 'core-dynamic-x86-win32', version '12.0.3' and SDK min version '' to 'C:\Users\Home\AppData\Local\.improbable\toolbelt\cache\worker_package\ab5f4dd830be4d68018bde3add70880b775d9444\worker_sdk\12.0.3\core-dynamic-x86-win32.zip'
debug time="2017-11-07T17:31:03+02:00" level=info msg="Retrieved information for package type 'worker_sdk' with name 'core-dynamic-x86-win32' and version '12.0.3'" @tags=[] cli-version=20171013.071423.fcb0d90 
time="2017-11-07T17:31:05+02:00" level=info msg="Successfully downloaded package type 'worker_sdk' with name 'core-dynamic-x86-win32', version '12.0.3' and SDK min version '' to 'C:\\Users\\Home\\AppData\\Local\\.improbable\\toolbelt\\cache\\worker_package\\ab5f4dd830be4d68018bde3add70880b775d9444\\worker_sdk\\12.0.3\\core-dynamic-x86-win32.zip'" @tags=[] cli-version=20171013.071423.fcb0d90 

debug Specified target does not match with the hash present in the target directory "D:\\spatialOS - unity -Projects\\a-fix-by-meow\\more-wizards\\workers\\unity\\Assets\\Plugins\\Improbable\\CoreSdk\\core-dynamic-x86-win32". Re-extracting.
debug Found version '12.0.3' in file D:\spatialOS - unity -Projects\a-fix-by-meow\more-wizards\spatialos.json
info Extracting packages 0/1 percent=0
debug Unpacking core-dynamic-x86-win32.zip
info Extracting packages 1/1 percent=100
info 'spatial.exe worker_package unpack-to worker_sdk core-dynamic-x86-win32 D:\spatialOS - unity -Projects\a-fix-by-meow\more-wizards\workers\unity\Assets\Plugins\Improbable\CoreSdk\core-dynamic-x86-win32' succeeded duration=2.9s category=success
==========> Opened at 2017-11-07 17:31:06.4457074 +0200 IST
debug Executing [spatial.exe worker_package unpack-to worker_sdk core-dynamic-x86_64-win32 D:\spatialOS - unity -Projects\a-fix-by-meow\more-wizards\workers\unity\Assets\Plugins\Improbable\CoreSdk\core-dynamic-x86_64-win32]
debug Current directory = D:\spatialOS - unity -Projects\a-fix-by-meow\more-wizards\workers\unity
debug Found project root at D:\spatialOS - unity -Projects\a-fix-by-meow\more-wizards
debug Found version '12.0.3' in file D:\spatialOS - unity -Projects\a-fix-by-meow\more-wizards\spatialos.json
debug In '', spatial [package retrieve worker_sdk core-dynamic-x86_64-win32 12.0.3 C:\Users\Home\AppData\Local\.improbable\toolbelt\cache\worker_package\b37385002a3a53215c61ad7000300e537e9fd6dc\worker_sdk\12.0.3\core-dynamic-x86_64-win32.zip --log_level=info]
debug Retrieved information for package type 'worker_sdk' with name 'core-dynamic-x86_64-win32' and version '12.0.3'
debug Successfully downloaded package type 'worker_sdk' with name 'core-dynamic-x86_64-win32', version '12.0.3' and SDK min version '' to 'C:\Users\Home\AppData\Local\.improbable\toolbelt\cache\worker_package\b37385002a3a53215c61ad7000300e537e9fd6dc\worker_sdk\12.0.3\core-dynamic-x86_64-win32.zip'
debug time="2017-11-07T17:31:07+02:00" level=info msg="Retrieved information for package type 'worker_sdk' with name 'core-dynamic-x86_64-win32' and version '12.0.3'" @tags=[] cli-version=20171013.071423.fcb0d90 
time="2017-11-07T17:31:08+02:00" level=info msg="Successfully downloaded package type 'worker_sdk' with name 'core-dynamic-x86_64-win32', version '12.0.3' and SDK min version '' to 'C:\\Users\\Home\\AppData\\Local\\.improbable\\toolbelt\\cache\\worker_package\\b37385002a3a53215c61ad7000300e537e9fd6dc\\worker_sdk\\12.0.3\\core-dynamic-x86_64-win32.zip'" @tags=[] cli-version=20171013.071423.fcb0d90 

debug Specified target does not match with the hash present in the target directory "D:\\spatialOS - unity -Projects\\a-fix-by-meow\\more-wizards\\workers\\unity\\Assets\\Plugins\\Improbable\\CoreSdk\\core-dynamic-x86_64-win32". Re-extracting.
debug Found version '12.0.3' in file D:\spatialOS - unity -Projects\a-fix-by-meow\more-wizards\spatialos.json
info Extracting packages 0/1 percent=0
debug Unpacking core-dynamic-x86_64-win32.zip
info Extracting packages 1/1 percent=100
info 'spatial.exe worker_package unpack-to worker_sdk core-dynamic-x86_64-win32 D:\spatialOS - unity -Projects\a-fix-by-meow\more-wizards\workers\unity\Assets\Plugins\Improbable\CoreSdk\core-dynamic-x86_64-win32' succeeded duration=2.5s category=success
==========> Opened at 2017-11-07 17:31:14.3906241 +0200 IST
debug Executing [spatial.exe worker_package unpack-to worker_sdk core-dynamic-x86-win32 D:\spatialOS - unity -Projects\a-fix-by-meow\more-wizards\workers\unity\Assets\Plugins\Improbable\CoreSdk\core-dynamic-x86-win32]
debug Current directory = D:\spatialOS - unity -Projects\a-fix-by-meow\more-wizards\workers\unity
debug Found project root at D:\spatialOS - unity -Projects\a-fix-by-meow\more-wizards
debug Found version '12.0.3' in file D:\spatialOS - unity -Projects\a-fix-by-meow\more-wizards\spatialos.json
debug Skipping extraction of [C:\Users\Home\AppData\Local\.improbable\toolbelt\cache\worker_package\ab5f4dd830be4d68018bde3add70880b775d9444\worker_sdk\12.0.3\core-dynamic-x86-win32.zip] to D:\spatialOS - unity -Projects\a-fix-by-meow\more-wizards\workers\unity\Assets\Plugins\Improbable\CoreSdk\core-dynamic-x86-win32. Nothing has changed.
info 'spatial.exe worker_package unpack-to worker_sdk core-dynamic-x86-win32 D:\spatialOS - unity -Projects\a-fix-by-meow\more-wizards\workers\unity\Assets\Plugins\Improbable\CoreSdk\core-dynamic-x86-win32' succeeded category=success duration=0.0s
==========> Opened at 2017-11-07 17:31:15.8973229 +0200 IST
debug Executing [spatial.exe worker_package unpack-to worker_sdk core-dynamic-x86_64-win32 D:\spatialOS - unity -Projects\a-fix-by-meow\more-wizards\workers\unity\Assets\Plugins\Improbable\CoreSdk\core-dynamic-x86_64-win32]
debug Current directory = D:\spatialOS - unity -Projects\a-fix-by-meow\more-wizards\workers\unity
debug Found project root at D:\spatialOS - unity -Projects\a-fix-by-meow\more-wizards
debug Found version '12.0.3' in file D:\spatialOS - unity -Projects\a-fix-by-meow\more-wizards\spatialos.json
debug Skipping extraction of [C:\Users\Home\AppData\Local\.improbable\toolbelt\cache\worker_package\b37385002a3a53215c61ad7000300e537e9fd6dc\worker_sdk\12.0.3\core-dynamic-x86_64-win32.zip] to D:\spatialOS - unity -Projects\a-fix-by-meow\more-wizards\workers\unity\Assets\Plugins\Improbable\CoreSdk\core-dynamic-x86_64-win32. Nothing has changed.
info 'spatial.exe worker_package unpack-to worker_sdk core-dynamic-x86_64-win32 D:\spatialOS - unity -Projects\a-fix-by-meow\more-wizards\workers\unity\Assets\Plugins\Improbable\CoreSdk\core-dynamic-x86_64-win32' succeeded duration=0.0s category=success
==========> Opened at 2017-11-07 17:31:23.4416267 +0200 IST
debug Executing [spatial.exe worker_package unpack-to worker_sdk core-dynamic-x86-win32 D:\spatialOS - unity -Projects\a-fix-by-meow\more-wizards\workers\unity\Assets\Plugins\Improbable\CoreSdk\core-dynamic-x86-win32]
debug Current directory = D:\spatialOS - unity -Projects\a-fix-by-meow\more-wizards\workers\unity
debug Found project root at D:\spatialOS - unity -Projects\a-fix-by-meow\more-wizards
debug Found version '12.0.3' in file D:\spatialOS - unity -Projects\a-fix-by-meow\more-wizards\spatialos.json
debug Skipping extraction of [C:\Users\Home\AppData\Local\.improbable\toolbelt\cache\worker_package\ab5f4dd830be4d68018bde3add70880b775d9444\worker_sdk\12.0.3\core-dynamic-x86-win32.zip] to D:\spatialOS - unity -Projects\a-fix-by-meow\more-wizards\workers\unity\Assets\Plugins\Improbable\CoreSdk\core-dynamic-x86-win32. Nothing has changed.
info 'spatial.exe worker_package unpack-to worker_sdk core-dynamic-x86-win32 D:\spatialOS - unity -Projects\a-fix-by-meow\more-wizards\workers\unity\Assets\Plugins\Improbable\CoreSdk\core-dynamic-x86-win32' succeeded duration=0.0s category=success
==========> Opened at 2017-11-07 17:31:24.4492051 +0200 IST
debug Executing [spatial.exe worker_package unpack-to worker_sdk core-dynamic-x86_64-win32 D:\spatialOS - unity -Projects\a-fix-by-meow\more-wizards\workers\unity\Assets\Plugins\Improbable\CoreSdk\core-dynamic-x86_64-win32]
debug Current directory = D:\spatialOS - unity -Projects\a-fix-by-meow\more-wizards\workers\unity
debug Found project root at D:\spatialOS - unity -Projects\a-fix-by-meow\more-wizards
debug Found version '12.0.3' in file D:\spatialOS - unity -Projects\a-fix-by-meow\more-wizards\spatialos.json
debug Skipping extraction of [C:\Users\Home\AppData\Local\.improbable\toolbelt\cache\worker_package\b37385002a3a53215c61ad7000300e537e9fd6dc\worker_sdk\12.0.3\core-dynamic-x86_64-win32.zip] to D:\spatialOS - unity -Projects\a-fix-by-meow\more-wizards\workers\unity\Assets\Plugins\Improbable\CoreSdk\core-dynamic-x86_64-win32. Nothing has changed.
info 'spatial.exe worker_package unpack-to worker_sdk core-dynamic-x86_64-win32 D:\spatialOS - unity -Projects\a-fix-by-meow\more-wizards\workers\unity\Assets\Plugins\Improbable\CoreSdk\core-dynamic-x86_64-win32' succeeded duration=0.0s category=success
