Initialize engine version: 5.6.0f3 (497a0f351392)
Forcing GfxDevice: Null
NullGfxDevice:
    Version:  NULL 1.0 [1.0]
    Renderer: Null Device
    Vendor:   Unity Technologies
Begin MonoManager ReloadAssembly
Platform assembly: C:\Users\Home\AppData\Local\Temp\zip-downloader447650842645890263\7cb88da48917ee7efa4684a737fc6768\UnityWorker@Windows_Data\Managed\UnityEngine.dll (this message is harmless)
Loading C:\Users\Home\AppData\Local\Temp\zip-downloader447650842645890263\7cb88da48917ee7efa4684a737fc6768\UnityWorker@Windows_Data\Managed\UnityEngine.dll into Unity Child Domain
Platform assembly: C:\Users\Home\AppData\Local\Temp\zip-downloader447650842645890263\7cb88da48917ee7efa4684a737fc6768\UnityWorker@Windows_Data\Managed\Assembly-CSharp-firstpass.dll (this message is harmless)
Loading C:\Users\Home\AppData\Local\Temp\zip-downloader447650842645890263\7cb88da48917ee7efa4684a737fc6768\UnityWorker@Windows_Data\Managed\Assembly-CSharp-firstpass.dll into Unity Child Domain
Platform assembly: C:\Users\Home\AppData\Local\Temp\zip-downloader447650842645890263\7cb88da48917ee7efa4684a737fc6768\UnityWorker@Windows_Data\Managed\Assembly-CSharp.dll (this message is harmless)
Loading C:\Users\Home\AppData\Local\Temp\zip-downloader447650842645890263\7cb88da48917ee7efa4684a737fc6768\UnityWorker@Windows_Data\Managed\Assembly-CSharp.dll into Unity Child Domain
Platform assembly: C:\Users\Home\AppData\Local\Temp\zip-downloader447650842645890263\7cb88da48917ee7efa4684a737fc6768\UnityWorker@Windows_Data\Managed\UnityEngine.UI.dll (this message is harmless)
Loading C:\Users\Home\AppData\Local\Temp\zip-downloader447650842645890263\7cb88da48917ee7efa4684a737fc6768\UnityWorker@Windows_Data\Managed\UnityEngine.UI.dll into Unity Child Domain
Platform assembly: C:\Users\Home\AppData\Local\Temp\zip-downloader447650842645890263\7cb88da48917ee7efa4684a737fc6768\UnityWorker@Windows_Data\Managed\UnityEngine.Networking.dll (this message is harmless)
Loading C:\Users\Home\AppData\Local\Temp\zip-downloader447650842645890263\7cb88da48917ee7efa4684a737fc6768\UnityWorker@Windows_Data\Managed\UnityEngine.Networking.dll into Unity Child Domain
Platform assembly: C:\Users\Home\AppData\Local\Temp\zip-downloader447650842645890263\7cb88da48917ee7efa4684a737fc6768\UnityWorker@Windows_Data\Managed\Generated.Code.dll (this message is harmless)
Loading C:\Users\Home\AppData\Local\Temp\zip-downloader447650842645890263\7cb88da48917ee7efa4684a737fc6768\UnityWorker@Windows_Data\Managed\Generated.Code.dll into Unity Child Domain
Platform assembly: C:\Users\Home\AppData\Local\Temp\zip-downloader447650842645890263\7cb88da48917ee7efa4684a737fc6768\UnityWorker@Windows_Data\Managed\Improbable.WorkerSdkCsharp.dll (this message is harmless)
Loading C:\Users\Home\AppData\Local\Temp\zip-downloader447650842645890263\7cb88da48917ee7efa4684a737fc6768\UnityWorker@Windows_Data\Managed\Improbable.WorkerSdkCsharp.dll into Unity Child Domain
Platform assembly: C:\Users\Home\AppData\Local\Temp\zip-downloader447650842645890263\7cb88da48917ee7efa4684a737fc6768\UnityWorker@Windows_Data\Managed\Improbable.WorkerSdkCsharp.Framework.dll (this message is harmless)
Loading C:\Users\Home\AppData\Local\Temp\zip-downloader447650842645890263\7cb88da48917ee7efa4684a737fc6768\UnityWorker@Windows_Data\Managed\Improbable.WorkerSdkCsharp.Framework.dll into Unity Child Domain
Platform assembly: C:\Users\Home\AppData\Local\Temp\zip-downloader447650842645890263\7cb88da48917ee7efa4684a737fc6768\UnityWorker@Windows_Data\Managed\System.Threading.dll (this message is harmless)
Loading C:\Users\Home\AppData\Local\Temp\zip-downloader447650842645890263\7cb88da48917ee7efa4684a737fc6768\UnityWorker@Windows_Data\Managed\System.Threading.dll into Unity Child Domain
Platform assembly: C:\Users\Home\AppData\Local\Temp\zip-downloader447650842645890263\7cb88da48917ee7efa4684a737fc6768\UnityWorker@Windows_Data\Managed\Improbable.UnityDll.dll (this message is harmless)
Loading C:\Users\Home\AppData\Local\Temp\zip-downloader447650842645890263\7cb88da48917ee7efa4684a737fc6768\UnityWorker@Windows_Data\Managed\Improbable.UnityDll.dll into Unity Child Domain
- Completed reload, in  0.021 seconds
Platform assembly: C:\Users\Home\AppData\Local\Temp\zip-downloader447650842645890263\7cb88da48917ee7efa4684a737fc6768\UnityWorker@Windows_Data\Managed\System.Core.dll (this message is harmless)
Platform assembly: C:\Users\Home\AppData\Local\Temp\zip-downloader447650842645890263\7cb88da48917ee7efa4684a737fc6768\UnityWorker@Windows_Data\Managed\System.dll (this message is harmless)
UnloadTime: 0.847623 ms
Command line C:\Users\Home\AppData\Local\Temp\zip-downloader447650842645890263\7cb88da48917ee7efa4684a737fc6768\UnityWorker@Windows.exe +projectName your_project_name_here +receptionistIp 127.0.0.1 +receptionistPort 7777 +workerType UnityWorker +workerId UnityWorker1 +useInternalIpForBridge true +infraServicesUrl http://127.0.0.1:21000 +assemblyName local_assembly +linkProtocol RakNet -logfile D:\spatialOS - unity -Projects\Astroids\logs\2017-11-14_18-22-33_0\workers\UnityWorker\UnityWorker1-4530545922259864756.log -batchmode -nographics
 
(Filename: C:/buildslave/unity/build/artifacts/generated/common/runtime/DebugBindings.gen.cpp Line: 51)

WorkerConfiguration settings
AppName = 
ProjectName = your_project_name_here
AssemblyName = local_assembly
DeploymentId = 
DeploymentTag = prod
EngineId = UnityWorker1
EnginePlatform = UnityWorker
WorkerId = UnityWorker1
WorkerPlatform = UnityWorker
EntityCreationLimitPerFrame = 0
InfraServiceUrl = http://127.0.0.1:21000
LocatorHost = locator.improbable.io
ReceptionistHost = 127.0.0.1
ReceptionistPort = 7777
LinkProtocol = RakNet
LoginToken = 
ProtocolLoggingOnStartup = False
ProtocolLogPrefix = protocol-
ProtocolLogMaxFileBytes = 104857600
RaknetHeartbeatTimeoutMillis = 60000
ReceiveQueueCapacity = 32768
SendQueueCapacity = 16384
ShowDebugTraces = False
SteamToken = 
TcpMultiplexLevel = 32
UseInstrumentation = False
UsePerInstanceAssetCache = True
UsePrefabPooling = True
LogDebugToSpatialOs = True
LogAssertToSpatialOs = True
LogWarningToSpatialOs = True
LogErrorToSpatialOs = True
LogExceptionToSpatialOs = True

 
(Filename: C:/buildslave/unity/build/artifacts/generated/common/runtime/DebugBindings.gen.cpp Line: 51)

Platform assembly: C:\Users\Home\AppData\Local\Temp\zip-downloader447650842645890263\7cb88da48917ee7efa4684a737fc6768\UnityWorker@Windows_Data\Managed\Mono.Security.dll (this message is harmless)
Platform assembly: C:\Users\Home\AppData\Local\Temp\zip-downloader447650842645890263\7cb88da48917ee7efa4684a737fc6768\UnityWorker@Windows_Data\Managed\System.Configuration.dll (this message is harmless)
Platform assembly: C:\Users\Home\AppData\Local\Temp\zip-downloader447650842645890263\7cb88da48917ee7efa4684a737fc6768\UnityWorker@Windows_Data\Managed\System.Xml.dll (this message is harmless)
NPC failed to receive Harvest response
 
(Filename: C:/buildslave/unity/build/artifacts/generated/common/runtime/DebugBindings.gen.cpp Line: 51)

NPC failed to receive Harvest response
 
(Filename: C:/buildslave/unity/build/artifacts/generated/common/runtime/DebugBindings.gen.cpp Line: 51)

NPC failed to receive Harvest response
 
(Filename: C:/buildslave/unity/build/artifacts/generated/common/runtime/DebugBindings.gen.cpp Line: 51)

NPC failed to receive Harvest response
 
(Filename: C:/buildslave/unity/build/artifacts/generated/common/runtime/DebugBindings.gen.cpp Line: 51)

NPC failed to receive Harvest response
 
(Filename: C:/buildslave/unity/build/artifacts/generated/common/runtime/DebugBindings.gen.cpp Line: 51)

NPC failed to receive Harvest response
 
(Filename: C:/buildslave/unity/build/artifacts/generated/common/runtime/DebugBindings.gen.cpp Line: 51)

NPC failed to receive Harvest response
 
(Filename: C:/buildslave/unity/build/artifacts/generated/common/runtime/DebugBindings.gen.cpp Line: 51)

NPC failed to receive Stockpile response
 
(Filename: C:/buildslave/unity/build/artifacts/generated/common/runtime/DebugBindings.gen.cpp Line: 51)

NPC failed to receive Harvest response
 
(Filename: C:/buildslave/unity/build/artifacts/generated/common/runtime/DebugBindings.gen.cpp Line: 51)

NPC failed to receive Harvest response
 
(Filename: C:/buildslave/unity/build/artifacts/generated/common/runtime/DebugBindings.gen.cpp Line: 51)

NPC failed to receive Harvest response
 
(Filename: C:/buildslave/unity/build/artifacts/generated/common/runtime/DebugBindings.gen.cpp Line: 51)

NPC failed to receive Harvest response
 
(Filename: C:/buildslave/unity/build/artifacts/generated/common/runtime/DebugBindings.gen.cpp Line: 51)

NPC failed to receive Stockpile response
 
(Filename: C:/buildslave/unity/build/artifacts/generated/common/runtime/DebugBindings.gen.cpp Line: 51)

NPC failed to receive Harvest response
 
(Filename: C:/buildslave/unity/build/artifacts/generated/common/runtime/DebugBindings.gen.cpp Line: 51)

NPC failed to receive Stockpile response
 
(Filename: C:/buildslave/unity/build/artifacts/generated/common/runtime/DebugBindings.gen.cpp Line: 51)

NPC failed to receive Harvest response
 
(Filename: C:/buildslave/unity/build/artifacts/generated/common/runtime/DebugBindings.gen.cpp Line: 51)

NPC failed to receive Stockpile response
 
(Filename: C:/buildslave/unity/build/artifacts/generated/common/runtime/DebugBindings.gen.cpp Line: 51)

NPC failed to receive Harvest response
 
(Filename: C:/buildslave/unity/build/artifacts/generated/common/runtime/DebugBindings.gen.cpp Line: 51)

NPC failed to receive Harvest response
 
(Filename: C:/buildslave/unity/build/artifacts/generated/common/runtime/DebugBindings.gen.cpp Line: 51)

NPC failed to receive Harvest response
 
(Filename: C:/buildslave/unity/build/artifacts/generated/common/runtime/DebugBindings.gen.cpp Line: 51)

NPC failed to receive Stockpile response
 
(Filename: C:/buildslave/unity/build/artifacts/generated/common/runtime/DebugBindings.gen.cpp Line: 51)

NPC failed to receive Harvest response
 
(Filename: C:/buildslave/unity/build/artifacts/generated/common/runtime/DebugBindings.gen.cpp Line: 51)

NPC failed to receive Stockpile response
 
(Filename: C:/buildslave/unity/build/artifacts/generated/common/runtime/DebugBindings.gen.cpp Line: 51)

NPC failed to receive Harvest response
 
(Filename: C:/buildslave/unity/build/artifacts/generated/common/runtime/DebugBindings.gen.cpp Line: 51)

NPC failed to receive Harvest response
 
(Filename: C:/buildslave/unity/build/artifacts/generated/common/runtime/DebugBindings.gen.cpp Line: 51)

NPC failed to receive Stockpile response
 
(Filename: C:/buildslave/unity/build/artifacts/generated/common/runtime/DebugBindings.gen.cpp Line: 51)

NPC failed to receive Harvest response
 
(Filename: C:/buildslave/unity/build/artifacts/generated/common/runtime/DebugBindings.gen.cpp Line: 51)

NPC failed to receive Harvest response
 
(Filename: C:/buildslave/unity/build/artifacts/generated/common/runtime/DebugBindings.gen.cpp Line: 51)

NPC failed to receive Harvest response
 
(Filename: C:/buildslave/unity/build/artifacts/generated/common/runtime/DebugBindings.gen.cpp Line: 51)

NPC failed to receive Stockpile response
 
(Filename: C:/buildslave/unity/build/artifacts/generated/common/runtime/DebugBindings.gen.cpp Line: 51)

NPC failed to receive Harvest response
 
(Filename: C:/buildslave/unity/build/artifacts/generated/common/runtime/DebugBindings.gen.cpp Line: 51)

NPC failed to receive Stockpile response
 
(Filename: C:/buildslave/unity/build/artifacts/generated/common/runtime/DebugBindings.gen.cpp Line: 51)

NPC failed to receive Harvest response
 
(Filename: C:/buildslave/unity/build/artifacts/generated/common/runtime/DebugBindings.gen.cpp Line: 51)

NPC failed to receive Harvest response
 
(Filename: C:/buildslave/unity/build/artifacts/generated/common/runtime/DebugBindings.gen.cpp Line: 51)

NPC failed to receive Stockpile response
 
(Filename: C:/buildslave/unity/build/artifacts/generated/common/runtime/DebugBindings.gen.cpp Line: 51)

NPC failed to receive Harvest response
 
(Filename: C:/buildslave/unity/build/artifacts/generated/common/runtime/DebugBindings.gen.cpp Line: 51)

NPC failed to receive Harvest response
 
(Filename: C:/buildslave/unity/build/artifacts/generated/common/runtime/DebugBindings.gen.cpp Line: 51)

NPC failed to receive Stockpile response
 
(Filename: C:/buildslave/unity/build/artifacts/generated/common/runtime/DebugBindings.gen.cpp Line: 51)

NPC failed to receive Harvest response
 
(Filename: C:/buildslave/unity/build/artifacts/generated/common/runtime/DebugBindings.gen.cpp Line: 51)

NPC failed to receive Stockpile response
 
(Filename: C:/buildslave/unity/build/artifacts/generated/common/runtime/DebugBindings.gen.cpp Line: 51)

NPC failed to receive Harvest response
 
(Filename: C:/buildslave/unity/build/artifacts/generated/common/runtime/DebugBindings.gen.cpp Line: 51)

NPC failed to receive Stockpile response
 
(Filename: C:/buildslave/unity/build/artifacts/generated/common/runtime/DebugBindings.gen.cpp Line: 51)

NPC failed to receive Harvest response
 
(Filename: C:/buildslave/unity/build/artifacts/generated/common/runtime/DebugBindings.gen.cpp Line: 51)

NPC failed to receive Harvest response
 
(Filename: C:/buildslave/unity/build/artifacts/generated/common/runtime/DebugBindings.gen.cpp Line: 51)

NPC failed to receive Stockpile response
 
(Filename: C:/buildslave/unity/build/artifacts/generated/common/runtime/DebugBindings.gen.cpp Line: 51)

NPC failed to receive Harvest response
 
(Filename: C:/buildslave/unity/build/artifacts/generated/common/runtime/DebugBindings.gen.cpp Line: 51)

NPC failed to receive Harvest response
 
(Filename: C:/buildslave/unity/build/artifacts/generated/common/runtime/DebugBindings.gen.cpp Line: 51)

NPC failed to receive Stockpile response
 
(Filename: C:/buildslave/unity/build/artifacts/generated/common/runtime/DebugBindings.gen.cpp Line: 51)

NPC failed to receive Harvest response
 
(Filename: C:/buildslave/unity/build/artifacts/generated/common/runtime/DebugBindings.gen.cpp Line: 51)

NPC failed to receive Stockpile response
 
(Filename: C:/buildslave/unity/build/artifacts/generated/common/runtime/DebugBindings.gen.cpp Line: 51)

NPC failed to receive Harvest response
 
(Filename: C:/buildslave/unity/build/artifacts/generated/common/runtime/DebugBindings.gen.cpp Line: 51)

NPC failed to receive Harvest response
 
(Filename: C:/buildslave/unity/build/artifacts/generated/common/runtime/DebugBindings.gen.cpp Line: 51)

NPC failed to receive Stockpile response
 
(Filename: C:/buildslave/unity/build/artifacts/generated/common/runtime/DebugBindings.gen.cpp Line: 51)

NPC failed to receive Harvest response
 
(Filename: C:/buildslave/unity/build/artifacts/generated/common/runtime/DebugBindings.gen.cpp Line: 51)

NPC failed to receive Harvest response
 
(Filename: C:/buildslave/unity/build/artifacts/generated/common/runtime/DebugBindings.gen.cpp Line: 51)

NPC failed to receive Stockpile response
 
(Filename: C:/buildslave/unity/build/artifacts/generated/common/runtime/DebugBindings.gen.cpp Line: 51)

NPC failed to receive Harvest response
 
(Filename: C:/buildslave/unity/build/artifacts/generated/common/runtime/DebugBindings.gen.cpp Line: 51)

NPC failed to receive Harvest response
 
(Filename: C:/buildslave/unity/build/artifacts/generated/common/runtime/DebugBindings.gen.cpp Line: 51)

NPC failed to receive Stockpile response
 
(Filename: C:/buildslave/unity/build/artifacts/generated/common/runtime/DebugBindings.gen.cpp Line: 51)

NPC failed to receive Harvest response
 
(Filename: C:/buildslave/unity/build/artifacts/generated/common/runtime/DebugBindings.gen.cpp Line: 51)

NPC failed to receive Stockpile response
 
(Filename: C:/buildslave/unity/build/artifacts/generated/common/runtime/DebugBindings.gen.cpp Line: 51)

NPC failed to receive Harvest response
 
(Filename: C:/buildslave/unity/build/artifacts/generated/common/runtime/DebugBindings.gen.cpp Line: 51)

NPC failed to receive Harvest response
 
(Filename: C:/buildslave/unity/build/artifacts/generated/common/runtime/DebugBindings.gen.cpp Line: 51)

NPC failed to receive Harvest response
 
(Filename: C:/buildslave/unity/build/artifacts/generated/common/runtime/DebugBindings.gen.cpp Line: 51)

NPC failed to receive Stockpile response
 
(Filename: C:/buildslave/unity/build/artifacts/generated/common/runtime/DebugBindings.gen.cpp Line: 51)

NPC failed to receive Harvest response
 
(Filename: C:/buildslave/unity/build/artifacts/generated/common/runtime/DebugBindings.gen.cpp Line: 51)

NPC failed to receive Harvest response
 
(Filename: C:/buildslave/unity/build/artifacts/generated/common/runtime/DebugBindings.gen.cpp Line: 51)

NPC failed to receive Stockpile response
 
(Filename: C:/buildslave/unity/build/artifacts/generated/common/runtime/DebugBindings.gen.cpp Line: 51)

NPC failed to receive Harvest response
 
(Filename: C:/buildslave/unity/build/artifacts/generated/common/runtime/DebugBindings.gen.cpp Line: 51)

NPC failed to receive Harvest response
 
(Filename: C:/buildslave/unity/build/artifacts/generated/common/runtime/DebugBindings.gen.cpp Line: 51)

NPC failed to receive Stockpile response
 
(Filename: C:/buildslave/unity/build/artifacts/generated/common/runtime/DebugBindings.gen.cpp Line: 51)

NPC failed to receive Harvest response
 
(Filename: C:/buildslave/unity/build/artifacts/generated/common/runtime/DebugBindings.gen.cpp Line: 51)

NPC failed to receive Stockpile response
 
(Filename: C:/buildslave/unity/build/artifacts/generated/common/runtime/DebugBindings.gen.cpp Line: 51)

NPC failed to receive Harvest response
 
(Filename: C:/buildslave/unity/build/artifacts/generated/common/runtime/DebugBindings.gen.cpp Line: 51)

NPC failed to receive Harvest response
 
(Filename: C:/buildslave/unity/build/artifacts/generated/common/runtime/DebugBindings.gen.cpp Line: 51)

NPC failed to receive Harvest response
 
(Filename: C:/buildslave/unity/build/artifacts/generated/common/runtime/DebugBindings.gen.cpp Line: 51)

NPC failed to receive Stockpile response
 
(Filename: C:/buildslave/unity/build/artifacts/generated/common/runtime/DebugBindings.gen.cpp Line: 51)

NPC failed to receive Harvest response
 
(Filename: C:/buildslave/unity/build/artifacts/generated/common/runtime/DebugBindings.gen.cpp Line: 51)

NPC failed to receive Harvest response
 
(Filename: C:/buildslave/unity/build/artifacts/generated/common/runtime/DebugBindings.gen.cpp Line: 51)

NPC failed to receive Stockpile response
 
(Filename: C:/buildslave/unity/build/artifacts/generated/common/runtime/DebugBindings.gen.cpp Line: 51)

NPC failed to receive Harvest response
 
(Filename: C:/buildslave/unity/build/artifacts/generated/common/runtime/DebugBindings.gen.cpp Line: 51)

NPC failed to receive Harvest response
 
(Filename: C:/buildslave/unity/build/artifacts/generated/common/runtime/DebugBindings.gen.cpp Line: 51)

NPC failed to receive Stockpile response
 
(Filename: C:/buildslave/unity/build/artifacts/generated/common/runtime/DebugBindings.gen.cpp Line: 51)

NPC failed to receive Stockpile response
 
(Filename: C:/buildslave/unity/build/artifacts/generated/common/runtime/DebugBindings.gen.cpp Line: 51)

NPC failed to receive Harvest response
 
(Filename: C:/buildslave/unity/build/artifacts/generated/common/runtime/DebugBindings.gen.cpp Line: 51)

NPC failed to receive Stockpile response
 
(Filename: C:/buildslave/unity/build/artifacts/generated/common/runtime/DebugBindings.gen.cpp Line: 51)

NPC failed to receive Harvest response
 
(Filename: C:/buildslave/unity/build/artifacts/generated/common/runtime/DebugBindings.gen.cpp Line: 51)

NPC failed to receive Harvest response
 
(Filename: C:/buildslave/unity/build/artifacts/generated/common/runtime/DebugBindings.gen.cpp Line: 51)

NPC failed to receive Harvest response
 
(Filename: C:/buildslave/unity/build/artifacts/generated/common/runtime/DebugBindings.gen.cpp Line: 51)

NPC failed to receive Stockpile response
 
(Filename: C:/buildslave/unity/build/artifacts/generated/common/runtime/DebugBindings.gen.cpp Line: 51)

NPC failed to receive Stockpile response
 
(Filename: C:/buildslave/unity/build/artifacts/generated/common/runtime/DebugBindings.gen.cpp Line: 51)

NPC failed to receive Harvest response
 
(Filename: C:/buildslave/unity/build/artifacts/generated/common/runtime/DebugBindings.gen.cpp Line: 51)

NPC failed to receive Harvest response
 
(Filename: C:/buildslave/unity/build/artifacts/generated/common/runtime/DebugBindings.gen.cpp Line: 51)

NPC failed to receive Stockpile response
 
(Filename: C:/buildslave/unity/build/artifacts/generated/common/runtime/DebugBindings.gen.cpp Line: 51)

NPC failed to receive Harvest response
 
(Filename: C:/buildslave/unity/build/artifacts/generated/common/runtime/DebugBindings.gen.cpp Line: 51)

NPC failed to receive Harvest response
 
(Filename: C:/buildslave/unity/build/artifacts/generated/common/runtime/DebugBindings.gen.cpp Line: 51)

NPC failed to receive Stockpile response
 
(Filename: C:/buildslave/unity/build/artifacts/generated/common/runtime/DebugBindings.gen.cpp Line: 51)

NPC failed to receive Stockpile response
 
(Filename: C:/buildslave/unity/build/artifacts/generated/common/runtime/DebugBindings.gen.cpp Line: 51)

NPC failed to receive Harvest response
 
(Filename: C:/buildslave/unity/build/artifacts/generated/common/runtime/DebugBindings.gen.cpp Line: 51)

NPC failed to receive Stockpile response
 
(Filename: C:/buildslave/unity/build/artifacts/generated/common/runtime/DebugBindings.gen.cpp Line: 51)

NPC failed to receive Harvest response
 
(Filename: C:/buildslave/unity/build/artifacts/generated/common/runtime/DebugBindings.gen.cpp Line: 51)

NPC failed to receive Harvest response
 
(Filename: C:/buildslave/unity/build/artifacts/generated/common/runtime/DebugBindings.gen.cpp Line: 51)

NPC failed to receive Harvest response
 
(Filename: C:/buildslave/unity/build/artifacts/generated/common/runtime/DebugBindings.gen.cpp Line: 51)

NPC failed to receive Stockpile response
 
(Filename: C:/buildslave/unity/build/artifacts/generated/common/runtime/DebugBindings.gen.cpp Line: 51)

NPC failed to receive Stockpile response
 
(Filename: C:/buildslave/unity/build/artifacts/generated/common/runtime/DebugBindings.gen.cpp Line: 51)

NPC failed to receive Harvest response
 
(Filename: C:/buildslave/unity/build/artifacts/generated/common/runtime/DebugBindings.gen.cpp Line: 51)

NPC failed to receive Harvest response
 
(Filename: C:/buildslave/unity/build/artifacts/generated/common/runtime/DebugBindings.gen.cpp Line: 51)

NPC failed to receive Stockpile response
 
(Filename: C:/buildslave/unity/build/artifacts/generated/common/runtime/DebugBindings.gen.cpp Line: 51)

NPC failed to receive Harvest response
 
(Filename: C:/buildslave/unity/build/artifacts/generated/common/runtime/DebugBindings.gen.cpp Line: 51)

NPC failed to receive Harvest response
 
(Filename: C:/buildslave/unity/build/artifacts/generated/common/runtime/DebugBindings.gen.cpp Line: 51)

NPC failed to receive Stockpile response
 
(Filename: C:/buildslave/unity/build/artifacts/generated/common/runtime/DebugBindings.gen.cpp Line: 51)

NPC failed to receive Stockpile response
 
(Filename: C:/buildslave/unity/build/artifacts/generated/common/runtime/DebugBindings.gen.cpp Line: 51)

NPC failed to receive Harvest response
 
(Filename: C:/buildslave/unity/build/artifacts/generated/common/runtime/DebugBindings.gen.cpp Line: 51)

NPC failed to receive Stockpile response
 
(Filename: C:/buildslave/unity/build/artifacts/generated/common/runtime/DebugBindings.gen.cpp Line: 51)

NPC failed to receive Harvest response
 
(Filename: C:/buildslave/unity/build/artifacts/generated/common/runtime/DebugBindings.gen.cpp Line: 51)

NPC failed to receive Harvest response
 
(Filename: C:/buildslave/unity/build/artifacts/generated/common/runtime/DebugBindings.gen.cpp Line: 51)

NPC failed to receive Harvest response
 
(Filename: C:/buildslave/unity/build/artifacts/generated/common/runtime/DebugBindings.gen.cpp Line: 51)

NPC failed to receive Stockpile response
 
(Filename: C:/buildslave/unity/build/artifacts/generated/common/runtime/DebugBindings.gen.cpp Line: 51)

NPC failed to receive Stockpile response
 
(Filename: C:/buildslave/unity/build/artifacts/generated/common/runtime/DebugBindings.gen.cpp Line: 51)

NPC failed to receive Harvest response
 
(Filename: C:/buildslave/unity/build/artifacts/generated/common/runtime/DebugBindings.gen.cpp Line: 51)

NPC failed to receive Harvest response
 
(Filename: C:/buildslave/unity/build/artifacts/generated/common/runtime/DebugBindings.gen.cpp Line: 51)

NPC failed to receive Stockpile response
 
(Filename: C:/buildslave/unity/build/artifacts/generated/common/runtime/DebugBindings.gen.cpp Line: 51)

NPC failed to receive Harvest response
 
(Filename: C:/buildslave/unity/build/artifacts/generated/common/runtime/DebugBindings.gen.cpp Line: 51)

NPC failed to receive Harvest response
 
(Filename: C:/buildslave/unity/build/artifacts/generated/common/runtime/DebugBindings.gen.cpp Line: 51)

NPC failed to receive Stockpile response
 
(Filename: C:/buildslave/unity/build/artifacts/generated/common/runtime/DebugBindings.gen.cpp Line: 51)

NPC failed to receive Stockpile response
 
(Filename: C:/buildslave/unity/build/artifacts/generated/common/runtime/DebugBindings.gen.cpp Line: 51)

NPC failed to receive Harvest response
 
(Filename: C:/buildslave/unity/build/artifacts/generated/common/runtime/DebugBindings.gen.cpp Line: 51)

NPC failed to receive Stockpile response
 
(Filename: C:/buildslave/unity/build/artifacts/generated/common/runtime/DebugBindings.gen.cpp Line: 51)

NPC failed to receive Harvest response
 
(Filename: C:/buildslave/unity/build/artifacts/generated/common/runtime/DebugBindings.gen.cpp Line: 51)

NPC failed to receive Harvest response
 
(Filename: C:/buildslave/unity/build/artifacts/generated/common/runtime/DebugBindings.gen.cpp Line: 51)

NPC failed to receive Harvest response
 
(Filename: C:/buildslave/unity/build/artifacts/generated/common/runtime/DebugBindings.gen.cpp Line: 51)

NPC failed to receive Stockpile response
 
(Filename: C:/buildslave/unity/build/artifacts/generated/common/runtime/DebugBindings.gen.cpp Line: 51)

NPC failed to receive Stockpile response
 
(Filename: C:/buildslave/unity/build/artifacts/generated/common/runtime/DebugBindings.gen.cpp Line: 51)

NPC failed to receive Harvest response
 
(Filename: C:/buildslave/unity/build/artifacts/generated/common/runtime/DebugBindings.gen.cpp Line: 51)

NPC failed to receive Harvest response
 
(Filename: C:/buildslave/unity/build/artifacts/generated/common/runtime/DebugBindings.gen.cpp Line: 51)

NPC failed to receive Stockpile response
 
(Filename: C:/buildslave/unity/build/artifacts/generated/common/runtime/DebugBindings.gen.cpp Line: 51)

NPC failed to receive Harvest response
 
(Filename: C:/buildslave/unity/build/artifacts/generated/common/runtime/DebugBindings.gen.cpp Line: 51)

NPC failed to receive Harvest response
 
(Filename: C:/buildslave/unity/build/artifacts/generated/common/runtime/DebugBindings.gen.cpp Line: 51)

NPC failed to receive Stockpile response
 
(Filename: C:/buildslave/unity/build/artifacts/generated/common/runtime/DebugBindings.gen.cpp Line: 51)

NPC failed to receive Stockpile response
 
(Filename: C:/buildslave/unity/build/artifacts/generated/common/runtime/DebugBindings.gen.cpp Line: 51)

NPC failed to receive Harvest response
 
(Filename: C:/buildslave/unity/build/artifacts/generated/common/runtime/DebugBindings.gen.cpp Line: 51)

NPC failed to receive Stockpile response
 
(Filename: C:/buildslave/unity/build/artifacts/generated/common/runtime/DebugBindings.gen.cpp Line: 51)

NPC failed to receive Harvest response
 
(Filename: C:/buildslave/unity/build/artifacts/generated/common/runtime/DebugBindings.gen.cpp Line: 51)

NPC failed to receive Harvest response
 
(Filename: C:/buildslave/unity/build/artifacts/generated/common/runtime/DebugBindings.gen.cpp Line: 51)

NPC failed to receive Harvest response
 
(Filename: C:/buildslave/unity/build/artifacts/generated/common/runtime/DebugBindings.gen.cpp Line: 51)

NPC failed to receive Stockpile response
 
(Filename: C:/buildslave/unity/build/artifacts/generated/common/runtime/DebugBindings.gen.cpp Line: 51)

NPC failed to receive Stockpile response
 
(Filename: C:/buildslave/unity/build/artifacts/generated/common/runtime/DebugBindings.gen.cpp Line: 51)

NPC failed to receive Harvest response
 
(Filename: C:/buildslave/unity/build/artifacts/generated/common/runtime/DebugBindings.gen.cpp Line: 51)

NPC failed to receive Harvest response
 
(Filename: C:/buildslave/unity/build/artifacts/generated/common/runtime/DebugBindings.gen.cpp Line: 51)

NPC failed to receive Stockpile response
 
(Filename: C:/buildslave/unity/build/artifacts/generated/common/runtime/DebugBindings.gen.cpp Line: 51)

NPC failed to receive Harvest response
 
(Filename: C:/buildslave/unity/build/artifacts/generated/common/runtime/DebugBindings.gen.cpp Line: 51)

NPC failed to receive Harvest response
 
(Filename: C:/buildslave/unity/build/artifacts/generated/common/runtime/DebugBindings.gen.cpp Line: 51)

NPC failed to receive Stockpile response
 
(Filename: C:/buildslave/unity/build/artifacts/generated/common/runtime/DebugBindings.gen.cpp Line: 51)

NPC failed to receive Stockpile response
 
(Filename: C:/buildslave/unity/build/artifacts/generated/common/runtime/DebugBindings.gen.cpp Line: 51)

NPC failed to receive Harvest response
 
(Filename: C:/buildslave/unity/build/artifacts/generated/common/runtime/DebugBindings.gen.cpp Line: 51)

NPC failed to receive Stockpile response
 
(Filename: C:/buildslave/unity/build/artifacts/generated/common/runtime/DebugBindings.gen.cpp Line: 51)

NPC failed to receive Harvest response
 
(Filename: C:/buildslave/unity/build/artifacts/generated/common/runtime/DebugBindings.gen.cpp Line: 51)

NPC failed to receive Harvest response
 
(Filename: C:/buildslave/unity/build/artifacts/generated/common/runtime/DebugBindings.gen.cpp Line: 51)

NPC failed to receive Harvest response
 
(Filename: C:/buildslave/unity/build/artifacts/generated/common/runtime/DebugBindings.gen.cpp Line: 51)

NPC failed to receive Stockpile response
 
(Filename: C:/buildslave/unity/build/artifacts/generated/common/runtime/DebugBindings.gen.cpp Line: 51)

NPC failed to receive Stockpile response
 
(Filename: C:/buildslave/unity/build/artifacts/generated/common/runtime/DebugBindings.gen.cpp Line: 51)

NPC failed to receive Harvest response
 
(Filename: C:/buildslave/unity/build/artifacts/generated/common/runtime/DebugBindings.gen.cpp Line: 51)

NPC failed to receive Harvest response
 
(Filename: C:/buildslave/unity/build/artifacts/generated/common/runtime/DebugBindings.gen.cpp Line: 51)

NPC failed to receive Stockpile response
 
(Filename: C:/buildslave/unity/build/artifacts/generated/common/runtime/DebugBindings.gen.cpp Line: 51)

NPC failed to receive Harvest response
 
(Filename: C:/buildslave/unity/build/artifacts/generated/common/runtime/DebugBindings.gen.cpp Line: 51)

NPC failed to receive Harvest response
 
(Filename: C:/buildslave/unity/build/artifacts/generated/common/runtime/DebugBindings.gen.cpp Line: 51)

NPC failed to receive Stockpile response
 
(Filename: C:/buildslave/unity/build/artifacts/generated/common/runtime/DebugBindings.gen.cpp Line: 51)

NPC failed to receive Stockpile response
 
(Filename: C:/buildslave/unity/build/artifacts/generated/common/runtime/DebugBindings.gen.cpp Line: 51)

NPC failed to receive Harvest response
 
(Filename: C:/buildslave/unity/build/artifacts/generated/common/runtime/DebugBindings.gen.cpp Line: 51)

NPC failed to receive Stockpile response
 
(Filename: C:/buildslave/unity/build/artifacts/generated/common/runtime/DebugBindings.gen.cpp Line: 51)

NPC failed to receive Harvest response
 
(Filename: C:/buildslave/unity/build/artifacts/generated/common/runtime/DebugBindings.gen.cpp Line: 51)

NPC failed to receive Harvest response
 
(Filename: C:/buildslave/unity/build/artifacts/generated/common/runtime/DebugBindings.gen.cpp Line: 51)

NPC failed to receive Harvest response
 
(Filename: C:/buildslave/unity/build/artifacts/generated/common/runtime/DebugBindings.gen.cpp Line: 51)

NPC failed to receive Stockpile response
 
(Filename: C:/buildslave/unity/build/artifacts/generated/common/runtime/DebugBindings.gen.cpp Line: 51)

NPC failed to receive Stockpile response
 
(Filename: C:/buildslave/unity/build/artifacts/generated/common/runtime/DebugBindings.gen.cpp Line: 51)

NPC failed to receive Harvest response
 
(Filename: C:/buildslave/unity/build/artifacts/generated/common/runtime/DebugBindings.gen.cpp Line: 51)

NPC failed to receive Harvest response
 
(Filename: C:/buildslave/unity/build/artifacts/generated/common/runtime/DebugBindings.gen.cpp Line: 51)

NPC failed to receive Stockpile response
 
(Filename: C:/buildslave/unity/build/artifacts/generated/common/runtime/DebugBindings.gen.cpp Line: 51)

NPC failed to receive Harvest response
 
(Filename: C:/buildslave/unity/build/artifacts/generated/common/runtime/DebugBindings.gen.cpp Line: 51)

NPC failed to receive Harvest response
 
(Filename: C:/buildslave/unity/build/artifacts/generated/common/runtime/DebugBindings.gen.cpp Line: 51)

NPC failed to receive Stockpile response
 
(Filename: C:/buildslave/unity/build/artifacts/generated/common/runtime/DebugBindings.gen.cpp Line: 51)

Disconnected: RakNet connection lost.
 
(Filename: C:/buildslave/unity/build/artifacts/generated/common/runtime/DebugBindings.gen.cpp Line: 51)

Setting up 4 worker threads for Enlighten.
  Thread -> id: 1ad8 -> priority: 1 
  Thread -> id: 44e8 -> priority: 1 
  Thread -> id: 44ec -> priority: 1 
  Thread -> id: 3f38 -> priority: 1 
