Initialize engine version: 5.6.0f3 (497a0f351392)
Forcing GfxDevice: Null
NullGfxDevice:
    Version:  NULL 1.0 [1.0]
    Renderer: Null Device
    Vendor:   Unity Technologies
Begin MonoManager ReloadAssembly
Platform assembly: C:\Users\Home\AppData\Local\Temp\zip-downloader9073223822682813735\ea662a3b99e84936e6a6e220fae3038d\UnityWorker@Windows_Data\Managed\UnityEngine.dll (this message is harmless)
Loading C:\Users\Home\AppData\Local\Temp\zip-downloader9073223822682813735\ea662a3b99e84936e6a6e220fae3038d\UnityWorker@Windows_Data\Managed\UnityEngine.dll into Unity Child Domain
Platform assembly: C:\Users\Home\AppData\Local\Temp\zip-downloader9073223822682813735\ea662a3b99e84936e6a6e220fae3038d\UnityWorker@Windows_Data\Managed\Assembly-CSharp-firstpass.dll (this message is harmless)
Loading C:\Users\Home\AppData\Local\Temp\zip-downloader9073223822682813735\ea662a3b99e84936e6a6e220fae3038d\UnityWorker@Windows_Data\Managed\Assembly-CSharp-firstpass.dll into Unity Child Domain
Platform assembly: C:\Users\Home\AppData\Local\Temp\zip-downloader9073223822682813735\ea662a3b99e84936e6a6e220fae3038d\UnityWorker@Windows_Data\Managed\Assembly-CSharp.dll (this message is harmless)
Loading C:\Users\Home\AppData\Local\Temp\zip-downloader9073223822682813735\ea662a3b99e84936e6a6e220fae3038d\UnityWorker@Windows_Data\Managed\Assembly-CSharp.dll into Unity Child Domain
Platform assembly: C:\Users\Home\AppData\Local\Temp\zip-downloader9073223822682813735\ea662a3b99e84936e6a6e220fae3038d\UnityWorker@Windows_Data\Managed\UnityEngine.UI.dll (this message is harmless)
Loading C:\Users\Home\AppData\Local\Temp\zip-downloader9073223822682813735\ea662a3b99e84936e6a6e220fae3038d\UnityWorker@Windows_Data\Managed\UnityEngine.UI.dll into Unity Child Domain
Platform assembly: C:\Users\Home\AppData\Local\Temp\zip-downloader9073223822682813735\ea662a3b99e84936e6a6e220fae3038d\UnityWorker@Windows_Data\Managed\UnityEngine.Networking.dll (this message is harmless)
Loading C:\Users\Home\AppData\Local\Temp\zip-downloader9073223822682813735\ea662a3b99e84936e6a6e220fae3038d\UnityWorker@Windows_Data\Managed\UnityEngine.Networking.dll into Unity Child Domain
Platform assembly: C:\Users\Home\AppData\Local\Temp\zip-downloader9073223822682813735\ea662a3b99e84936e6a6e220fae3038d\UnityWorker@Windows_Data\Managed\Generated.Code.dll (this message is harmless)
Loading C:\Users\Home\AppData\Local\Temp\zip-downloader9073223822682813735\ea662a3b99e84936e6a6e220fae3038d\UnityWorker@Windows_Data\Managed\Generated.Code.dll into Unity Child Domain
Platform assembly: C:\Users\Home\AppData\Local\Temp\zip-downloader9073223822682813735\ea662a3b99e84936e6a6e220fae3038d\UnityWorker@Windows_Data\Managed\Improbable.WorkerSdkCsharp.dll (this message is harmless)
Loading C:\Users\Home\AppData\Local\Temp\zip-downloader9073223822682813735\ea662a3b99e84936e6a6e220fae3038d\UnityWorker@Windows_Data\Managed\Improbable.WorkerSdkCsharp.dll into Unity Child Domain
Platform assembly: C:\Users\Home\AppData\Local\Temp\zip-downloader9073223822682813735\ea662a3b99e84936e6a6e220fae3038d\UnityWorker@Windows_Data\Managed\Improbable.WorkerSdkCsharp.Framework.dll (this message is harmless)
Loading C:\Users\Home\AppData\Local\Temp\zip-downloader9073223822682813735\ea662a3b99e84936e6a6e220fae3038d\UnityWorker@Windows_Data\Managed\Improbable.WorkerSdkCsharp.Framework.dll into Unity Child Domain
Platform assembly: C:\Users\Home\AppData\Local\Temp\zip-downloader9073223822682813735\ea662a3b99e84936e6a6e220fae3038d\UnityWorker@Windows_Data\Managed\System.Threading.dll (this message is harmless)
Loading C:\Users\Home\AppData\Local\Temp\zip-downloader9073223822682813735\ea662a3b99e84936e6a6e220fae3038d\UnityWorker@Windows_Data\Managed\System.Threading.dll into Unity Child Domain
Platform assembly: C:\Users\Home\AppData\Local\Temp\zip-downloader9073223822682813735\ea662a3b99e84936e6a6e220fae3038d\UnityWorker@Windows_Data\Managed\Improbable.UnityDll.dll (this message is harmless)
Loading C:\Users\Home\AppData\Local\Temp\zip-downloader9073223822682813735\ea662a3b99e84936e6a6e220fae3038d\UnityWorker@Windows_Data\Managed\Improbable.UnityDll.dll into Unity Child Domain
- Completed reload, in  0.025 seconds
Platform assembly: C:\Users\Home\AppData\Local\Temp\zip-downloader9073223822682813735\ea662a3b99e84936e6a6e220fae3038d\UnityWorker@Windows_Data\Managed\System.Core.dll (this message is harmless)
Platform assembly: C:\Users\Home\AppData\Local\Temp\zip-downloader9073223822682813735\ea662a3b99e84936e6a6e220fae3038d\UnityWorker@Windows_Data\Managed\System.dll (this message is harmless)
UnloadTime: 0.974721 ms
Command line C:\Users\Home\AppData\Local\Temp\zip-downloader9073223822682813735\ea662a3b99e84936e6a6e220fae3038d\UnityWorker@Windows.exe +projectName your_project_name_here +receptionistIp 127.0.0.1 +receptionistPort 7777 +workerType UnityWorker +workerId UnityWorker1 +useInternalIpForBridge true +infraServicesUrl http://127.0.0.1:21000 +assemblyName local_assembly +linkProtocol RakNet -logfile D:\spatialOS - unity -Projects\Astroids\logs\2017-11-22_17-34-43_0\workers\UnityWorker\UnityWorker1-9023804702554044885.log -batchmode -nographics
 
(Filename: C:/buildslave/unity/build/artifacts/generated/common/runtime/DebugBindings.gen.cpp Line: 51)

WorkerConfiguration settings
AppName = 
ProjectName = your_project_name_here
AssemblyName = local_assembly
DeploymentId = 
DeploymentTag = prod
EngineId = UnityWorker1
EnginePlatform = UnityWorker
WorkerId = UnityWorker1
WorkerPlatform = UnityWorker
EntityCreationLimitPerFrame = 0
InfraServiceUrl = http://127.0.0.1:21000
LocatorHost = locator.improbable.io
ReceptionistHost = 127.0.0.1
ReceptionistPort = 7777
LinkProtocol = RakNet
LoginToken = 
ProtocolLoggingOnStartup = False
ProtocolLogPrefix = protocol-
ProtocolLogMaxFileBytes = 104857600
RaknetHeartbeatTimeoutMillis = 60000
ReceiveQueueCapacity = 32768
SendQueueCapacity = 16384
ShowDebugTraces = False
SteamToken = 
TcpMultiplexLevel = 32
UseInstrumentation = False
UsePerInstanceAssetCache = True
UsePrefabPooling = True
LogDebugToSpatialOs = True
LogAssertToSpatialOs = True
LogWarningToSpatialOs = True
LogErrorToSpatialOs = True
LogExceptionToSpatialOs = True

 
(Filename: C:/buildslave/unity/build/artifacts/generated/common/runtime/DebugBindings.gen.cpp Line: 51)

Platform assembly: C:\Users\Home\AppData\Local\Temp\zip-downloader9073223822682813735\ea662a3b99e84936e6a6e220fae3038d\UnityWorker@Windows_Data\Managed\Mono.Security.dll (this message is harmless)
Platform assembly: C:\Users\Home\AppData\Local\Temp\zip-downloader9073223822682813735\ea662a3b99e84936e6a6e220fae3038d\UnityWorker@Windows_Data\Managed\System.Configuration.dll (this message is harmless)
Platform assembly: C:\Users\Home\AppData\Local\Temp\zip-downloader9073223822682813735\ea662a3b99e84936e6a6e220fae3038d\UnityWorker@Windows_Data\Managed\System.Xml.dll (this message is harmless)
NPC failed to receive Harvest response
 
(Filename: C:/buildslave/unity/build/artifacts/generated/common/runtime/DebugBindings.gen.cpp Line: 51)

NPC failed to receive Harvest response
 
(Filename: C:/buildslave/unity/build/artifacts/generated/common/runtime/DebugBindings.gen.cpp Line: 51)

HQ failed to spawn barracks due to timeout.
 
(Filename: C:/buildslave/unity/build/artifacts/generated/common/runtime/DebugBindings.gen.cpp Line: 51)

NPC failed to receive Harvest response
 
(Filename: C:/buildslave/unity/build/artifacts/generated/common/runtime/DebugBindings.gen.cpp Line: 51)

Failed to get component reference on Player(Clone)
 
(Filename: C:/buildslave/unity/build/artifacts/generated/common/runtime/DebugBindings.gen.cpp Line: 51)

NPC failed to receive Stockpile response
 
(Filename: C:/buildslave/unity/build/artifacts/generated/common/runtime/DebugBindings.gen.cpp Line: 51)

NPC failed to receive Stockpile response
 
(Filename: C:/buildslave/unity/build/artifacts/generated/common/runtime/DebugBindings.gen.cpp Line: 51)

NPC failed to receive Stockpile response
 
(Filename: C:/buildslave/unity/build/artifacts/generated/common/runtime/DebugBindings.gen.cpp Line: 51)

NPC failed to receive Stockpile response
 
(Filename: C:/buildslave/unity/build/artifacts/generated/common/runtime/DebugBindings.gen.cpp Line: 51)

Failed to Delete Inactive Entity 5567: timed out locally
 
(Filename: C:/buildslave/unity/build/artifacts/generated/common/runtime/DebugBindings.gen.cpp Line: 51)

NPC failed to receive Harvest response
 
(Filename: C:/buildslave/unity/build/artifacts/generated/common/runtime/DebugBindings.gen.cpp Line: 51)

NPC failed to receive Stockpile response
 
(Filename: C:/buildslave/unity/build/artifacts/generated/common/runtime/DebugBindings.gen.cpp Line: 51)

NPC failed to receive Stockpile response
 
(Filename: C:/buildslave/unity/build/artifacts/generated/common/runtime/DebugBindings.gen.cpp Line: 51)

NPC failed to receive Stockpile response
 
(Filename: C:/buildslave/unity/build/artifacts/generated/common/runtime/DebugBindings.gen.cpp Line: 51)

NPC failed to receive Harvest response
 
(Filename: C:/buildslave/unity/build/artifacts/generated/common/runtime/DebugBindings.gen.cpp Line: 51)

NPC failed to receive Stockpile response
 
(Filename: C:/buildslave/unity/build/artifacts/generated/common/runtime/DebugBindings.gen.cpp Line: 51)

NPC failed to receive Stockpile response
 
(Filename: C:/buildslave/unity/build/artifacts/generated/common/runtime/DebugBindings.gen.cpp Line: 51)

NPC failed to receive Stockpile response
 
(Filename: C:/buildslave/unity/build/artifacts/generated/common/runtime/DebugBindings.gen.cpp Line: 51)

NPC failed to receive Stockpile response
 
(Filename: C:/buildslave/unity/build/artifacts/generated/common/runtime/DebugBindings.gen.cpp Line: 51)

NPC failed to receive Stockpile response
 
(Filename: C:/buildslave/unity/build/artifacts/generated/common/runtime/DebugBindings.gen.cpp Line: 51)

NPC failed to receive Harvest response
 
(Filename: C:/buildslave/unity/build/artifacts/generated/common/runtime/DebugBindings.gen.cpp Line: 51)

NPC failed to receive Stockpile response
 
(Filename: C:/buildslave/unity/build/artifacts/generated/common/runtime/DebugBindings.gen.cpp Line: 51)

NPC failed to receive Stockpile response
 
(Filename: C:/buildslave/unity/build/artifacts/generated/common/runtime/DebugBindings.gen.cpp Line: 51)

NPC failed to receive Stockpile response
 
(Filename: C:/buildslave/unity/build/artifacts/generated/common/runtime/DebugBindings.gen.cpp Line: 51)

NPC failed to receive Stockpile response
 
(Filename: C:/buildslave/unity/build/artifacts/generated/common/runtime/DebugBindings.gen.cpp Line: 51)

NPC failed to receive Stockpile response
 
(Filename: C:/buildslave/unity/build/artifacts/generated/common/runtime/DebugBindings.gen.cpp Line: 51)

NPC failed to receive Harvest response
 
(Filename: C:/buildslave/unity/build/artifacts/generated/common/runtime/DebugBindings.gen.cpp Line: 51)

NPC failed to receive Stockpile response
 
(Filename: C:/buildslave/unity/build/artifacts/generated/common/runtime/DebugBindings.gen.cpp Line: 51)

NPC failed to receive Stockpile response
 
(Filename: C:/buildslave/unity/build/artifacts/generated/common/runtime/DebugBindings.gen.cpp Line: 51)

NPC failed to receive Stockpile response
 
(Filename: C:/buildslave/unity/build/artifacts/generated/common/runtime/DebugBindings.gen.cpp Line: 51)

NPC failed to receive Stockpile response
 
(Filename: C:/buildslave/unity/build/artifacts/generated/common/runtime/DebugBindings.gen.cpp Line: 51)

NPC failed to receive Stockpile response
 
(Filename: C:/buildslave/unity/build/artifacts/generated/common/runtime/DebugBindings.gen.cpp Line: 51)

NPC failed to receive Harvest response
 
(Filename: C:/buildslave/unity/build/artifacts/generated/common/runtime/DebugBindings.gen.cpp Line: 51)

NPC failed to receive Stockpile response
 
(Filename: C:/buildslave/unity/build/artifacts/generated/common/runtime/DebugBindings.gen.cpp Line: 51)

NPC failed to receive Stockpile response
 
(Filename: C:/buildslave/unity/build/artifacts/generated/common/runtime/DebugBindings.gen.cpp Line: 51)

NPC failed to receive Stockpile response
 
(Filename: C:/buildslave/unity/build/artifacts/generated/common/runtime/DebugBindings.gen.cpp Line: 51)

NPC failed to receive Harvest response
 
(Filename: C:/buildslave/unity/build/artifacts/generated/common/runtime/DebugBindings.gen.cpp Line: 51)

NPC failed to receive Stockpile response
 
(Filename: C:/buildslave/unity/build/artifacts/generated/common/runtime/DebugBindings.gen.cpp Line: 51)

NPC failed to receive Stockpile response
 
(Filename: C:/buildslave/unity/build/artifacts/generated/common/runtime/DebugBindings.gen.cpp Line: 51)

NPC failed to receive Harvest response
 
(Filename: C:/buildslave/unity/build/artifacts/generated/common/runtime/DebugBindings.gen.cpp Line: 51)

NPC failed to receive Harvest response
 
(Filename: C:/buildslave/unity/build/artifacts/generated/common/runtime/DebugBindings.gen.cpp Line: 51)

NPC failed to receive Stockpile response
 
(Filename: C:/buildslave/unity/build/artifacts/generated/common/runtime/DebugBindings.gen.cpp Line: 51)

NPC failed to receive Stockpile response
 
(Filename: C:/buildslave/unity/build/artifacts/generated/common/runtime/DebugBindings.gen.cpp Line: 51)

NPC failed to receive Stockpile response
 
(Filename: C:/buildslave/unity/build/artifacts/generated/common/runtime/DebugBindings.gen.cpp Line: 51)

NPC failed to receive Harvest response
 
(Filename: C:/buildslave/unity/build/artifacts/generated/common/runtime/DebugBindings.gen.cpp Line: 51)

NPC failed to receive Stockpile response
 
(Filename: C:/buildslave/unity/build/artifacts/generated/common/runtime/DebugBindings.gen.cpp Line: 51)

NPC failed to receive Stockpile response
 
(Filename: C:/buildslave/unity/build/artifacts/generated/common/runtime/DebugBindings.gen.cpp Line: 51)

NPC failed to receive Stockpile response
 
(Filename: C:/buildslave/unity/build/artifacts/generated/common/runtime/DebugBindings.gen.cpp Line: 51)

NPC failed to receive Harvest response
 
(Filename: C:/buildslave/unity/build/artifacts/generated/common/runtime/DebugBindings.gen.cpp Line: 51)

NPC failed to receive Stockpile response
 
(Filename: C:/buildslave/unity/build/artifacts/generated/common/runtime/DebugBindings.gen.cpp Line: 51)

NPC failed to receive Harvest response
 
(Filename: C:/buildslave/unity/build/artifacts/generated/common/runtime/DebugBindings.gen.cpp Line: 51)

NPC failed to receive Stockpile response
 
(Filename: C:/buildslave/unity/build/artifacts/generated/common/runtime/DebugBindings.gen.cpp Line: 51)

NPC failed to receive Stockpile response
 
(Filename: C:/buildslave/unity/build/artifacts/generated/common/runtime/DebugBindings.gen.cpp Line: 51)

NPC failed to receive Stockpile response
 
(Filename: C:/buildslave/unity/build/artifacts/generated/common/runtime/DebugBindings.gen.cpp Line: 51)

NPC failed to receive Stockpile response
 
(Filename: C:/buildslave/unity/build/artifacts/generated/common/runtime/DebugBindings.gen.cpp Line: 51)

NPC failed to receive Harvest response
 
(Filename: C:/buildslave/unity/build/artifacts/generated/common/runtime/DebugBindings.gen.cpp Line: 51)

NPC failed to receive Stockpile response
 
(Filename: C:/buildslave/unity/build/artifacts/generated/common/runtime/DebugBindings.gen.cpp Line: 51)

NPC failed to receive Stockpile response
 
(Filename: C:/buildslave/unity/build/artifacts/generated/common/runtime/DebugBindings.gen.cpp Line: 51)

NPC failed to receive Stockpile response
 
(Filename: C:/buildslave/unity/build/artifacts/generated/common/runtime/DebugBindings.gen.cpp Line: 51)

NPC failed to receive Stockpile response
 
(Filename: C:/buildslave/unity/build/artifacts/generated/common/runtime/DebugBindings.gen.cpp Line: 51)

NPC failed to receive Harvest response
 
(Filename: C:/buildslave/unity/build/artifacts/generated/common/runtime/DebugBindings.gen.cpp Line: 51)

NPC failed to receive Stockpile response
 
(Filename: C:/buildslave/unity/build/artifacts/generated/common/runtime/DebugBindings.gen.cpp Line: 51)

NPC failed to receive Harvest response
 
(Filename: C:/buildslave/unity/build/artifacts/generated/common/runtime/DebugBindings.gen.cpp Line: 51)

NPC failed to receive Stockpile response
 
(Filename: C:/buildslave/unity/build/artifacts/generated/common/runtime/DebugBindings.gen.cpp Line: 51)

NPC failed to receive Stockpile response
 
(Filename: C:/buildslave/unity/build/artifacts/generated/common/runtime/DebugBindings.gen.cpp Line: 51)

NPC failed to receive Stockpile response
 
(Filename: C:/buildslave/unity/build/artifacts/generated/common/runtime/DebugBindings.gen.cpp Line: 51)

NPC failed to receive Stockpile response
 
(Filename: C:/buildslave/unity/build/artifacts/generated/common/runtime/DebugBindings.gen.cpp Line: 51)

NPC failed to receive Harvest response
 
(Filename: C:/buildslave/unity/build/artifacts/generated/common/runtime/DebugBindings.gen.cpp Line: 51)

NPC failed to receive Stockpile response
 
(Filename: C:/buildslave/unity/build/artifacts/generated/common/runtime/DebugBindings.gen.cpp Line: 51)

NPC failed to receive Stockpile response
 
(Filename: C:/buildslave/unity/build/artifacts/generated/common/runtime/DebugBindings.gen.cpp Line: 51)

NPC failed to receive Stockpile response
 
(Filename: C:/buildslave/unity/build/artifacts/generated/common/runtime/DebugBindings.gen.cpp Line: 51)

NPC failed to receive Stockpile response
 
(Filename: C:/buildslave/unity/build/artifacts/generated/common/runtime/DebugBindings.gen.cpp Line: 51)

NPC failed to receive Harvest response
 
(Filename: C:/buildslave/unity/build/artifacts/generated/common/runtime/DebugBindings.gen.cpp Line: 51)

NPC failed to receive Stockpile response
 
(Filename: C:/buildslave/unity/build/artifacts/generated/common/runtime/DebugBindings.gen.cpp Line: 51)

NPC failed to receive Harvest response
 
(Filename: C:/buildslave/unity/build/artifacts/generated/common/runtime/DebugBindings.gen.cpp Line: 51)

NPC failed to receive Stockpile response
 
(Filename: C:/buildslave/unity/build/artifacts/generated/common/runtime/DebugBindings.gen.cpp Line: 51)

NPC failed to receive Stockpile response
 
(Filename: C:/buildslave/unity/build/artifacts/generated/common/runtime/DebugBindings.gen.cpp Line: 51)

NPC failed to receive Stockpile response
 
(Filename: C:/buildslave/unity/build/artifacts/generated/common/runtime/DebugBindings.gen.cpp Line: 51)

NPC failed to receive Stockpile response
 
(Filename: C:/buildslave/unity/build/artifacts/generated/common/runtime/DebugBindings.gen.cpp Line: 51)

NPC failed to receive Stockpile response
 
(Filename: C:/buildslave/unity/build/artifacts/generated/common/runtime/DebugBindings.gen.cpp Line: 51)

NPC failed to receive Harvest response
 
(Filename: C:/buildslave/unity/build/artifacts/generated/common/runtime/DebugBindings.gen.cpp Line: 51)

NPC failed to receive Harvest response
 
(Filename: C:/buildslave/unity/build/artifacts/generated/common/runtime/DebugBindings.gen.cpp Line: 51)

NPC failed to receive Stockpile response
 
(Filename: C:/buildslave/unity/build/artifacts/generated/common/runtime/DebugBindings.gen.cpp Line: 51)

NPC failed to receive Stockpile response
 
(Filename: C:/buildslave/unity/build/artifacts/generated/common/runtime/DebugBindings.gen.cpp Line: 51)

NPC failed to receive Stockpile response
 
(Filename: C:/buildslave/unity/build/artifacts/generated/common/runtime/DebugBindings.gen.cpp Line: 51)

NPC failed to receive Stockpile response
 
(Filename: C:/buildslave/unity/build/artifacts/generated/common/runtime/DebugBindings.gen.cpp Line: 51)

NPC failed to receive Stockpile response
 
(Filename: C:/buildslave/unity/build/artifacts/generated/common/runtime/DebugBindings.gen.cpp Line: 51)

NPC failed to receive Harvest response
 
(Filename: C:/buildslave/unity/build/artifacts/generated/common/runtime/DebugBindings.gen.cpp Line: 51)

NPC failed to receive Stockpile response
 
(Filename: C:/buildslave/unity/build/artifacts/generated/common/runtime/DebugBindings.gen.cpp Line: 51)

NPC failed to receive Harvest response
 
(Filename: C:/buildslave/unity/build/artifacts/generated/common/runtime/DebugBindings.gen.cpp Line: 51)

NPC failed to receive Stockpile response
 
(Filename: C:/buildslave/unity/build/artifacts/generated/common/runtime/DebugBindings.gen.cpp Line: 51)

NPC failed to receive Stockpile response
 
(Filename: C:/buildslave/unity/build/artifacts/generated/common/runtime/DebugBindings.gen.cpp Line: 51)

NPC failed to receive Stockpile response
 
(Filename: C:/buildslave/unity/build/artifacts/generated/common/runtime/DebugBindings.gen.cpp Line: 51)

NPC failed to receive Stockpile response
 
(Filename: C:/buildslave/unity/build/artifacts/generated/common/runtime/DebugBindings.gen.cpp Line: 51)

NPC failed to receive Stockpile response
 
(Filename: C:/buildslave/unity/build/artifacts/generated/common/runtime/DebugBindings.gen.cpp Line: 51)

NPC failed to receive Harvest response
 
(Filename: C:/buildslave/unity/build/artifacts/generated/common/runtime/DebugBindings.gen.cpp Line: 51)

NPC failed to receive Harvest response
 
(Filename: C:/buildslave/unity/build/artifacts/generated/common/runtime/DebugBindings.gen.cpp Line: 51)

NPC failed to receive Stockpile response
 
(Filename: C:/buildslave/unity/build/artifacts/generated/common/runtime/DebugBindings.gen.cpp Line: 51)

NPC failed to receive Stockpile response
 
(Filename: C:/buildslave/unity/build/artifacts/generated/common/runtime/DebugBindings.gen.cpp Line: 51)

NPC failed to receive Stockpile response
 
(Filename: C:/buildslave/unity/build/artifacts/generated/common/runtime/DebugBindings.gen.cpp Line: 51)

NPC failed to receive Stockpile response
 
(Filename: C:/buildslave/unity/build/artifacts/generated/common/runtime/DebugBindings.gen.cpp Line: 51)

NPC failed to receive Stockpile response
 
(Filename: C:/buildslave/unity/build/artifacts/generated/common/runtime/DebugBindings.gen.cpp Line: 51)

NPC failed to receive Harvest response
 
(Filename: C:/buildslave/unity/build/artifacts/generated/common/runtime/DebugBindings.gen.cpp Line: 51)

NPC failed to receive Stockpile response
 
(Filename: C:/buildslave/unity/build/artifacts/generated/common/runtime/DebugBindings.gen.cpp Line: 51)

NPC failed to receive Stockpile response
 
(Filename: C:/buildslave/unity/build/artifacts/generated/common/runtime/DebugBindings.gen.cpp Line: 51)

NPC failed to receive Harvest response
 
(Filename: C:/buildslave/unity/build/artifacts/generated/common/runtime/DebugBindings.gen.cpp Line: 51)

NPC failed to receive Stockpile response
 
(Filename: C:/buildslave/unity/build/artifacts/generated/common/runtime/DebugBindings.gen.cpp Line: 51)

NPC failed to receive Stockpile response
 
(Filename: C:/buildslave/unity/build/artifacts/generated/common/runtime/DebugBindings.gen.cpp Line: 51)

NPC failed to receive Stockpile response
 
(Filename: C:/buildslave/unity/build/artifacts/generated/common/runtime/DebugBindings.gen.cpp Line: 51)

NPC failed to receive Stockpile response
 
(Filename: C:/buildslave/unity/build/artifacts/generated/common/runtime/DebugBindings.gen.cpp Line: 51)

NPC failed to receive Stockpile response
 
(Filename: C:/buildslave/unity/build/artifacts/generated/common/runtime/DebugBindings.gen.cpp Line: 51)

NPC failed to receive Harvest response
 
(Filename: C:/buildslave/unity/build/artifacts/generated/common/runtime/DebugBindings.gen.cpp Line: 51)

NPC failed to receive Harvest response
 
(Filename: C:/buildslave/unity/build/artifacts/generated/common/runtime/DebugBindings.gen.cpp Line: 51)

NPC failed to receive Stockpile response
 
(Filename: C:/buildslave/unity/build/artifacts/generated/common/runtime/DebugBindings.gen.cpp Line: 51)

NPC failed to receive Stockpile response
 
(Filename: C:/buildslave/unity/build/artifacts/generated/common/runtime/DebugBindings.gen.cpp Line: 51)

NPC failed to receive Stockpile response
 
(Filename: C:/buildslave/unity/build/artifacts/generated/common/runtime/DebugBindings.gen.cpp Line: 51)

NPC failed to receive Stockpile response
 
(Filename: C:/buildslave/unity/build/artifacts/generated/common/runtime/DebugBindings.gen.cpp Line: 51)

NPC failed to receive Stockpile response
 
(Filename: C:/buildslave/unity/build/artifacts/generated/common/runtime/DebugBindings.gen.cpp Line: 51)

NPC failed to receive Harvest response
 
(Filename: C:/buildslave/unity/build/artifacts/generated/common/runtime/DebugBindings.gen.cpp Line: 51)

NPC failed to receive Stockpile response
 
(Filename: C:/buildslave/unity/build/artifacts/generated/common/runtime/DebugBindings.gen.cpp Line: 51)

NPC failed to receive Stockpile response
 
(Filename: C:/buildslave/unity/build/artifacts/generated/common/runtime/DebugBindings.gen.cpp Line: 51)

NPC failed to receive Harvest response
 
(Filename: C:/buildslave/unity/build/artifacts/generated/common/runtime/DebugBindings.gen.cpp Line: 51)

NPC failed to receive Stockpile response
 
(Filename: C:/buildslave/unity/build/artifacts/generated/common/runtime/DebugBindings.gen.cpp Line: 51)

NPC failed to receive Stockpile response
 
(Filename: C:/buildslave/unity/build/artifacts/generated/common/runtime/DebugBindings.gen.cpp Line: 51)

NPC failed to receive Stockpile response
 
(Filename: C:/buildslave/unity/build/artifacts/generated/common/runtime/DebugBindings.gen.cpp Line: 51)

NPC failed to receive Stockpile response
 
(Filename: C:/buildslave/unity/build/artifacts/generated/common/runtime/DebugBindings.gen.cpp Line: 51)

NPC failed to receive Stockpile response
 
(Filename: C:/buildslave/unity/build/artifacts/generated/common/runtime/DebugBindings.gen.cpp Line: 51)

NPC failed to receive Harvest response
 
(Filename: C:/buildslave/unity/build/artifacts/generated/common/runtime/DebugBindings.gen.cpp Line: 51)

NPC failed to receive Harvest response
 
(Filename: C:/buildslave/unity/build/artifacts/generated/common/runtime/DebugBindings.gen.cpp Line: 51)

NPC failed to receive Stockpile response
 
(Filename: C:/buildslave/unity/build/artifacts/generated/common/runtime/DebugBindings.gen.cpp Line: 51)

NPC failed to receive Stockpile response
 
(Filename: C:/buildslave/unity/build/artifacts/generated/common/runtime/DebugBindings.gen.cpp Line: 51)

NPC failed to receive Stockpile response
 
(Filename: C:/buildslave/unity/build/artifacts/generated/common/runtime/DebugBindings.gen.cpp Line: 51)

NPC failed to receive Stockpile response
 
(Filename: C:/buildslave/unity/build/artifacts/generated/common/runtime/DebugBindings.gen.cpp Line: 51)

NPC failed to receive Stockpile response
 
(Filename: C:/buildslave/unity/build/artifacts/generated/common/runtime/DebugBindings.gen.cpp Line: 51)

NPC failed to receive Harvest response
 
(Filename: C:/buildslave/unity/build/artifacts/generated/common/runtime/DebugBindings.gen.cpp Line: 51)

NPC failed to receive Stockpile response
 
(Filename: C:/buildslave/unity/build/artifacts/generated/common/runtime/DebugBindings.gen.cpp Line: 51)

NPC failed to receive Stockpile response
 
(Filename: C:/buildslave/unity/build/artifacts/generated/common/runtime/DebugBindings.gen.cpp Line: 51)

NPC failed to receive Harvest response
 
(Filename: C:/buildslave/unity/build/artifacts/generated/common/runtime/DebugBindings.gen.cpp Line: 51)

NPC failed to receive Stockpile response
 
(Filename: C:/buildslave/unity/build/artifacts/generated/common/runtime/DebugBindings.gen.cpp Line: 51)

NPC failed to receive Stockpile response
 
(Filename: C:/buildslave/unity/build/artifacts/generated/common/runtime/DebugBindings.gen.cpp Line: 51)

NPC failed to receive Stockpile response
 
(Filename: C:/buildslave/unity/build/artifacts/generated/common/runtime/DebugBindings.gen.cpp Line: 51)

NPC failed to receive Stockpile response
 
(Filename: C:/buildslave/unity/build/artifacts/generated/common/runtime/DebugBindings.gen.cpp Line: 51)

NPC failed to receive Stockpile response
 
(Filename: C:/buildslave/unity/build/artifacts/generated/common/runtime/DebugBindings.gen.cpp Line: 51)

NPC failed to receive Stockpile response
 
(Filename: C:/buildslave/unity/build/artifacts/generated/common/runtime/DebugBindings.gen.cpp Line: 51)

NPC failed to receive Harvest response
 
(Filename: C:/buildslave/unity/build/artifacts/generated/common/runtime/DebugBindings.gen.cpp Line: 51)

NPC failed to receive Harvest response
 
(Filename: C:/buildslave/unity/build/artifacts/generated/common/runtime/DebugBindings.gen.cpp Line: 51)

NPC failed to receive Stockpile response
 
(Filename: C:/buildslave/unity/build/artifacts/generated/common/runtime/DebugBindings.gen.cpp Line: 51)

NPC failed to receive Stockpile response
 
(Filename: C:/buildslave/unity/build/artifacts/generated/common/runtime/DebugBindings.gen.cpp Line: 51)

NPC failed to receive Harvest response
 
(Filename: C:/buildslave/unity/build/artifacts/generated/common/runtime/DebugBindings.gen.cpp Line: 51)

NPC failed to receive Stockpile response
 
(Filename: C:/buildslave/unity/build/artifacts/generated/common/runtime/DebugBindings.gen.cpp Line: 51)

NPC failed to receive Stockpile response
 
(Filename: C:/buildslave/unity/build/artifacts/generated/common/runtime/DebugBindings.gen.cpp Line: 51)

NPC failed to receive Stockpile response
 
(Filename: C:/buildslave/unity/build/artifacts/generated/common/runtime/DebugBindings.gen.cpp Line: 51)

NPC failed to receive Harvest response
 
(Filename: C:/buildslave/unity/build/artifacts/generated/common/runtime/DebugBindings.gen.cpp Line: 51)

NPC failed to receive Stockpile response
 
(Filename: C:/buildslave/unity/build/artifacts/generated/common/runtime/DebugBindings.gen.cpp Line: 51)

NPC failed to receive Stockpile response
 
(Filename: C:/buildslave/unity/build/artifacts/generated/common/runtime/DebugBindings.gen.cpp Line: 51)

NPC failed to receive Harvest response
 
(Filename: C:/buildslave/unity/build/artifacts/generated/common/runtime/DebugBindings.gen.cpp Line: 51)

NPC failed to receive Stockpile response
 
(Filename: C:/buildslave/unity/build/artifacts/generated/common/runtime/DebugBindings.gen.cpp Line: 51)

NPC failed to receive Stockpile response
 
(Filename: C:/buildslave/unity/build/artifacts/generated/common/runtime/DebugBindings.gen.cpp Line: 51)

NPC failed to receive Stockpile response
 
(Filename: C:/buildslave/unity/build/artifacts/generated/common/runtime/DebugBindings.gen.cpp Line: 51)

NPC failed to receive Stockpile response
 
(Filename: C:/buildslave/unity/build/artifacts/generated/common/runtime/DebugBindings.gen.cpp Line: 51)

NPC failed to receive Stockpile response
 
(Filename: C:/buildslave/unity/build/artifacts/generated/common/runtime/DebugBindings.gen.cpp Line: 51)

NPC failed to receive Stockpile response
 
(Filename: C:/buildslave/unity/build/artifacts/generated/common/runtime/DebugBindings.gen.cpp Line: 51)

NPC failed to receive Harvest response
 
(Filename: C:/buildslave/unity/build/artifacts/generated/common/runtime/DebugBindings.gen.cpp Line: 51)

NPC failed to receive Harvest response
 
(Filename: C:/buildslave/unity/build/artifacts/generated/common/runtime/DebugBindings.gen.cpp Line: 51)

NPC failed to receive Stockpile response
 
(Filename: C:/buildslave/unity/build/artifacts/generated/common/runtime/DebugBindings.gen.cpp Line: 51)

NPC failed to receive Stockpile response
 
(Filename: C:/buildslave/unity/build/artifacts/generated/common/runtime/DebugBindings.gen.cpp Line: 51)

NPC failed to receive Harvest response
 
(Filename: C:/buildslave/unity/build/artifacts/generated/common/runtime/DebugBindings.gen.cpp Line: 51)

NPC failed to receive Stockpile response
 
(Filename: C:/buildslave/unity/build/artifacts/generated/common/runtime/DebugBindings.gen.cpp Line: 51)

NPC failed to receive Stockpile response
 
(Filename: C:/buildslave/unity/build/artifacts/generated/common/runtime/DebugBindings.gen.cpp Line: 51)

NPC failed to receive Stockpile response
 
(Filename: C:/buildslave/unity/build/artifacts/generated/common/runtime/DebugBindings.gen.cpp Line: 51)

NPC failed to receive Harvest response
 
(Filename: C:/buildslave/unity/build/artifacts/generated/common/runtime/DebugBindings.gen.cpp Line: 51)

NPC failed to receive Stockpile response
 
(Filename: C:/buildslave/unity/build/artifacts/generated/common/runtime/DebugBindings.gen.cpp Line: 51)

NPC failed to receive Stockpile response
 
(Filename: C:/buildslave/unity/build/artifacts/generated/common/runtime/DebugBindings.gen.cpp Line: 51)

NPC failed to receive Harvest response
 
(Filename: C:/buildslave/unity/build/artifacts/generated/common/runtime/DebugBindings.gen.cpp Line: 51)

NPC failed to receive Stockpile response
 
(Filename: C:/buildslave/unity/build/artifacts/generated/common/runtime/DebugBindings.gen.cpp Line: 51)

NPC failed to receive Stockpile response
 
(Filename: C:/buildslave/unity/build/artifacts/generated/common/runtime/DebugBindings.gen.cpp Line: 51)

NPC failed to receive Stockpile response
 
(Filename: C:/buildslave/unity/build/artifacts/generated/common/runtime/DebugBindings.gen.cpp Line: 51)

NPC failed to receive Stockpile response
 
(Filename: C:/buildslave/unity/build/artifacts/generated/common/runtime/DebugBindings.gen.cpp Line: 51)

NPC failed to receive Stockpile response
 
(Filename: C:/buildslave/unity/build/artifacts/generated/common/runtime/DebugBindings.gen.cpp Line: 51)

NPC failed to receive Stockpile response
 
(Filename: C:/buildslave/unity/build/artifacts/generated/common/runtime/DebugBindings.gen.cpp Line: 51)

